CRITICAL - 2023-01-18 03:56:52 --> syntax error, unexpected token "="
in APPPATH\Controllers\Forum.php on line 97.
 1 SYSTEMPATH\Autoloader\Autoloader.php(260): CodeIgniter\Autoloader\Autoloader->includeFile('APPPATH\\Controllers\\Forum.php')
 2 SYSTEMPATH\Autoloader\Autoloader.php(238): CodeIgniter\Autoloader\Autoloader->loadInNamespace('App\\Controllers\\Forum')
 3 [internal function]: CodeIgniter\Autoloader\Autoloader->loadClass('App\\Controllers\\Forum')
 4 SYSTEMPATH\CodeIgniter.php(875): class_exists('\\App\\Controllers\\Forum', true)
 5 SYSTEMPATH\CodeIgniter.php(467): CodeIgniter\CodeIgniter->startController()
 6 SYSTEMPATH\CodeIgniter.php(349): CodeIgniter\CodeIgniter->handleRequest(null, Object(Config\Cache), false)
 7 FCPATH\index.php(67): CodeIgniter\CodeIgniter->run()
 8 SYSTEMPATH\Commands\Server\rewrite.php(47): require_once('FCPATH\\index.php')
CRITICAL - 2023-01-18 03:56:53 --> syntax error, unexpected token "="
in APPPATH\Controllers\Forum.php on line 97.
 1 SYSTEMPATH\Autoloader\Autoloader.php(260): CodeIgniter\Autoloader\Autoloader->includeFile('APPPATH\\Controllers\\Forum.php')
 2 SYSTEMPATH\Autoloader\Autoloader.php(238): CodeIgniter\Autoloader\Autoloader->loadInNamespace('App\\Controllers\\Forum')
 3 [internal function]: CodeIgniter\Autoloader\Autoloader->loadClass('App\\Controllers\\Forum')
 4 SYSTEMPATH\CodeIgniter.php(875): class_exists('\\App\\Controllers\\Forum', true)
 5 SYSTEMPATH\CodeIgniter.php(467): CodeIgniter\CodeIgniter->startController()
 6 SYSTEMPATH\CodeIgniter.php(349): CodeIgniter\CodeIgniter->handleRequest(null, Object(Config\Cache), false)
 7 FCPATH\index.php(67): CodeIgniter\CodeIgniter->run()
 8 SYSTEMPATH\Commands\Server\rewrite.php(47): require_once('FCPATH\\index.php')
CRITICAL - 2023-01-18 03:57:12 --> syntax error, unexpected token "="
in APPPATH\Controllers\Forum.php on line 97.
 1 SYSTEMPATH\Autoloader\Autoloader.php(260): CodeIgniter\Autoloader\Autoloader->includeFile('APPPATH\\Controllers\\Forum.php')
 2 SYSTEMPATH\Autoloader\Autoloader.php(238): CodeIgniter\Autoloader\Autoloader->loadInNamespace('App\\Controllers\\Forum')
 3 [internal function]: CodeIgniter\Autoloader\Autoloader->loadClass('App\\Controllers\\Forum')
 4 SYSTEMPATH\CodeIgniter.php(875): class_exists('\\App\\Controllers\\Forum', true)
 5 SYSTEMPATH\CodeIgniter.php(467): CodeIgniter\CodeIgniter->startController()
 6 SYSTEMPATH\CodeIgniter.php(349): CodeIgniter\CodeIgniter->handleRequest(null, Object(Config\Cache), false)
 7 FCPATH\index.php(67): CodeIgniter\CodeIgniter->run()
 8 SYSTEMPATH\Commands\Server\rewrite.php(47): require_once('FCPATH\\index.php')
CRITICAL - 2023-01-18 03:57:18 --> syntax error, unexpected token "="
in APPPATH\Controllers\Forum.php on line 97.
 1 SYSTEMPATH\Autoloader\Autoloader.php(260): CodeIgniter\Autoloader\Autoloader->includeFile('APPPATH\\Controllers\\Forum.php')
 2 SYSTEMPATH\Autoloader\Autoloader.php(238): CodeIgniter\Autoloader\Autoloader->loadInNamespace('App\\Controllers\\Forum')
 3 [internal function]: CodeIgniter\Autoloader\Autoloader->loadClass('App\\Controllers\\Forum')
 4 SYSTEMPATH\CodeIgniter.php(875): class_exists('\\App\\Controllers\\Forum', true)
 5 SYSTEMPATH\CodeIgniter.php(467): CodeIgniter\CodeIgniter->startController()
 6 SYSTEMPATH\CodeIgniter.php(349): CodeIgniter\CodeIgniter->handleRequest(null, Object(Config\Cache), false)
 7 FCPATH\index.php(67): CodeIgniter\CodeIgniter->run()
 8 SYSTEMPATH\Commands\Server\rewrite.php(47): require_once('FCPATH\\index.php')
CRITICAL - 2023-01-18 04:04:17 --> Attempt to read property "Penanya" on array
in APPPATH\Views\Forum\Jawaban.php on line 10.
 1 APPPATH\Views\Forum\Jawaban.php(10): CodeIgniter\Debug\Exceptions->errorHandler(2, 'Attempt to read property "Penanya" on array', 'APPPATH\\Views\\Forum\\Jawaban.php', 10)
 2 SYSTEMPATH\View\View.php(213): include('APPPATH\\Views\\Forum\\Jawaban.php')
 3 SYSTEMPATH\View\View.php(216): CodeIgniter\View\View->CodeIgniter\View\{closure}()
 4 SYSTEMPATH\Common.php(1135): CodeIgniter\View\View->render('Forum/Jawaban', [], true)
 5 APPPATH\Controllers\Forum.php(126): view('Forum/Jawaban', [...])
 6 SYSTEMPATH\CodeIgniter.php(925): App\Controllers\Forum->jawaban('0')
 7 SYSTEMPATH\CodeIgniter.php(480): CodeIgniter\CodeIgniter->runController(Object(App\Controllers\Forum))
 8 SYSTEMPATH\CodeIgniter.php(349): CodeIgniter\CodeIgniter->handleRequest(null, Object(Config\Cache), false)
 9 FCPATH\index.php(67): CodeIgniter\CodeIgniter->run()
10 SYSTEMPATH\Commands\Server\rewrite.php(47): require_once('FCPATH\\index.php')
CRITICAL - 2023-01-18 04:04:49 --> Attempt to read property "Penanya" on array
in APPPATH\Views\Forum\Jawaban.php on line 10.
 1 APPPATH\Views\Forum\Jawaban.php(10): CodeIgniter\Debug\Exceptions->errorHandler(2, 'Attempt to read property "Penanya" on array', 'APPPATH\\Views\\Forum\\Jawaban.php', 10)
 2 SYSTEMPATH\View\View.php(213): include('APPPATH\\Views\\Forum\\Jawaban.php')
 3 SYSTEMPATH\View\View.php(216): CodeIgniter\View\View->CodeIgniter\View\{closure}()
 4 SYSTEMPATH\Common.php(1135): CodeIgniter\View\View->render('Forum/Jawaban', [], true)
 5 APPPATH\Controllers\Forum.php(126): view('Forum/Jawaban', [...])
 6 SYSTEMPATH\CodeIgniter.php(925): App\Controllers\Forum->jawaban('0')
 7 SYSTEMPATH\CodeIgniter.php(480): CodeIgniter\CodeIgniter->runController(Object(App\Controllers\Forum))
 8 SYSTEMPATH\CodeIgniter.php(349): CodeIgniter\CodeIgniter->handleRequest(null, Object(Config\Cache), false)
 9 FCPATH\index.php(67): CodeIgniter\CodeIgniter->run()
10 SYSTEMPATH\Commands\Server\rewrite.php(47): require_once('FCPATH\\index.php')
CRITICAL - 2023-01-18 04:08:01 --> Attempt to read property "Penanya" on array
in APPPATH\Views\Forum\Jawaban.php on line 10.
 1 APPPATH\Views\Forum\Jawaban.php(10): CodeIgniter\Debug\Exceptions->errorHandler(2, 'Attempt to read property "Penanya" on array', 'APPPATH\\Views\\Forum\\Jawaban.php', 10)
 2 SYSTEMPATH\View\View.php(213): include('APPPATH\\Views\\Forum\\Jawaban.php')
 3 SYSTEMPATH\View\View.php(216): CodeIgniter\View\View->CodeIgniter\View\{closure}()
 4 SYSTEMPATH\Common.php(1135): CodeIgniter\View\View->render('Forum/Jawaban', [], true)
 5 APPPATH\Controllers\Forum.php(126): view('Forum/Jawaban', [...])
 6 SYSTEMPATH\CodeIgniter.php(925): App\Controllers\Forum->jawaban('0')
 7 SYSTEMPATH\CodeIgniter.php(480): CodeIgniter\CodeIgniter->runController(Object(App\Controllers\Forum))
 8 SYSTEMPATH\CodeIgniter.php(349): CodeIgniter\CodeIgniter->handleRequest(null, Object(Config\Cache), false)
 9 FCPATH\index.php(67): CodeIgniter\CodeIgniter->run()
10 SYSTEMPATH\Commands\Server\rewrite.php(47): require_once('FCPATH\\index.php')
CRITICAL - 2023-01-18 04:14:17 --> Attempt to read property "Penanya" on array
in APPPATH\Views\Forum\Jawaban.php on line 10.
 1 APPPATH\Views\Forum\Jawaban.php(10): CodeIgniter\Debug\Exceptions->errorHandler(2, 'Attempt to read property "Penanya" on array', 'APPPATH\\Views\\Forum\\Jawaban.php', 10)
 2 SYSTEMPATH\View\View.php(213): include('APPPATH\\Views\\Forum\\Jawaban.php')
 3 SYSTEMPATH\View\View.php(216): CodeIgniter\View\View->CodeIgniter\View\{closure}()
 4 SYSTEMPATH\Common.php(1135): CodeIgniter\View\View->render('Forum/Jawaban', [], true)
 5 APPPATH\Controllers\Forum.php(126): view('Forum/Jawaban', [...])
 6 SYSTEMPATH\CodeIgniter.php(925): App\Controllers\Forum->jawaban('0')
 7 SYSTEMPATH\CodeIgniter.php(480): CodeIgniter\CodeIgniter->runController(Object(App\Controllers\Forum))
 8 SYSTEMPATH\CodeIgniter.php(349): CodeIgniter\CodeIgniter->handleRequest(null, Object(Config\Cache), false)
 9 FCPATH\index.php(67): CodeIgniter\CodeIgniter->run()
10 SYSTEMPATH\Commands\Server\rewrite.php(47): require_once('FCPATH\\index.php')
CRITICAL - 2023-01-18 04:14:23 --> Attempt to read property "Penanya" on array
in APPPATH\Views\Forum\Jawaban.php on line 10.
 1 APPPATH\Views\Forum\Jawaban.php(10): CodeIgniter\Debug\Exceptions->errorHandler(2, 'Attempt to read property "Penanya" on array', 'APPPATH\\Views\\Forum\\Jawaban.php', 10)
 2 SYSTEMPATH\View\View.php(213): include('APPPATH\\Views\\Forum\\Jawaban.php')
 3 SYSTEMPATH\View\View.php(216): CodeIgniter\View\View->CodeIgniter\View\{closure}()
 4 SYSTEMPATH\Common.php(1135): CodeIgniter\View\View->render('Forum/Jawaban', [], true)
 5 APPPATH\Controllers\Forum.php(126): view('Forum/Jawaban', [...])
 6 SYSTEMPATH\CodeIgniter.php(925): App\Controllers\Forum->jawaban('0')
 7 SYSTEMPATH\CodeIgniter.php(480): CodeIgniter\CodeIgniter->runController(Object(App\Controllers\Forum))
 8 SYSTEMPATH\CodeIgniter.php(349): CodeIgniter\CodeIgniter->handleRequest(null, Object(Config\Cache), false)
 9 FCPATH\index.php(67): CodeIgniter\CodeIgniter->run()
10 SYSTEMPATH\Commands\Server\rewrite.php(47): require_once('FCPATH\\index.php')
CRITICAL - 2023-01-18 04:14:28 --> Attempt to read property "Penanya" on array
in APPPATH\Views\Forum\Jawaban.php on line 10.
 1 APPPATH\Views\Forum\Jawaban.php(10): CodeIgniter\Debug\Exceptions->errorHandler(2, 'Attempt to read property "Penanya" on array', 'APPPATH\\Views\\Forum\\Jawaban.php', 10)
 2 SYSTEMPATH\View\View.php(213): include('APPPATH\\Views\\Forum\\Jawaban.php')
 3 SYSTEMPATH\View\View.php(216): CodeIgniter\View\View->CodeIgniter\View\{closure}()
 4 SYSTEMPATH\Common.php(1135): CodeIgniter\View\View->render('Forum/Jawaban', [], true)
 5 APPPATH\Controllers\Forum.php(126): view('Forum/Jawaban', [...])
 6 SYSTEMPATH\CodeIgniter.php(925): App\Controllers\Forum->jawaban('0')
 7 SYSTEMPATH\CodeIgniter.php(480): CodeIgniter\CodeIgniter->runController(Object(App\Controllers\Forum))
 8 SYSTEMPATH\CodeIgniter.php(349): CodeIgniter\CodeIgniter->handleRequest(null, Object(Config\Cache), false)
 9 FCPATH\index.php(67): CodeIgniter\CodeIgniter->run()
10 SYSTEMPATH\Commands\Server\rewrite.php(47): require_once('FCPATH\\index.php')
CRITICAL - 2023-01-18 04:15:19 --> Attempt to read property "Penanya" on array
in APPPATH\Views\Forum\Jawaban.php on line 10.
 1 APPPATH\Views\Forum\Jawaban.php(10): CodeIgniter\Debug\Exceptions->errorHandler(2, 'Attempt to read property "Penanya" on array', 'APPPATH\\Views\\Forum\\Jawaban.php', 10)
 2 SYSTEMPATH\View\View.php(213): include('APPPATH\\Views\\Forum\\Jawaban.php')
 3 SYSTEMPATH\View\View.php(216): CodeIgniter\View\View->CodeIgniter\View\{closure}()
 4 SYSTEMPATH\Common.php(1135): CodeIgniter\View\View->render('Forum/Jawaban', [], true)
 5 APPPATH\Controllers\Forum.php(126): view('Forum/Jawaban', [...])
 6 SYSTEMPATH\CodeIgniter.php(925): App\Controllers\Forum->jawaban('0')
 7 SYSTEMPATH\CodeIgniter.php(480): CodeIgniter\CodeIgniter->runController(Object(App\Controllers\Forum))
 8 SYSTEMPATH\CodeIgniter.php(349): CodeIgniter\CodeIgniter->handleRequest(null, Object(Config\Cache), false)
 9 FCPATH\index.php(67): CodeIgniter\CodeIgniter->run()
10 SYSTEMPATH\Commands\Server\rewrite.php(47): require_once('FCPATH\\index.php')
CRITICAL - 2023-01-18 04:15:59 --> Attempt to read property "Penanya" on array
in APPPATH\Views\Forum\Jawaban.php on line 10.
 1 APPPATH\Views\Forum\Jawaban.php(10): CodeIgniter\Debug\Exceptions->errorHandler(2, 'Attempt to read property "Penanya" on array', 'APPPATH\\Views\\Forum\\Jawaban.php', 10)
 2 SYSTEMPATH\View\View.php(213): include('APPPATH\\Views\\Forum\\Jawaban.php')
 3 SYSTEMPATH\View\View.php(216): CodeIgniter\View\View->CodeIgniter\View\{closure}()
 4 SYSTEMPATH\Common.php(1135): CodeIgniter\View\View->render('Forum/Jawaban', [], true)
 5 APPPATH\Controllers\Forum.php(126): view('Forum/Jawaban', [...])
 6 SYSTEMPATH\CodeIgniter.php(925): App\Controllers\Forum->jawaban('0')
 7 SYSTEMPATH\CodeIgniter.php(480): CodeIgniter\CodeIgniter->runController(Object(App\Controllers\Forum))
 8 SYSTEMPATH\CodeIgniter.php(349): CodeIgniter\CodeIgniter->handleRequest(null, Object(Config\Cache), false)
 9 FCPATH\index.php(67): CodeIgniter\CodeIgniter->run()
10 SYSTEMPATH\Commands\Server\rewrite.php(47): require_once('FCPATH\\index.php')
CRITICAL - 2023-01-18 04:16:54 --> Attempt to read property "Penanya" on array
in APPPATH\Views\Forum\Jawaban.php on line 10.
 1 APPPATH\Views\Forum\Jawaban.php(10): CodeIgniter\Debug\Exceptions->errorHandler(2, 'Attempt to read property "Penanya" on array', 'APPPATH\\Views\\Forum\\Jawaban.php', 10)
 2 SYSTEMPATH\View\View.php(213): include('APPPATH\\Views\\Forum\\Jawaban.php')
 3 SYSTEMPATH\View\View.php(216): CodeIgniter\View\View->CodeIgniter\View\{closure}()
 4 SYSTEMPATH\Common.php(1135): CodeIgniter\View\View->render('Forum/Jawaban', [], true)
 5 APPPATH\Controllers\Forum.php(126): view('Forum/Jawaban', [...])
 6 SYSTEMPATH\CodeIgniter.php(925): App\Controllers\Forum->jawaban('0')
 7 SYSTEMPATH\CodeIgniter.php(480): CodeIgniter\CodeIgniter->runController(Object(App\Controllers\Forum))
 8 SYSTEMPATH\CodeIgniter.php(349): CodeIgniter\CodeIgniter->handleRequest(null, Object(Config\Cache), false)
 9 FCPATH\index.php(67): CodeIgniter\CodeIgniter->run()
10 SYSTEMPATH\Commands\Server\rewrite.php(47): require_once('FCPATH\\index.php')
CRITICAL - 2023-01-18 04:22:50 --> Attempt to read property "Tanggal" on array
in APPPATH\Views\Forum\Jawaban.php on line 20.
 1 APPPATH\Views\Forum\Jawaban.php(20): CodeIgniter\Debug\Exceptions->errorHandler(2, 'Attempt to read property "Tanggal" on array', 'APPPATH\\Views\\Forum\\Jawaban.php', 20)
 2 SYSTEMPATH\View\View.php(213): include('APPPATH\\Views\\Forum\\Jawaban.php')
 3 SYSTEMPATH\View\View.php(216): CodeIgniter\View\View->CodeIgniter\View\{closure}()
 4 SYSTEMPATH\Common.php(1135): CodeIgniter\View\View->render('Forum/Jawaban', [], true)
 5 APPPATH\Controllers\Forum.php(126): view('Forum/Jawaban', [...])
 6 SYSTEMPATH\CodeIgniter.php(925): App\Controllers\Forum->jawaban('0')
 7 SYSTEMPATH\CodeIgniter.php(480): CodeIgniter\CodeIgniter->runController(Object(App\Controllers\Forum))
 8 SYSTEMPATH\CodeIgniter.php(349): CodeIgniter\CodeIgniter->handleRequest(null, Object(Config\Cache), false)
 9 FCPATH\index.php(67): CodeIgniter\CodeIgniter->run()
10 SYSTEMPATH\Commands\Server\rewrite.php(47): require_once('FCPATH\\index.php')
CRITICAL - 2023-01-18 04:24:23 --> Undefined variable $akhir
in APPPATH\Views\Forum\Jawaban.php on line 185.
 1 APPPATH\Views\Forum\Jawaban.php(185): CodeIgniter\Debug\Exceptions->errorHandler(2, 'Undefined variable $akhir', 'APPPATH\\Views\\Forum\\Jawaban.php', 185)
 2 SYSTEMPATH\View\View.php(213): include('APPPATH\\Views\\Forum\\Jawaban.php')
 3 SYSTEMPATH\View\View.php(216): CodeIgniter\View\View->CodeIgniter\View\{closure}()
 4 SYSTEMPATH\Common.php(1135): CodeIgniter\View\View->render('Forum/Jawaban', [], true)
 5 APPPATH\Controllers\Forum.php(126): view('Forum/Jawaban', [...])
 6 SYSTEMPATH\CodeIgniter.php(925): App\Controllers\Forum->jawaban('0')
 7 SYSTEMPATH\CodeIgniter.php(480): CodeIgniter\CodeIgniter->runController(Object(App\Controllers\Forum))
 8 SYSTEMPATH\CodeIgniter.php(349): CodeIgniter\CodeIgniter->handleRequest(null, Object(Config\Cache), false)
 9 FCPATH\index.php(67): CodeIgniter\CodeIgniter->run()
10 SYSTEMPATH\Commands\Server\rewrite.php(47): require_once('FCPATH\\index.php')
CRITICAL - 2023-01-18 04:26:56 --> Undefined variable $akhir
in APPPATH\Views\Forum\Jawaban.php on line 118.
 1 APPPATH\Views\Forum\Jawaban.php(118): CodeIgniter\Debug\Exceptions->errorHandler(2, 'Undefined variable $akhir', 'APPPATH\\Views\\Forum\\Jawaban.php', 118)
 2 SYSTEMPATH\View\View.php(213): include('APPPATH\\Views\\Forum\\Jawaban.php')
 3 SYSTEMPATH\View\View.php(216): CodeIgniter\View\View->CodeIgniter\View\{closure}()
 4 SYSTEMPATH\Common.php(1135): CodeIgniter\View\View->render('Forum/Jawaban', [], true)
 5 APPPATH\Controllers\Forum.php(126): view('Forum/Jawaban', [...])
 6 SYSTEMPATH\CodeIgniter.php(925): App\Controllers\Forum->jawaban('0')
 7 SYSTEMPATH\CodeIgniter.php(480): CodeIgniter\CodeIgniter->runController(Object(App\Controllers\Forum))
 8 SYSTEMPATH\CodeIgniter.php(349): CodeIgniter\CodeIgniter->handleRequest(null, Object(Config\Cache), false)
 9 FCPATH\index.php(67): CodeIgniter\CodeIgniter->run()
10 SYSTEMPATH\Commands\Server\rewrite.php(47): require_once('FCPATH\\index.php')
CRITICAL - 2023-01-18 04:28:33 --> Undefined variable $akhir
in APPPATH\Views\Forum\Jawaban.php on line 155.
 1 APPPATH\Views\Forum\Jawaban.php(155): CodeIgniter\Debug\Exceptions->errorHandler(2, 'Undefined variable $akhir', 'APPPATH\\Views\\Forum\\Jawaban.php', 155)
 2 SYSTEMPATH\View\View.php(213): include('APPPATH\\Views\\Forum\\Jawaban.php')
 3 SYSTEMPATH\View\View.php(216): CodeIgniter\View\View->CodeIgniter\View\{closure}()
 4 SYSTEMPATH\Common.php(1135): CodeIgniter\View\View->render('Forum/Jawaban', [], true)
 5 APPPATH\Controllers\Forum.php(126): view('Forum/Jawaban', [...])
 6 SYSTEMPATH\CodeIgniter.php(925): App\Controllers\Forum->jawaban('0')
 7 SYSTEMPATH\CodeIgniter.php(480): CodeIgniter\CodeIgniter->runController(Object(App\Controllers\Forum))
 8 SYSTEMPATH\CodeIgniter.php(349): CodeIgniter\CodeIgniter->handleRequest(null, Object(Config\Cache), false)
 9 FCPATH\index.php(67): CodeIgniter\CodeIgniter->run()
10 SYSTEMPATH\Commands\Server\rewrite.php(47): require_once('FCPATH\\index.php')
CRITICAL - 2023-01-18 04:30:50 --> Undefined variable $akhir
in APPPATH\Views\Forum\Jawaban.php on line 185.
 1 APPPATH\Views\Forum\Jawaban.php(185): CodeIgniter\Debug\Exceptions->errorHandler(2, 'Undefined variable $akhir', 'APPPATH\\Views\\Forum\\Jawaban.php', 185)
 2 SYSTEMPATH\View\View.php(213): include('APPPATH\\Views\\Forum\\Jawaban.php')
 3 SYSTEMPATH\View\View.php(216): CodeIgniter\View\View->CodeIgniter\View\{closure}()
 4 SYSTEMPATH\Common.php(1135): CodeIgniter\View\View->render('Forum/Jawaban', [], true)
 5 APPPATH\Controllers\Forum.php(126): view('Forum/Jawaban', [...])
 6 SYSTEMPATH\CodeIgniter.php(925): App\Controllers\Forum->jawaban('0')
 7 SYSTEMPATH\CodeIgniter.php(480): CodeIgniter\CodeIgniter->runController(Object(App\Controllers\Forum))
 8 SYSTEMPATH\CodeIgniter.php(349): CodeIgniter\CodeIgniter->handleRequest(null, Object(Config\Cache), false)
 9 FCPATH\index.php(67): CodeIgniter\CodeIgniter->run()
10 SYSTEMPATH\Commands\Server\rewrite.php(47): require_once('FCPATH\\index.php')
CRITICAL - 2023-01-18 04:32:12 --> Undefined variable $nhalaman
in APPPATH\Views\Forum\Jawaban.php on line 184.
 1 APPPATH\Views\Forum\Jawaban.php(184): CodeIgniter\Debug\Exceptions->errorHandler(2, 'Undefined variable $nhalaman', 'APPPATH\\Views\\Forum\\Jawaban.php', 184)
 2 SYSTEMPATH\View\View.php(213): include('APPPATH\\Views\\Forum\\Jawaban.php')
 3 SYSTEMPATH\View\View.php(216): CodeIgniter\View\View->CodeIgniter\View\{closure}()
 4 SYSTEMPATH\Common.php(1135): CodeIgniter\View\View->render('Forum/Jawaban', [], true)
 5 APPPATH\Controllers\Forum.php(126): view('Forum/Jawaban', [...])
 6 SYSTEMPATH\CodeIgniter.php(925): App\Controllers\Forum->jawaban('0')
 7 SYSTEMPATH\CodeIgniter.php(480): CodeIgniter\CodeIgniter->runController(Object(App\Controllers\Forum))
 8 SYSTEMPATH\CodeIgniter.php(349): CodeIgniter\CodeIgniter->handleRequest(null, Object(Config\Cache), false)
 9 FCPATH\index.php(67): CodeIgniter\CodeIgniter->run()
10 SYSTEMPATH\Commands\Server\rewrite.php(47): require_once('FCPATH\\index.php')
CRITICAL - 2023-01-18 04:56:17 --> Call to undefined function App\Controllers\ech0()
in APPPATH\Controllers\Forum.php on line 89.
 1 SYSTEMPATH\CodeIgniter.php(925): App\Controllers\Forum->jawaban('0')
 2 SYSTEMPATH\CodeIgniter.php(480): CodeIgniter\CodeIgniter->runController(Object(App\Controllers\Forum))
 3 SYSTEMPATH\CodeIgniter.php(349): CodeIgniter\CodeIgniter->handleRequest(null, Object(Config\Cache), false)
 4 FCPATH\index.php(67): CodeIgniter\CodeIgniter->run()
 5 SYSTEMPATH\Commands\Server\rewrite.php(47): require_once('FCPATH\\index.php')
CRITICAL - 2023-01-18 04:59:38 --> Undefined variable $jawaban
in APPPATH\Controllers\Forum.php on line 72.
 1 APPPATH\Controllers\Forum.php(72): CodeIgniter\Debug\Exceptions->errorHandler(2, 'Undefined variable $jawaban', 'APPPATH\\Controllers\\Forum.php', 72)
 2 SYSTEMPATH\CodeIgniter.php(925): App\Controllers\Forum->jawaban('0')
 3 SYSTEMPATH\CodeIgniter.php(480): CodeIgniter\CodeIgniter->runController(Object(App\Controllers\Forum))
 4 SYSTEMPATH\CodeIgniter.php(349): CodeIgniter\CodeIgniter->handleRequest(null, Object(Config\Cache), false)
 5 FCPATH\index.php(67): CodeIgniter\CodeIgniter->run()
 6 SYSTEMPATH\Commands\Server\rewrite.php(47): require_once('FCPATH\\index.php')
CRITICAL - 2023-01-18 04:59:48 --> syntax error, unexpected token ";"
in APPPATH\Controllers\Forum.php on line 73.
 1 SYSTEMPATH\Autoloader\Autoloader.php(260): CodeIgniter\Autoloader\Autoloader->includeFile('APPPATH\\Controllers\\Forum.php')
 2 SYSTEMPATH\Autoloader\Autoloader.php(238): CodeIgniter\Autoloader\Autoloader->loadInNamespace('App\\Controllers\\Forum')
 3 [internal function]: CodeIgniter\Autoloader\Autoloader->loadClass('App\\Controllers\\Forum')
 4 SYSTEMPATH\CodeIgniter.php(875): class_exists('\\App\\Controllers\\Forum', true)
 5 SYSTEMPATH\CodeIgniter.php(467): CodeIgniter\CodeIgniter->startController()
 6 SYSTEMPATH\CodeIgniter.php(349): CodeIgniter\CodeIgniter->handleRequest(null, Object(Config\Cache), false)
 7 FCPATH\index.php(67): CodeIgniter\CodeIgniter->run()
 8 SYSTEMPATH\Commands\Server\rewrite.php(47): require_once('FCPATH\\index.php')
CRITICAL - 2023-01-18 05:00:05 --> syntax error, unexpected token ";"
in APPPATH\Controllers\Forum.php on line 72.
 1 SYSTEMPATH\Autoloader\Autoloader.php(260): CodeIgniter\Autoloader\Autoloader->includeFile('APPPATH\\Controllers\\Forum.php')
 2 SYSTEMPATH\Autoloader\Autoloader.php(238): CodeIgniter\Autoloader\Autoloader->loadInNamespace('App\\Controllers\\Forum')
 3 [internal function]: CodeIgniter\Autoloader\Autoloader->loadClass('App\\Controllers\\Forum')
 4 SYSTEMPATH\CodeIgniter.php(875): class_exists('\\App\\Controllers\\Forum', true)
 5 SYSTEMPATH\CodeIgniter.php(467): CodeIgniter\CodeIgniter->startController()
 6 SYSTEMPATH\CodeIgniter.php(349): CodeIgniter\CodeIgniter->handleRequest(null, Object(Config\Cache), false)
 7 FCPATH\index.php(67): CodeIgniter\CodeIgniter->run()
 8 SYSTEMPATH\Commands\Server\rewrite.php(47): require_once('FCPATH\\index.php')
CRITICAL - 2023-01-18 05:00:16 --> Undefined variable $jawaban
in APPPATH\Controllers\Forum.php on line 72.
 1 APPPATH\Controllers\Forum.php(72): CodeIgniter\Debug\Exceptions->errorHandler(2, 'Undefined variable $jawaban', 'APPPATH\\Controllers\\Forum.php', 72)
 2 SYSTEMPATH\CodeIgniter.php(925): App\Controllers\Forum->jawaban('0')
 3 SYSTEMPATH\CodeIgniter.php(480): CodeIgniter\CodeIgniter->runController(Object(App\Controllers\Forum))
 4 SYSTEMPATH\CodeIgniter.php(349): CodeIgniter\CodeIgniter->handleRequest(null, Object(Config\Cache), false)
 5 FCPATH\index.php(67): CodeIgniter\CodeIgniter->run()
 6 SYSTEMPATH\Commands\Server\rewrite.php(47): require_once('FCPATH\\index.php')
