CRITICAL - 2023-05-09 09:22:17 --> The framework needs the following extension(s) installed and loaded: intl.
in SYSTEMPATH\CodeIgniter.php on line 222.
 1 SYSTEMPATH\CodeIgniter.php(222): CodeIgniter\Exceptions\FrameworkException::forMissingExtension('intl')
 2 SYSTEMPATH\CodeIgniter.php(182): CodeIgniter\CodeIgniter->resolvePlatformExtensions()
 3 ROOTPATH\spark(83): CodeIgniter\CodeIgniter->initialize()
ERROR - 2023-05-09 02:23:33 --> mysqli_sql_exception: Table 'db_apotek.jenis_obat' doesn't exist in C:\Belajar\CI_API\ci4\system\Database\MySQLi\Connection.php:292
Stack trace:
#0 C:\Belajar\CI_API\ci4\system\Database\MySQLi\Connection.php(292): mysqli->query('SELECT COUNT(`N...', 0)
#1 C:\Belajar\CI_API\ci4\system\Database\BaseConnection.php(666): CodeIgniter\Database\MySQLi\Connection->execute('SELECT COUNT(`N...')
#2 C:\Belajar\CI_API\ci4\system\Database\BaseConnection.php(593): CodeIgniter\Database\BaseConnection->simpleQuery('SELECT COUNT(`N...')
#3 C:\Belajar\CI_API\ci4\system\Database\BaseBuilder.php(1585): CodeIgniter\Database\BaseConnection->query('SELECT COUNT(`N...', Array, false)
#4 C:\Belajar\CI_API\ci4\app\Controllers\Jenis.php(25): CodeIgniter\Database\BaseBuilder->get()
#5 C:\Belajar\CI_API\ci4\system\CodeIgniter.php(925): App\Controllers\Jenis->index()
#6 C:\Belajar\CI_API\ci4\system\CodeIgniter.php(480): CodeIgniter\CodeIgniter->runController(Object(App\Controllers\Jenis))
#7 C:\Belajar\CI_API\ci4\system\CodeIgniter.php(349): CodeIgniter\CodeIgniter->handleRequest(NULL, Object(Config\Cache), false)
#8 C:\Belajar\CI_API\ci4\public\index.php(67): CodeIgniter\CodeIgniter->run()
#9 C:\Belajar\CI_API\ci4\system\Commands\Server\rewrite.php(47): require_once('C:\\Belajar\\CI_A...')
#10 {main}
CRITICAL - 2023-05-09 02:23:33 --> Table 'db_apotek.jenis_obat' doesn't exist
in SYSTEMPATH\Database\MySQLi\Connection.php on line 292.
 1 SYSTEMPATH\Database\MySQLi\Connection.php(292): mysqli->query('SELECT COUNT(`Nama`) AS `jdata`
FROM `jenis_obat`
WHERE `Nama` LIKE \'%%\' ESCAPE \'!\'
ORDER BY `id` DESC', 0)
 2 SYSTEMPATH\Database\BaseConnection.php(666): CodeIgniter\Database\MySQLi\Connection->execute('SELECT COUNT(`Nama`) AS `jdata`
FROM `jenis_obat`
WHERE `Nama` LIKE \'%%\' ESCAPE \'!\'
ORDER BY `id` DESC')
 3 SYSTEMPATH\Database\BaseConnection.php(593): CodeIgniter\Database\BaseConnection->simpleQuery('SELECT COUNT(`Nama`) AS `jdata`
FROM `jenis_obat`
WHERE `Nama` LIKE \'%%\' ESCAPE \'!\'
ORDER BY `id` DESC')
 4 SYSTEMPATH\Database\BaseBuilder.php(1585): CodeIgniter\Database\BaseConnection->query('SELECT COUNT(`Nama`) AS `jdata`
FROM `jenis_obat`
WHERE `Nama` LIKE :Nama: ESCAPE \'!\'
ORDER BY `id` DESC', [...], false)
 5 APPPATH\Controllers\Jenis.php(25): CodeIgniter\Database\BaseBuilder->get()
 6 SYSTEMPATH\CodeIgniter.php(925): App\Controllers\Jenis->index()
 7 SYSTEMPATH\CodeIgniter.php(480): CodeIgniter\CodeIgniter->runController(Object(App\Controllers\Jenis))
 8 SYSTEMPATH\CodeIgniter.php(349): CodeIgniter\CodeIgniter->handleRequest(null, Object(Config\Cache), false)
 9 FCPATH\index.php(67): CodeIgniter\CodeIgniter->run()
10 SYSTEMPATH\Commands\Server\rewrite.php(47): require_once('FCPATH\\index.php')
ERROR - 2023-05-09 02:25:49 --> mysqli_sql_exception: Table 'db_apotek.jenis_obat' doesn't exist in C:\Belajar\CI_API\ci4\system\Database\MySQLi\Connection.php:292
Stack trace:
#0 C:\Belajar\CI_API\ci4\system\Database\MySQLi\Connection.php(292): mysqli->query('SELECT COUNT(`N...', 0)
#1 C:\Belajar\CI_API\ci4\system\Database\BaseConnection.php(666): CodeIgniter\Database\MySQLi\Connection->execute('SELECT COUNT(`N...')
#2 C:\Belajar\CI_API\ci4\system\Database\BaseConnection.php(593): CodeIgniter\Database\BaseConnection->simpleQuery('SELECT COUNT(`N...')
#3 C:\Belajar\CI_API\ci4\system\Database\BaseBuilder.php(1585): CodeIgniter\Database\BaseConnection->query('SELECT COUNT(`N...', Array, false)
#4 C:\Belajar\CI_API\ci4\app\Controllers\Jenis.php(25): CodeIgniter\Database\BaseBuilder->get()
#5 C:\Belajar\CI_API\ci4\system\CodeIgniter.php(925): App\Controllers\Jenis->index()
#6 C:\Belajar\CI_API\ci4\system\CodeIgniter.php(480): CodeIgniter\CodeIgniter->runController(Object(App\Controllers\Jenis))
#7 C:\Belajar\CI_API\ci4\system\CodeIgniter.php(349): CodeIgniter\CodeIgniter->handleRequest(NULL, Object(Config\Cache), false)
#8 C:\Belajar\CI_API\ci4\public\index.php(67): CodeIgniter\CodeIgniter->run()
#9 C:\Belajar\CI_API\ci4\system\Commands\Server\rewrite.php(47): require_once('C:\\Belajar\\CI_A...')
#10 {main}
CRITICAL - 2023-05-09 02:25:49 --> Table 'db_apotek.jenis_obat' doesn't exist
in SYSTEMPATH\Database\MySQLi\Connection.php on line 292.
 1 SYSTEMPATH\Database\MySQLi\Connection.php(292): mysqli->query('SELECT COUNT(`Nama`) AS `jdata`
FROM `jenis_obat`
WHERE `Nama` LIKE \'%%\' ESCAPE \'!\'
ORDER BY `id` DESC', 0)
 2 SYSTEMPATH\Database\BaseConnection.php(666): CodeIgniter\Database\MySQLi\Connection->execute('SELECT COUNT(`Nama`) AS `jdata`
FROM `jenis_obat`
WHERE `Nama` LIKE \'%%\' ESCAPE \'!\'
ORDER BY `id` DESC')
 3 SYSTEMPATH\Database\BaseConnection.php(593): CodeIgniter\Database\BaseConnection->simpleQuery('SELECT COUNT(`Nama`) AS `jdata`
FROM `jenis_obat`
WHERE `Nama` LIKE \'%%\' ESCAPE \'!\'
ORDER BY `id` DESC')
 4 SYSTEMPATH\Database\BaseBuilder.php(1585): CodeIgniter\Database\BaseConnection->query('SELECT COUNT(`Nama`) AS `jdata`
FROM `jenis_obat`
WHERE `Nama` LIKE :Nama: ESCAPE \'!\'
ORDER BY `id` DESC', [...], false)
 5 APPPATH\Controllers\Jenis.php(25): CodeIgniter\Database\BaseBuilder->get()
 6 SYSTEMPATH\CodeIgniter.php(925): App\Controllers\Jenis->index()
 7 SYSTEMPATH\CodeIgniter.php(480): CodeIgniter\CodeIgniter->runController(Object(App\Controllers\Jenis))
 8 SYSTEMPATH\CodeIgniter.php(349): CodeIgniter\CodeIgniter->handleRequest(null, Object(Config\Cache), false)
 9 FCPATH\index.php(67): CodeIgniter\CodeIgniter->run()
10 SYSTEMPATH\Commands\Server\rewrite.php(47): require_once('FCPATH\\index.php')
ERROR - 2023-05-09 02:26:41 --> mysqli_sql_exception: Table 'db_apotek.user' doesn't exist in C:\Belajar\CI_API\ci4\system\Database\MySQLi\Connection.php:292
Stack trace:
#0 C:\Belajar\CI_API\ci4\system\Database\MySQLi\Connection.php(292): mysqli->query('SELECT COUNT(`N...', 0)
#1 C:\Belajar\CI_API\ci4\system\Database\BaseConnection.php(666): CodeIgniter\Database\MySQLi\Connection->execute('SELECT COUNT(`N...')
#2 C:\Belajar\CI_API\ci4\system\Database\BaseConnection.php(593): CodeIgniter\Database\BaseConnection->simpleQuery('SELECT COUNT(`N...')
#3 C:\Belajar\CI_API\ci4\system\Database\BaseBuilder.php(1585): CodeIgniter\Database\BaseConnection->query('SELECT COUNT(`N...', Array, false)
#4 C:\Belajar\CI_API\ci4\app\Controllers\Pengguna.php(25): CodeIgniter\Database\BaseBuilder->get()
#5 C:\Belajar\CI_API\ci4\system\CodeIgniter.php(925): App\Controllers\Pengguna->index()
#6 C:\Belajar\CI_API\ci4\system\CodeIgniter.php(480): CodeIgniter\CodeIgniter->runController(Object(App\Controllers\Pengguna))
#7 C:\Belajar\CI_API\ci4\system\CodeIgniter.php(349): CodeIgniter\CodeIgniter->handleRequest(NULL, Object(Config\Cache), false)
#8 C:\Belajar\CI_API\ci4\public\index.php(67): CodeIgniter\CodeIgniter->run()
#9 C:\Belajar\CI_API\ci4\system\Commands\Server\rewrite.php(47): require_once('C:\\Belajar\\CI_A...')
#10 {main}
CRITICAL - 2023-05-09 02:26:41 --> Table 'db_apotek.user' doesn't exist
in SYSTEMPATH\Database\MySQLi\Connection.php on line 292.
 1 SYSTEMPATH\Database\MySQLi\Connection.php(292): mysqli->query('SELECT COUNT(`Nama`) AS `jdata`
FROM `user`
WHERE `Nama` LIKE \'%%\' ESCAPE \'!\'
ORDER BY `id` DESC', 0)
 2 SYSTEMPATH\Database\BaseConnection.php(666): CodeIgniter\Database\MySQLi\Connection->execute('SELECT COUNT(`Nama`) AS `jdata`
FROM `user`
WHERE `Nama` LIKE \'%%\' ESCAPE \'!\'
ORDER BY `id` DESC')
 3 SYSTEMPATH\Database\BaseConnection.php(593): CodeIgniter\Database\BaseConnection->simpleQuery('SELECT COUNT(`Nama`) AS `jdata`
FROM `user`
WHERE `Nama` LIKE \'%%\' ESCAPE \'!\'
ORDER BY `id` DESC')
 4 SYSTEMPATH\Database\BaseBuilder.php(1585): CodeIgniter\Database\BaseConnection->query('SELECT COUNT(`Nama`) AS `jdata`
FROM `user`
WHERE `Nama` LIKE :Nama: ESCAPE \'!\'
ORDER BY `id` DESC', [...], false)
 5 APPPATH\Controllers\Pengguna.php(25): CodeIgniter\Database\BaseBuilder->get()
 6 SYSTEMPATH\CodeIgniter.php(925): App\Controllers\Pengguna->index()
 7 SYSTEMPATH\CodeIgniter.php(480): CodeIgniter\CodeIgniter->runController(Object(App\Controllers\Pengguna))
 8 SYSTEMPATH\CodeIgniter.php(349): CodeIgniter\CodeIgniter->handleRequest(null, Object(Config\Cache), false)
 9 FCPATH\index.php(67): CodeIgniter\CodeIgniter->run()
10 SYSTEMPATH\Commands\Server\rewrite.php(47): require_once('FCPATH\\index.php')
CRITICAL - 2023-05-09 22:20:06 --> Undefined property: stdClass::$Id_Transaksi
in APPPATH\Controllers\Pembelian.php on line 69.
 1 APPPATH\Controllers\Pembelian.php(69): CodeIgniter\Debug\Exceptions->errorHandler(2, 'Undefined property: stdClass::$Id_Transaksi', 'APPPATH\\Controllers\\Pembelian.php', 69)
 2 SYSTEMPATH\CodeIgniter.php(925): App\Controllers\Pembelian->create()
 3 SYSTEMPATH\CodeIgniter.php(480): CodeIgniter\CodeIgniter->runController(Object(App\Controllers\Pembelian))
 4 SYSTEMPATH\CodeIgniter.php(349): CodeIgniter\CodeIgniter->handleRequest(null, Object(Config\Cache), false)
 5 FCPATH\index.php(67): CodeIgniter\CodeIgniter->run()
 6 SYSTEMPATH\Commands\Server\rewrite.php(47): require_once('FCPATH\\index.php')
CRITICAL - 2023-05-09 22:20:50 --> Undefined property: stdClass::$Id_Transaksi
in APPPATH\Controllers\Pembelian.php on line 69.
 1 APPPATH\Controllers\Pembelian.php(69): CodeIgniter\Debug\Exceptions->errorHandler(2, 'Undefined property: stdClass::$Id_Transaksi', 'APPPATH\\Controllers\\Pembelian.php', 69)
 2 SYSTEMPATH\CodeIgniter.php(925): App\Controllers\Pembelian->create()
 3 SYSTEMPATH\CodeIgniter.php(480): CodeIgniter\CodeIgniter->runController(Object(App\Controllers\Pembelian))
 4 SYSTEMPATH\CodeIgniter.php(349): CodeIgniter\CodeIgniter->handleRequest(null, Object(Config\Cache), false)
 5 FCPATH\index.php(67): CodeIgniter\CodeIgniter->run()
 6 SYSTEMPATH\Commands\Server\rewrite.php(47): require_once('FCPATH\\index.php')
CRITICAL - 2023-05-09 22:23:46 --> Undefined property: stdClass::$Pelanggan
in APPPATH\Controllers\Pembelian.php on line 70.
 1 APPPATH\Controllers\Pembelian.php(70): CodeIgniter\Debug\Exceptions->errorHandler(2, 'Undefined property: stdClass::$Pelanggan', 'APPPATH\\Controllers\\Pembelian.php', 70)
 2 SYSTEMPATH\CodeIgniter.php(925): App\Controllers\Pembelian->create()
 3 SYSTEMPATH\CodeIgniter.php(480): CodeIgniter\CodeIgniter->runController(Object(App\Controllers\Pembelian))
 4 SYSTEMPATH\CodeIgniter.php(349): CodeIgniter\CodeIgniter->handleRequest(null, Object(Config\Cache), false)
 5 FCPATH\index.php(67): CodeIgniter\CodeIgniter->run()
 6 SYSTEMPATH\Commands\Server\rewrite.php(47): require_once('FCPATH\\index.php')
CRITICAL - 2023-05-09 22:51:28 --> syntax error, unexpected token "public"
in APPPATH\Controllers\ItemPembelian.php on line 93.
 1 SYSTEMPATH\Autoloader\Autoloader.php(260): CodeIgniter\Autoloader\Autoloader->includeFile('APPPATH\\Controllers\\ItemPembelian.php')
 2 SYSTEMPATH\Autoloader\Autoloader.php(238): CodeIgniter\Autoloader\Autoloader->loadInNamespace('App\\Controllers\\ItemPembelian')
 3 [internal function]: CodeIgniter\Autoloader\Autoloader->loadClass('App\\Controllers\\ItemPembelian')
 4 SYSTEMPATH\CodeIgniter.php(875): class_exists('\\App\\Controllers\\ItemPembelian', true)
 5 SYSTEMPATH\CodeIgniter.php(467): CodeIgniter\CodeIgniter->startController()
 6 SYSTEMPATH\CodeIgniter.php(349): CodeIgniter\CodeIgniter->handleRequest(null, Object(Config\Cache), false)
 7 FCPATH\index.php(67): CodeIgniter\CodeIgniter->run()
 8 SYSTEMPATH\Commands\Server\rewrite.php(47): require_once('FCPATH\\index.php')
CRITICAL - 2023-05-09 22:51:29 --> syntax error, unexpected token "public"
in APPPATH\Controllers\ItemPembelian.php on line 93.
 1 SYSTEMPATH\Autoloader\Autoloader.php(260): CodeIgniter\Autoloader\Autoloader->includeFile('APPPATH\\Controllers\\ItemPembelian.php')
 2 SYSTEMPATH\Autoloader\Autoloader.php(238): CodeIgniter\Autoloader\Autoloader->loadInNamespace('App\\Controllers\\ItemPembelian')
 3 [internal function]: CodeIgniter\Autoloader\Autoloader->loadClass('App\\Controllers\\ItemPembelian')
 4 SYSTEMPATH\CodeIgniter.php(875): class_exists('\\App\\Controllers\\ItemPembelian', true)
 5 SYSTEMPATH\CodeIgniter.php(467): CodeIgniter\CodeIgniter->startController()
 6 SYSTEMPATH\CodeIgniter.php(349): CodeIgniter\CodeIgniter->handleRequest(null, Object(Config\Cache), false)
 7 FCPATH\index.php(67): CodeIgniter\CodeIgniter->run()
 8 SYSTEMPATH\Commands\Server\rewrite.php(47): require_once('FCPATH\\index.php')
CRITICAL - 2023-05-09 22:52:56 --> syntax error, unexpected token ";", expecting "]"
in APPPATH\Controllers\ItemPembelian.php on line 77.
 1 SYSTEMPATH\Autoloader\Autoloader.php(260): CodeIgniter\Autoloader\Autoloader->includeFile('APPPATH\\Controllers\\ItemPembelian.php')
 2 SYSTEMPATH\Autoloader\Autoloader.php(238): CodeIgniter\Autoloader\Autoloader->loadInNamespace('App\\Controllers\\ItemPembelian')
 3 [internal function]: CodeIgniter\Autoloader\Autoloader->loadClass('App\\Controllers\\ItemPembelian')
 4 SYSTEMPATH\CodeIgniter.php(875): class_exists('\\App\\Controllers\\ItemPembelian', true)
 5 SYSTEMPATH\CodeIgniter.php(467): CodeIgniter\CodeIgniter->startController()
 6 SYSTEMPATH\CodeIgniter.php(349): CodeIgniter\CodeIgniter->handleRequest(null, Object(Config\Cache), false)
 7 FCPATH\index.php(67): CodeIgniter\CodeIgniter->run()
 8 SYSTEMPATH\Commands\Server\rewrite.php(47): require_once('FCPATH\\index.php')
CRITICAL - 2023-05-09 22:53:16 --> syntax error, unexpected token ";", expecting "]"
in APPPATH\Controllers\ItemPembelian.php on line 77.
 1 SYSTEMPATH\Autoloader\Autoloader.php(260): CodeIgniter\Autoloader\Autoloader->includeFile('APPPATH\\Controllers\\ItemPembelian.php')
 2 SYSTEMPATH\Autoloader\Autoloader.php(238): CodeIgniter\Autoloader\Autoloader->loadInNamespace('App\\Controllers\\ItemPembelian')
 3 [internal function]: CodeIgniter\Autoloader\Autoloader->loadClass('App\\Controllers\\ItemPembelian')
 4 SYSTEMPATH\CodeIgniter.php(875): class_exists('\\App\\Controllers\\ItemPembelian', true)
 5 SYSTEMPATH\CodeIgniter.php(467): CodeIgniter\CodeIgniter->startController()
 6 SYSTEMPATH\CodeIgniter.php(349): CodeIgniter\CodeIgniter->handleRequest(null, Object(Config\Cache), false)
 7 FCPATH\index.php(67): CodeIgniter\CodeIgniter->run()
 8 SYSTEMPATH\Commands\Server\rewrite.php(47): require_once('FCPATH\\index.php')
CRITICAL - 2023-05-09 22:53:17 --> syntax error, unexpected token ";", expecting "]"
in APPPATH\Controllers\ItemPembelian.php on line 77.
 1 SYSTEMPATH\Autoloader\Autoloader.php(260): CodeIgniter\Autoloader\Autoloader->includeFile('APPPATH\\Controllers\\ItemPembelian.php')
 2 SYSTEMPATH\Autoloader\Autoloader.php(238): CodeIgniter\Autoloader\Autoloader->loadInNamespace('App\\Controllers\\ItemPembelian')
 3 [internal function]: CodeIgniter\Autoloader\Autoloader->loadClass('App\\Controllers\\ItemPembelian')
 4 SYSTEMPATH\CodeIgniter.php(875): class_exists('\\App\\Controllers\\ItemPembelian', true)
 5 SYSTEMPATH\CodeIgniter.php(467): CodeIgniter\CodeIgniter->startController()
 6 SYSTEMPATH\CodeIgniter.php(349): CodeIgniter\CodeIgniter->handleRequest(null, Object(Config\Cache), false)
 7 FCPATH\index.php(67): CodeIgniter\CodeIgniter->run()
 8 SYSTEMPATH\Commands\Server\rewrite.php(47): require_once('FCPATH\\index.php')
CRITICAL - 2023-05-09 22:55:37 --> Call to a member function insert() on null
in APPPATH\Controllers\ItemPenjualan.php on line 71.
 1 SYSTEMPATH\CodeIgniter.php(925): App\Controllers\ItemPenjualan->create()
 2 SYSTEMPATH\CodeIgniter.php(480): CodeIgniter\CodeIgniter->runController(Object(App\Controllers\ItemPenjualan))
 3 SYSTEMPATH\CodeIgniter.php(349): CodeIgniter\CodeIgniter->handleRequest(null, Object(Config\Cache), false)
 4 FCPATH\index.php(67): CodeIgniter\CodeIgniter->run()
 5 SYSTEMPATH\Commands\Server\rewrite.php(47): require_once('FCPATH\\index.php')
CRITICAL - 2023-05-09 22:55:40 --> Call to a member function insert() on null
in APPPATH\Controllers\ItemPenjualan.php on line 71.
 1 SYSTEMPATH\CodeIgniter.php(925): App\Controllers\ItemPenjualan->create()
 2 SYSTEMPATH\CodeIgniter.php(480): CodeIgniter\CodeIgniter->runController(Object(App\Controllers\ItemPenjualan))
 3 SYSTEMPATH\CodeIgniter.php(349): CodeIgniter\CodeIgniter->handleRequest(null, Object(Config\Cache), false)
 4 FCPATH\index.php(67): CodeIgniter\CodeIgniter->run()
 5 SYSTEMPATH\Commands\Server\rewrite.php(47): require_once('FCPATH\\index.php')
CRITICAL - 2023-05-09 22:57:04 --> Call to a member function insert() on null
in APPPATH\Controllers\ItemPenjualan.php on line 70.
 1 SYSTEMPATH\CodeIgniter.php(925): App\Controllers\ItemPenjualan->create()
 2 SYSTEMPATH\CodeIgniter.php(480): CodeIgniter\CodeIgniter->runController(Object(App\Controllers\ItemPenjualan))
 3 SYSTEMPATH\CodeIgniter.php(349): CodeIgniter\CodeIgniter->handleRequest(null, Object(Config\Cache), false)
 4 FCPATH\index.php(67): CodeIgniter\CodeIgniter->run()
 5 SYSTEMPATH\Commands\Server\rewrite.php(47): require_once('FCPATH\\index.php')
CRITICAL - 2023-05-09 22:57:06 --> Call to a member function insert() on null
in APPPATH\Controllers\ItemPenjualan.php on line 70.
 1 SYSTEMPATH\CodeIgniter.php(925): App\Controllers\ItemPenjualan->create()
 2 SYSTEMPATH\CodeIgniter.php(480): CodeIgniter\CodeIgniter->runController(Object(App\Controllers\ItemPenjualan))
 3 SYSTEMPATH\CodeIgniter.php(349): CodeIgniter\CodeIgniter->handleRequest(null, Object(Config\Cache), false)
 4 FCPATH\index.php(67): CodeIgniter\CodeIgniter->run()
 5 SYSTEMPATH\Commands\Server\rewrite.php(47): require_once('FCPATH\\index.php')
CRITICAL - 2023-05-09 22:58:05 --> Call to a member function insert() on null
in APPPATH\Controllers\ItemPenjualan.php on line 71.
 1 SYSTEMPATH\CodeIgniter.php(925): App\Controllers\ItemPenjualan->create()
 2 SYSTEMPATH\CodeIgniter.php(480): CodeIgniter\CodeIgniter->runController(Object(App\Controllers\ItemPenjualan))
 3 SYSTEMPATH\CodeIgniter.php(349): CodeIgniter\CodeIgniter->handleRequest(null, Object(Config\Cache), false)
 4 FCPATH\index.php(67): CodeIgniter\CodeIgniter->run()
 5 SYSTEMPATH\Commands\Server\rewrite.php(47): require_once('FCPATH\\index.php')
CRITICAL - 2023-05-09 22:58:05 --> Call to a member function insert() on null
in APPPATH\Controllers\ItemPenjualan.php on line 71.
 1 SYSTEMPATH\CodeIgniter.php(925): App\Controllers\ItemPenjualan->create()
 2 SYSTEMPATH\CodeIgniter.php(480): CodeIgniter\CodeIgniter->runController(Object(App\Controllers\ItemPenjualan))
 3 SYSTEMPATH\CodeIgniter.php(349): CodeIgniter\CodeIgniter->handleRequest(null, Object(Config\Cache), false)
 4 FCPATH\index.php(67): CodeIgniter\CodeIgniter->run()
 5 SYSTEMPATH\Commands\Server\rewrite.php(47): require_once('FCPATH\\index.php')
CRITICAL - 2023-05-09 22:58:06 --> Call to a member function insert() on null
in APPPATH\Controllers\ItemPenjualan.php on line 71.
 1 SYSTEMPATH\CodeIgniter.php(925): App\Controllers\ItemPenjualan->create()
 2 SYSTEMPATH\CodeIgniter.php(480): CodeIgniter\CodeIgniter->runController(Object(App\Controllers\ItemPenjualan))
 3 SYSTEMPATH\CodeIgniter.php(349): CodeIgniter\CodeIgniter->handleRequest(null, Object(Config\Cache), false)
 4 FCPATH\index.php(67): CodeIgniter\CodeIgniter->run()
 5 SYSTEMPATH\Commands\Server\rewrite.php(47): require_once('FCPATH\\index.php')
CRITICAL - 2023-05-09 22:58:08 --> Call to a member function insert() on null
in APPPATH\Controllers\ItemPenjualan.php on line 71.
 1 SYSTEMPATH\CodeIgniter.php(925): App\Controllers\ItemPenjualan->create()
 2 SYSTEMPATH\CodeIgniter.php(480): CodeIgniter\CodeIgniter->runController(Object(App\Controllers\ItemPenjualan))
 3 SYSTEMPATH\CodeIgniter.php(349): CodeIgniter\CodeIgniter->handleRequest(null, Object(Config\Cache), false)
 4 FCPATH\index.php(67): CodeIgniter\CodeIgniter->run()
 5 SYSTEMPATH\Commands\Server\rewrite.php(47): require_once('FCPATH\\index.php')
