CRITICAL - 2023-01-15 00:35:55 --> Call to a member function respond() on array
in APPPATH\Controllers\Halaman.php on line 19.
 1 SYSTEMPATH\CodeIgniter.php(925): App\Controllers\Halaman->index('ROOTPATH\\public', 'ROOTPATH\\public')
 2 SYSTEMPATH\CodeIgniter.php(480): CodeIgniter\CodeIgniter->runController(Object(App\Controllers\Halaman))
 3 SYSTEMPATH\CodeIgniter.php(349): CodeIgniter\CodeIgniter->handleRequest(null, Object(Config\Cache), false)
 4 FCPATH\index.php(67): CodeIgniter\CodeIgniter->run()
 5 SYSTEMPATH\Commands\Server\rewrite.php(47): require_once('FCPATH\\index.php')
CRITICAL - 2023-01-15 00:36:08 --> Call to a member function response() on array
in APPPATH\Controllers\Halaman.php on line 19.
 1 SYSTEMPATH\CodeIgniter.php(925): App\Controllers\Halaman->index('ROOTPATH\\public', 'ROOTPATH\\public')
 2 SYSTEMPATH\CodeIgniter.php(480): CodeIgniter\CodeIgniter->runController(Object(App\Controllers\Halaman))
 3 SYSTEMPATH\CodeIgniter.php(349): CodeIgniter\CodeIgniter->handleRequest(null, Object(Config\Cache), false)
 4 FCPATH\index.php(67): CodeIgniter\CodeIgniter->run()
 5 SYSTEMPATH\Commands\Server\rewrite.php(47): require_once('FCPATH\\index.php')
CRITICAL - 2023-01-15 00:36:19 --> Attempt to read property "respond" on array
in APPPATH\Controllers\Halaman.php on line 19.
 1 APPPATH\Controllers\Halaman.php(19): CodeIgniter\Debug\Exceptions->errorHandler(2, 'Attempt to read property "respond" on array', 'APPPATH\\Controllers\\Halaman.php', 19)
 2 SYSTEMPATH\CodeIgniter.php(925): App\Controllers\Halaman->index('ROOTPATH\\public', 'ROOTPATH\\public')
 3 SYSTEMPATH\CodeIgniter.php(480): CodeIgniter\CodeIgniter->runController(Object(App\Controllers\Halaman))
 4 SYSTEMPATH\CodeIgniter.php(349): CodeIgniter\CodeIgniter->handleRequest(null, Object(Config\Cache), false)
 5 FCPATH\index.php(67): CodeIgniter\CodeIgniter->run()
 6 SYSTEMPATH\Commands\Server\rewrite.php(47): require_once('FCPATH\\index.php')
CRITICAL - 2023-01-15 00:36:36 --> Call to undefined method App\Controllers\Halaman::respond()
in APPPATH\Controllers\Halaman.php on line 19.
 1 SYSTEMPATH\CodeIgniter.php(925): App\Controllers\Halaman->index('ROOTPATH\\public', 'ROOTPATH\\public')
 2 SYSTEMPATH\CodeIgniter.php(480): CodeIgniter\CodeIgniter->runController(Object(App\Controllers\Halaman))
 3 SYSTEMPATH\CodeIgniter.php(349): CodeIgniter\CodeIgniter->handleRequest(null, Object(Config\Cache), false)
 4 FCPATH\index.php(67): CodeIgniter\CodeIgniter->run()
 5 SYSTEMPATH\Commands\Server\rewrite.php(47): require_once('FCPATH\\index.php')
CRITICAL - 2023-01-15 00:36:46 --> Call to undefined method App\Controllers\Halaman::response()
in APPPATH\Controllers\Halaman.php on line 19.
 1 SYSTEMPATH\CodeIgniter.php(925): App\Controllers\Halaman->index('ROOTPATH\\public', 'ROOTPATH\\public')
 2 SYSTEMPATH\CodeIgniter.php(480): CodeIgniter\CodeIgniter->runController(Object(App\Controllers\Halaman))
 3 SYSTEMPATH\CodeIgniter.php(349): CodeIgniter\CodeIgniter->handleRequest(null, Object(Config\Cache), false)
 4 FCPATH\index.php(67): CodeIgniter\CodeIgniter->run()
 5 SYSTEMPATH\Commands\Server\rewrite.php(47): require_once('FCPATH\\index.php')
CRITICAL - 2023-01-15 06:34:04 --> Undefined variable $model
in APPPATH\Controllers\Product.php on line 19.
 1 APPPATH\Controllers\Product.php(19): CodeIgniter\Debug\Exceptions->errorHandler(2, 'Undefined variable $model', 'APPPATH\\Controllers\\Product.php', 19)
 2 SYSTEMPATH\CodeIgniter.php(925): App\Controllers\Product->index()
 3 SYSTEMPATH\CodeIgniter.php(480): CodeIgniter\CodeIgniter->runController(Object(App\Controllers\Product))
 4 SYSTEMPATH\CodeIgniter.php(349): CodeIgniter\CodeIgniter->handleRequest(null, Object(Config\Cache), false)
 5 FCPATH\index.php(67): CodeIgniter\CodeIgniter->run()
 6 SYSTEMPATH\Commands\Server\rewrite.php(47): require_once('FCPATH\\index.php')
CRITICAL - 2023-01-15 08:17:43 --> Cannot call constructor
in APPPATH\Controllers\Forum.php on line 10.
 1 SYSTEMPATH\CodeIgniter.php(887): App\Controllers\Forum->__construct()
 2 SYSTEMPATH\CodeIgniter.php(471): CodeIgniter\CodeIgniter->createController()
 3 SYSTEMPATH\CodeIgniter.php(349): CodeIgniter\CodeIgniter->handleRequest(null, Object(Config\Cache), false)
 4 FCPATH\index.php(67): CodeIgniter\CodeIgniter->run()
 5 SYSTEMPATH\Commands\Server\rewrite.php(47): require_once('FCPATH\\index.php')
CRITICAL - 2023-01-15 08:29:22 --> Cannot call constructor
in APPPATH\Controllers\Forum.php on line 10.
 1 SYSTEMPATH\CodeIgniter.php(887): App\Controllers\Forum->__construct()
 2 SYSTEMPATH\CodeIgniter.php(471): CodeIgniter\CodeIgniter->createController()
 3 SYSTEMPATH\CodeIgniter.php(349): CodeIgniter\CodeIgniter->handleRequest(null, Object(Config\Cache), false)
 4 FCPATH\index.php(67): CodeIgniter\CodeIgniter->run()
 5 SYSTEMPATH\Commands\Server\rewrite.php(47): require_once('FCPATH\\index.php')
CRITICAL - 2023-01-15 08:29:52 --> Cannot call constructor
in APPPATH\Controllers\Forum.php on line 10.
 1 SYSTEMPATH\CodeIgniter.php(887): App\Controllers\Forum->__construct()
 2 SYSTEMPATH\CodeIgniter.php(471): CodeIgniter\CodeIgniter->createController()
 3 SYSTEMPATH\CodeIgniter.php(349): CodeIgniter\CodeIgniter->handleRequest(null, Object(Config\Cache), false)
 4 FCPATH\index.php(67): CodeIgniter\CodeIgniter->run()
 5 SYSTEMPATH\Commands\Server\rewrite.php(47): require_once('FCPATH\\index.php')
CRITICAL - 2023-01-15 08:29:53 --> Cannot call constructor
in APPPATH\Controllers\Forum.php on line 10.
 1 SYSTEMPATH\CodeIgniter.php(887): App\Controllers\Forum->__construct()
 2 SYSTEMPATH\CodeIgniter.php(471): CodeIgniter\CodeIgniter->createController()
 3 SYSTEMPATH\CodeIgniter.php(349): CodeIgniter\CodeIgniter->handleRequest(null, Object(Config\Cache), false)
 4 FCPATH\index.php(67): CodeIgniter\CodeIgniter->run()
 5 SYSTEMPATH\Commands\Server\rewrite.php(47): require_once('FCPATH\\index.php')
CRITICAL - 2023-01-15 08:29:54 --> Cannot call constructor
in APPPATH\Controllers\Forum.php on line 10.
 1 SYSTEMPATH\CodeIgniter.php(887): App\Controllers\Forum->__construct()
 2 SYSTEMPATH\CodeIgniter.php(471): CodeIgniter\CodeIgniter->createController()
 3 SYSTEMPATH\CodeIgniter.php(349): CodeIgniter\CodeIgniter->handleRequest(null, Object(Config\Cache), false)
 4 FCPATH\index.php(67): CodeIgniter\CodeIgniter->run()
 5 SYSTEMPATH\Commands\Server\rewrite.php(47): require_once('FCPATH\\index.php')
CRITICAL - 2023-01-15 08:29:54 --> Cannot call constructor
in APPPATH\Controllers\Forum.php on line 10.
 1 SYSTEMPATH\CodeIgniter.php(887): App\Controllers\Forum->__construct()
 2 SYSTEMPATH\CodeIgniter.php(471): CodeIgniter\CodeIgniter->createController()
 3 SYSTEMPATH\CodeIgniter.php(349): CodeIgniter\CodeIgniter->handleRequest(null, Object(Config\Cache), false)
 4 FCPATH\index.php(67): CodeIgniter\CodeIgniter->run()
 5 SYSTEMPATH\Commands\Server\rewrite.php(47): require_once('FCPATH\\index.php')
CRITICAL - 2023-01-15 08:29:55 --> Cannot call constructor
in APPPATH\Controllers\Forum.php on line 10.
 1 SYSTEMPATH\CodeIgniter.php(887): App\Controllers\Forum->__construct()
 2 SYSTEMPATH\CodeIgniter.php(471): CodeIgniter\CodeIgniter->createController()
 3 SYSTEMPATH\CodeIgniter.php(349): CodeIgniter\CodeIgniter->handleRequest(null, Object(Config\Cache), false)
 4 FCPATH\index.php(67): CodeIgniter\CodeIgniter->run()
 5 SYSTEMPATH\Commands\Server\rewrite.php(47): require_once('FCPATH\\index.php')
CRITICAL - 2023-01-15 08:30:48 --> Undefined property: App\Controllers\Forum::$db
in APPPATH\Controllers\Forum.php on line 14.
 1 APPPATH\Controllers\Forum.php(14): CodeIgniter\Debug\Exceptions->errorHandler(2, 'Undefined property: App\\Controllers\\Forum::$db', 'APPPATH\\Controllers\\Forum.php', 14)
 2 SYSTEMPATH\CodeIgniter.php(925): App\Controllers\Forum->index()
 3 SYSTEMPATH\CodeIgniter.php(480): CodeIgniter\CodeIgniter->runController(Object(App\Controllers\Forum))
 4 SYSTEMPATH\CodeIgniter.php(349): CodeIgniter\CodeIgniter->handleRequest(null, Object(Config\Cache), false)
 5 FCPATH\index.php(67): CodeIgniter\CodeIgniter->run()
 6 SYSTEMPATH\Commands\Server\rewrite.php(47): require_once('FCPATH\\index.php')
CRITICAL - 2023-01-15 08:31:20 --> Undefined property: App\Controllers\Forum::$db
in APPPATH\Controllers\Forum.php on line 14.
 1 APPPATH\Controllers\Forum.php(14): CodeIgniter\Debug\Exceptions->errorHandler(2, 'Undefined property: App\\Controllers\\Forum::$db', 'APPPATH\\Controllers\\Forum.php', 14)
 2 SYSTEMPATH\CodeIgniter.php(925): App\Controllers\Forum->index()
 3 SYSTEMPATH\CodeIgniter.php(480): CodeIgniter\CodeIgniter->runController(Object(App\Controllers\Forum))
 4 SYSTEMPATH\CodeIgniter.php(349): CodeIgniter\CodeIgniter->handleRequest(null, Object(Config\Cache), false)
 5 FCPATH\index.php(67): CodeIgniter\CodeIgniter->run()
 6 SYSTEMPATH\Commands\Server\rewrite.php(47): require_once('FCPATH\\index.php')
CRITICAL - 2023-01-15 08:58:35 --> Call to undefined method CodeIgniter\Database\MySQLi\Connection::limit()
in APPPATH\Controllers\Forum.php on line 16.
 1 SYSTEMPATH\CodeIgniter.php(925): App\Controllers\Forum->index()
 2 SYSTEMPATH\CodeIgniter.php(480): CodeIgniter\CodeIgniter->runController(Object(App\Controllers\Forum))
 3 SYSTEMPATH\CodeIgniter.php(349): CodeIgniter\CodeIgniter->handleRequest(null, Object(Config\Cache), false)
 4 FCPATH\index.php(67): CodeIgniter\CodeIgniter->run()
 5 SYSTEMPATH\Commands\Server\rewrite.php(47): require_once('FCPATH\\index.php')
CRITICAL - 2023-01-15 09:00:06 --> Call to undefined method CodeIgniter\Database\MySQLi\Connection::limit()
in APPPATH\Controllers\Forum.php on line 16.
 1 SYSTEMPATH\CodeIgniter.php(925): App\Controllers\Forum->index()
 2 SYSTEMPATH\CodeIgniter.php(480): CodeIgniter\CodeIgniter->runController(Object(App\Controllers\Forum))
 3 SYSTEMPATH\CodeIgniter.php(349): CodeIgniter\CodeIgniter->handleRequest(null, Object(Config\Cache), false)
 4 FCPATH\index.php(67): CodeIgniter\CodeIgniter->run()
 5 SYSTEMPATH\Commands\Server\rewrite.php(47): require_once('FCPATH\\index.php')
CRITICAL - 2023-01-15 09:00:31 --> Call to undefined method CodeIgniter\Database\MySQLi\Connection::limit()
in APPPATH\Controllers\Forum.php on line 16.
 1 SYSTEMPATH\CodeIgniter.php(925): App\Controllers\Forum->index()
 2 SYSTEMPATH\CodeIgniter.php(480): CodeIgniter\CodeIgniter->runController(Object(App\Controllers\Forum))
 3 SYSTEMPATH\CodeIgniter.php(349): CodeIgniter\CodeIgniter->handleRequest(null, Object(Config\Cache), false)
 4 FCPATH\index.php(67): CodeIgniter\CodeIgniter->run()
 5 SYSTEMPATH\Commands\Server\rewrite.php(47): require_once('FCPATH\\index.php')
CRITICAL - 2023-01-15 09:01:31 --> Call to undefined method CodeIgniter\Database\MySQLi\Connection::limit()
in APPPATH\Controllers\Forum.php on line 16.
 1 SYSTEMPATH\CodeIgniter.php(925): App\Controllers\Forum->index()
 2 SYSTEMPATH\CodeIgniter.php(480): CodeIgniter\CodeIgniter->runController(Object(App\Controllers\Forum))
 3 SYSTEMPATH\CodeIgniter.php(349): CodeIgniter\CodeIgniter->handleRequest(null, Object(Config\Cache), false)
 4 FCPATH\index.php(67): CodeIgniter\CodeIgniter->run()
 5 SYSTEMPATH\Commands\Server\rewrite.php(47): require_once('FCPATH\\index.php')
CRITICAL - 2023-01-15 09:01:50 --> Call to undefined method CodeIgniter\Database\MySQLi\Connection::limit()
in APPPATH\Controllers\Forum.php on line 16.
 1 SYSTEMPATH\CodeIgniter.php(925): App\Controllers\Forum->index()
 2 SYSTEMPATH\CodeIgniter.php(480): CodeIgniter\CodeIgniter->runController(Object(App\Controllers\Forum))
 3 SYSTEMPATH\CodeIgniter.php(349): CodeIgniter\CodeIgniter->handleRequest(null, Object(Config\Cache), false)
 4 FCPATH\index.php(67): CodeIgniter\CodeIgniter->run()
 5 SYSTEMPATH\Commands\Server\rewrite.php(47): require_once('FCPATH\\index.php')
CRITICAL - 2023-01-15 09:02:27 --> Call to undefined method CodeIgniter\Database\MySQLi\Connection::limit()
in APPPATH\Controllers\Forum.php on line 16.
 1 SYSTEMPATH\CodeIgniter.php(925): App\Controllers\Forum->index()
 2 SYSTEMPATH\CodeIgniter.php(480): CodeIgniter\CodeIgniter->runController(Object(App\Controllers\Forum))
 3 SYSTEMPATH\CodeIgniter.php(349): CodeIgniter\CodeIgniter->handleRequest(null, Object(Config\Cache), false)
 4 FCPATH\index.php(67): CodeIgniter\CodeIgniter->run()
 5 SYSTEMPATH\Commands\Server\rewrite.php(47): require_once('FCPATH\\index.php')
CRITICAL - 2023-01-15 09:03:43 --> Call to undefined method CodeIgniter\Database\MySQLi\Connection::select()
in APPPATH\Controllers\Forum.php on line 16.
 1 SYSTEMPATH\CodeIgniter.php(925): App\Controllers\Forum->index()
 2 SYSTEMPATH\CodeIgniter.php(480): CodeIgniter\CodeIgniter->runController(Object(App\Controllers\Forum))
 3 SYSTEMPATH\CodeIgniter.php(349): CodeIgniter\CodeIgniter->handleRequest(null, Object(Config\Cache), false)
 4 FCPATH\index.php(67): CodeIgniter\CodeIgniter->run()
 5 SYSTEMPATH\Commands\Server\rewrite.php(47): require_once('FCPATH\\index.php')
CRITICAL - 2023-01-15 09:04:01 --> Call to undefined method CodeIgniter\Database\MySQLi\Connection::select()
in APPPATH\Controllers\Forum.php on line 16.
 1 SYSTEMPATH\CodeIgniter.php(925): App\Controllers\Forum->index()
 2 SYSTEMPATH\CodeIgniter.php(480): CodeIgniter\CodeIgniter->runController(Object(App\Controllers\Forum))
 3 SYSTEMPATH\CodeIgniter.php(349): CodeIgniter\CodeIgniter->handleRequest(null, Object(Config\Cache), false)
 4 FCPATH\index.php(67): CodeIgniter\CodeIgniter->run()
 5 SYSTEMPATH\Commands\Server\rewrite.php(47): require_once('FCPATH\\index.php')
CRITICAL - 2023-01-15 09:04:22 --> Call to undefined method CodeIgniter\Database\MySQLi\Connection::select()
in APPPATH\Controllers\Forum.php on line 15.
 1 SYSTEMPATH\CodeIgniter.php(925): App\Controllers\Forum->index()
 2 SYSTEMPATH\CodeIgniter.php(480): CodeIgniter\CodeIgniter->runController(Object(App\Controllers\Forum))
 3 SYSTEMPATH\CodeIgniter.php(349): CodeIgniter\CodeIgniter->handleRequest(null, Object(Config\Cache), false)
 4 FCPATH\index.php(67): CodeIgniter\CodeIgniter->run()
 5 SYSTEMPATH\Commands\Server\rewrite.php(47): require_once('FCPATH\\index.php')
CRITICAL - 2023-01-15 09:08:54 --> Undefined property: App\Controllers\Forum::$db
in APPPATH\Controllers\Forum.php on line 20.
 1 APPPATH\Controllers\Forum.php(20): CodeIgniter\Debug\Exceptions->errorHandler(2, 'Undefined property: App\\Controllers\\Forum::$db', 'APPPATH\\Controllers\\Forum.php', 20)
 2 SYSTEMPATH\CodeIgniter.php(925): App\Controllers\Forum->index()
 3 SYSTEMPATH\CodeIgniter.php(480): CodeIgniter\CodeIgniter->runController(Object(App\Controllers\Forum))
 4 SYSTEMPATH\CodeIgniter.php(349): CodeIgniter\CodeIgniter->handleRequest(null, Object(Config\Cache), false)
 5 FCPATH\index.php(67): CodeIgniter\CodeIgniter->run()
 6 SYSTEMPATH\Commands\Server\rewrite.php(47): require_once('FCPATH\\index.php')
CRITICAL - 2023-01-15 09:09:17 --> Undefined property: App\Controllers\Forum::$db
in APPPATH\Controllers\Forum.php on line 19.
 1 APPPATH\Controllers\Forum.php(19): CodeIgniter\Debug\Exceptions->errorHandler(2, 'Undefined property: App\\Controllers\\Forum::$db', 'APPPATH\\Controllers\\Forum.php', 19)
 2 SYSTEMPATH\CodeIgniter.php(925): App\Controllers\Forum->index()
 3 SYSTEMPATH\CodeIgniter.php(480): CodeIgniter\CodeIgniter->runController(Object(App\Controllers\Forum))
 4 SYSTEMPATH\CodeIgniter.php(349): CodeIgniter\CodeIgniter->handleRequest(null, Object(Config\Cache), false)
 5 FCPATH\index.php(67): CodeIgniter\CodeIgniter->run()
 6 SYSTEMPATH\Commands\Server\rewrite.php(47): require_once('FCPATH\\index.php')
ERROR - 2023-01-15 09:09:37 --> mysqli_sql_exception: Table 'db_apotek.penggunas' doesn't exist in C:\Project\ci-news\system\Database\MySQLi\Connection.php:292
Stack trace:
#0 C:\Project\ci-news\system\Database\MySQLi\Connection.php(292): mysqli->query('SELECT *\nFROM `...', 0)
#1 C:\Project\ci-news\system\Database\BaseConnection.php(666): CodeIgniter\Database\MySQLi\Connection->execute('SELECT *\nFROM `...')
#2 C:\Project\ci-news\system\Database\BaseConnection.php(593): CodeIgniter\Database\BaseConnection->simpleQuery('SELECT *\nFROM `...')
#3 C:\Project\ci-news\system\Database\BaseBuilder.php(1585): CodeIgniter\Database\BaseConnection->query('SELECT *\nFROM `...', Array, false)
#4 C:\Project\ci-news\system\Model.php(809): CodeIgniter\Database\BaseBuilder->get()
#5 C:\Project\ci-news\app\Controllers\Forum.php(18): CodeIgniter\Model->__call('get', Array)
#6 C:\Project\ci-news\system\CodeIgniter.php(925): App\Controllers\Forum->index()
#7 C:\Project\ci-news\system\CodeIgniter.php(480): CodeIgniter\CodeIgniter->runController(Object(App\Controllers\Forum))
#8 C:\Project\ci-news\system\CodeIgniter.php(349): CodeIgniter\CodeIgniter->handleRequest(NULL, Object(Config\Cache), false)
#9 C:\Project\ci-news\public\index.php(67): CodeIgniter\CodeIgniter->run()
#10 C:\Project\ci-news\system\Commands\Server\rewrite.php(47): require_once('C:\\Project\\ci-n...')
#11 {main}
CRITICAL - 2023-01-15 09:13:39 --> Call to undefined method App\Models\Pengguna::order_by
in SYSTEMPATH\Model.php on line 811.
 1 APPPATH\Controllers\Forum.php(18): CodeIgniter\Model->__call('order_by', [...])
 2 SYSTEMPATH\CodeIgniter.php(925): App\Controllers\Forum->index()
 3 SYSTEMPATH\CodeIgniter.php(480): CodeIgniter\CodeIgniter->runController(Object(App\Controllers\Forum))
 4 SYSTEMPATH\CodeIgniter.php(349): CodeIgniter\CodeIgniter->handleRequest(null, Object(Config\Cache), false)
 5 FCPATH\index.php(67): CodeIgniter\CodeIgniter->run()
 6 SYSTEMPATH\Commands\Server\rewrite.php(47): require_once('FCPATH\\index.php')
CRITICAL - 2023-01-15 09:13:59 --> Call to undefined method App\Models\Pengguna::order_by
in SYSTEMPATH\Model.php on line 811.
 1 APPPATH\Controllers\Forum.php(18): CodeIgniter\Model->__call('order_by', [...])
 2 SYSTEMPATH\CodeIgniter.php(925): App\Controllers\Forum->index()
 3 SYSTEMPATH\CodeIgniter.php(480): CodeIgniter\CodeIgniter->runController(Object(App\Controllers\Forum))
 4 SYSTEMPATH\CodeIgniter.php(349): CodeIgniter\CodeIgniter->handleRequest(null, Object(Config\Cache), false)
 5 FCPATH\index.php(67): CodeIgniter\CodeIgniter->run()
 6 SYSTEMPATH\Commands\Server\rewrite.php(47): require_once('FCPATH\\index.php')
ERROR - 2023-01-15 09:14:25 --> mysqli_sql_exception: Table 'db_apotek.penggunas' doesn't exist in C:\Project\ci-news\system\Database\MySQLi\Connection.php:292
Stack trace:
#0 C:\Project\ci-news\system\Database\MySQLi\Connection.php(292): mysqli->query('SELECT *\nFROM `...', 0)
#1 C:\Project\ci-news\system\Database\BaseConnection.php(666): CodeIgniter\Database\MySQLi\Connection->execute('SELECT *\nFROM `...')
#2 C:\Project\ci-news\system\Database\BaseConnection.php(593): CodeIgniter\Database\BaseConnection->simpleQuery('SELECT *\nFROM `...')
#3 C:\Project\ci-news\system\Database\BaseBuilder.php(1585): CodeIgniter\Database\BaseConnection->query('SELECT *\nFROM `...', Array, false)
#4 C:\Project\ci-news\system\Model.php(809): CodeIgniter\Database\BaseBuilder->get()
#5 C:\Project\ci-news\app\Controllers\Forum.php(18): CodeIgniter\Model->__call('get', Array)
#6 C:\Project\ci-news\system\CodeIgniter.php(925): App\Controllers\Forum->index()
#7 C:\Project\ci-news\system\CodeIgniter.php(480): CodeIgniter\CodeIgniter->runController(Object(App\Controllers\Forum))
#8 C:\Project\ci-news\system\CodeIgniter.php(349): CodeIgniter\CodeIgniter->handleRequest(NULL, Object(Config\Cache), false)
#9 C:\Project\ci-news\public\index.php(67): CodeIgniter\CodeIgniter->run()
#10 C:\Project\ci-news\system\Commands\Server\rewrite.php(47): require_once('C:\\Project\\ci-n...')
#11 {main}
ERROR - 2023-01-15 09:14:37 --> mysqli_sql_exception: Table 'db_apotek.penggunas' doesn't exist in C:\Project\ci-news\system\Database\MySQLi\Connection.php:292
Stack trace:
#0 C:\Project\ci-news\system\Database\MySQLi\Connection.php(292): mysqli->query('SELECT *\nFROM `...', 0)
#1 C:\Project\ci-news\system\Database\BaseConnection.php(666): CodeIgniter\Database\MySQLi\Connection->execute('SELECT *\nFROM `...')
#2 C:\Project\ci-news\system\Database\BaseConnection.php(593): CodeIgniter\Database\BaseConnection->simpleQuery('SELECT *\nFROM `...')
#3 C:\Project\ci-news\system\Database\BaseBuilder.php(1585): CodeIgniter\Database\BaseConnection->query('SELECT *\nFROM `...', Array, false)
#4 C:\Project\ci-news\system\Model.php(809): CodeIgniter\Database\BaseBuilder->get()
#5 C:\Project\ci-news\app\Controllers\Forum.php(18): CodeIgniter\Model->__call('get', Array)
#6 C:\Project\ci-news\system\CodeIgniter.php(925): App\Controllers\Forum->index()
#7 C:\Project\ci-news\system\CodeIgniter.php(480): CodeIgniter\CodeIgniter->runController(Object(App\Controllers\Forum))
#8 C:\Project\ci-news\system\CodeIgniter.php(349): CodeIgniter\CodeIgniter->handleRequest(NULL, Object(Config\Cache), false)
#9 C:\Project\ci-news\public\index.php(67): CodeIgniter\CodeIgniter->run()
#10 C:\Project\ci-news\system\Commands\Server\rewrite.php(47): require_once('C:\\Project\\ci-n...')
#11 {main}
CRITICAL - 2023-01-15 09:16:01 --> Undefined variable $id
in APPPATH\Controllers\Forum.php on line 20.
 1 APPPATH\Controllers\Forum.php(20): CodeIgniter\Debug\Exceptions->errorHandler(2, 'Undefined variable $id', 'APPPATH\\Controllers\\Forum.php', 20)
 2 SYSTEMPATH\CodeIgniter.php(925): App\Controllers\Forum->index()
 3 SYSTEMPATH\CodeIgniter.php(480): CodeIgniter\CodeIgniter->runController(Object(App\Controllers\Forum))
 4 SYSTEMPATH\CodeIgniter.php(349): CodeIgniter\CodeIgniter->handleRequest(null, Object(Config\Cache), false)
 5 FCPATH\index.php(67): CodeIgniter\CodeIgniter->run()
 6 SYSTEMPATH\Commands\Server\rewrite.php(47): require_once('FCPATH\\index.php')
CRITICAL - 2023-01-15 09:16:30 --> Undefined variable $id
in APPPATH\Controllers\Forum.php on line 20.
 1 APPPATH\Controllers\Forum.php(20): CodeIgniter\Debug\Exceptions->errorHandler(2, 'Undefined variable $id', 'APPPATH\\Controllers\\Forum.php', 20)
 2 SYSTEMPATH\CodeIgniter.php(925): App\Controllers\Forum->index()
 3 SYSTEMPATH\CodeIgniter.php(480): CodeIgniter\CodeIgniter->runController(Object(App\Controllers\Forum))
 4 SYSTEMPATH\CodeIgniter.php(349): CodeIgniter\CodeIgniter->handleRequest(null, Object(Config\Cache), false)
 5 FCPATH\index.php(67): CodeIgniter\CodeIgniter->run()
 6 SYSTEMPATH\Commands\Server\rewrite.php(47): require_once('FCPATH\\index.php')
CRITICAL - 2023-01-15 09:18:57 --> Call to undefined method CodeIgniter\Database\MySQLi\Connection::select()
in APPPATH\Controllers\Forum.php on line 19.
 1 SYSTEMPATH\CodeIgniter.php(925): App\Controllers\Forum->index()
 2 SYSTEMPATH\CodeIgniter.php(480): CodeIgniter\CodeIgniter->runController(Object(App\Controllers\Forum))
 3 SYSTEMPATH\CodeIgniter.php(349): CodeIgniter\CodeIgniter->handleRequest(null, Object(Config\Cache), false)
 4 FCPATH\index.php(67): CodeIgniter\CodeIgniter->run()
 5 SYSTEMPATH\Commands\Server\rewrite.php(47): require_once('FCPATH\\index.php')
CRITICAL - 2023-01-15 09:19:15 --> Call to undefined method CodeIgniter\Database\MySQLi\Connection::select()
in APPPATH\Controllers\Forum.php on line 19.
 1 SYSTEMPATH\CodeIgniter.php(925): App\Controllers\Forum->index()
 2 SYSTEMPATH\CodeIgniter.php(480): CodeIgniter\CodeIgniter->runController(Object(App\Controllers\Forum))
 3 SYSTEMPATH\CodeIgniter.php(349): CodeIgniter\CodeIgniter->handleRequest(null, Object(Config\Cache), false)
 4 FCPATH\index.php(67): CodeIgniter\CodeIgniter->run()
 5 SYSTEMPATH\Commands\Server\rewrite.php(47): require_once('FCPATH\\index.php')
CRITICAL - 2023-01-15 09:19:42 --> Call to undefined method CodeIgniter\Database\MySQLi\Connection::select()
in APPPATH\Controllers\Forum.php on line 18.
 1 SYSTEMPATH\CodeIgniter.php(925): App\Controllers\Forum->index()
 2 SYSTEMPATH\CodeIgniter.php(480): CodeIgniter\CodeIgniter->runController(Object(App\Controllers\Forum))
 3 SYSTEMPATH\CodeIgniter.php(349): CodeIgniter\CodeIgniter->handleRequest(null, Object(Config\Cache), false)
 4 FCPATH\index.php(67): CodeIgniter\CodeIgniter->run()
 5 SYSTEMPATH\Commands\Server\rewrite.php(47): require_once('FCPATH\\index.php')
CRITICAL - 2023-01-15 09:20:13 --> Call to undefined method CodeIgniter\Database\MySQLi\Connection::select()
in APPPATH\Controllers\Forum.php on line 18.
 1 SYSTEMPATH\CodeIgniter.php(925): App\Controllers\Forum->index()
 2 SYSTEMPATH\CodeIgniter.php(480): CodeIgniter\CodeIgniter->runController(Object(App\Controllers\Forum))
 3 SYSTEMPATH\CodeIgniter.php(349): CodeIgniter\CodeIgniter->handleRequest(null, Object(Config\Cache), false)
 4 FCPATH\index.php(67): CodeIgniter\CodeIgniter->run()
 5 SYSTEMPATH\Commands\Server\rewrite.php(47): require_once('FCPATH\\index.php')
CRITICAL - 2023-01-15 09:20:38 --> Call to undefined method CodeIgniter\Database\MySQLi\Connection::select()
in APPPATH\Controllers\Forum.php on line 18.
 1 SYSTEMPATH\CodeIgniter.php(925): App\Controllers\Forum->index()
 2 SYSTEMPATH\CodeIgniter.php(480): CodeIgniter\CodeIgniter->runController(Object(App\Controllers\Forum))
 3 SYSTEMPATH\CodeIgniter.php(349): CodeIgniter\CodeIgniter->handleRequest(null, Object(Config\Cache), false)
 4 FCPATH\index.php(67): CodeIgniter\CodeIgniter->run()
 5 SYSTEMPATH\Commands\Server\rewrite.php(47): require_once('FCPATH\\index.php')
CRITICAL - 2023-01-15 09:22:06 --> Call to undefined method CodeIgniter\Database\MySQLi\Connection::get()
in APPPATH\Controllers\Forum.php on line 19.
 1 SYSTEMPATH\CodeIgniter.php(925): App\Controllers\Forum->index()
 2 SYSTEMPATH\CodeIgniter.php(480): CodeIgniter\CodeIgniter->runController(Object(App\Controllers\Forum))
 3 SYSTEMPATH\CodeIgniter.php(349): CodeIgniter\CodeIgniter->handleRequest(null, Object(Config\Cache), false)
 4 FCPATH\index.php(67): CodeIgniter\CodeIgniter->run()
 5 SYSTEMPATH\Commands\Server\rewrite.php(47): require_once('FCPATH\\index.php')
CRITICAL - 2023-01-15 09:24:57 --> Call to undefined method CodeIgniter\Database\MySQLi\Connection::get()
in APPPATH\Controllers\Forum.php on line 19.
 1 SYSTEMPATH\CodeIgniter.php(925): App\Controllers\Forum->index()
 2 SYSTEMPATH\CodeIgniter.php(480): CodeIgniter\CodeIgniter->runController(Object(App\Controllers\Forum))
 3 SYSTEMPATH\CodeIgniter.php(349): CodeIgniter\CodeIgniter->handleRequest(null, Object(Config\Cache), false)
 4 FCPATH\index.php(67): CodeIgniter\CodeIgniter->run()
 5 SYSTEMPATH\Commands\Server\rewrite.php(47): require_once('FCPATH\\index.php')
CRITICAL - 2023-01-15 09:25:36 --> Call to undefined method CodeIgniter\Database\MySQLi\Connection::select()
in APPPATH\Controllers\Forum.php on line 18.
 1 SYSTEMPATH\CodeIgniter.php(925): App\Controllers\Forum->index()
 2 SYSTEMPATH\CodeIgniter.php(480): CodeIgniter\CodeIgniter->runController(Object(App\Controllers\Forum))
 3 SYSTEMPATH\CodeIgniter.php(349): CodeIgniter\CodeIgniter->handleRequest(null, Object(Config\Cache), false)
 4 FCPATH\index.php(67): CodeIgniter\CodeIgniter->run()
 5 SYSTEMPATH\Commands\Server\rewrite.php(47): require_once('FCPATH\\index.php')
CRITICAL - 2023-01-15 09:26:15 --> Call to undefined method CodeIgniter\Database\MySQLi\Connection::select()
in APPPATH\Controllers\Forum.php on line 18.
 1 SYSTEMPATH\CodeIgniter.php(925): App\Controllers\Forum->index()
 2 SYSTEMPATH\CodeIgniter.php(480): CodeIgniter\CodeIgniter->runController(Object(App\Controllers\Forum))
 3 SYSTEMPATH\CodeIgniter.php(349): CodeIgniter\CodeIgniter->handleRequest(null, Object(Config\Cache), false)
 4 FCPATH\index.php(67): CodeIgniter\CodeIgniter->run()
 5 SYSTEMPATH\Commands\Server\rewrite.php(47): require_once('FCPATH\\index.php')
CRITICAL - 2023-01-15 09:26:57 --> Undefined constant Config\Database::connect
in APPPATH\Controllers\Forum.php on line 17.
 1 SYSTEMPATH\CodeIgniter.php(925): App\Controllers\Forum->index()
 2 SYSTEMPATH\CodeIgniter.php(480): CodeIgniter\CodeIgniter->runController(Object(App\Controllers\Forum))
 3 SYSTEMPATH\CodeIgniter.php(349): CodeIgniter\CodeIgniter->handleRequest(null, Object(Config\Cache), false)
 4 FCPATH\index.php(67): CodeIgniter\CodeIgniter->run()
 5 SYSTEMPATH\Commands\Server\rewrite.php(47): require_once('FCPATH\\index.php')
ERROR - 2023-01-15 09:29:18 --> mysqli_sql_exception: Table 'db_apotek.penggunas' doesn't exist in C:\Project\ci-news\system\Database\MySQLi\Connection.php:292
Stack trace:
#0 C:\Project\ci-news\system\Database\MySQLi\Connection.php(292): mysqli->query('SELECT *\nFROM `...', 0)
#1 C:\Project\ci-news\system\Database\BaseConnection.php(666): CodeIgniter\Database\MySQLi\Connection->execute('SELECT *\nFROM `...')
#2 C:\Project\ci-news\system\Database\BaseConnection.php(593): CodeIgniter\Database\BaseConnection->simpleQuery('SELECT *\nFROM `...')
#3 C:\Project\ci-news\system\Database\BaseBuilder.php(1585): CodeIgniter\Database\BaseConnection->query('SELECT *\nFROM `...', Array, false)
#4 C:\Project\ci-news\system\Model.php(809): CodeIgniter\Database\BaseBuilder->get()
#5 C:\Project\ci-news\app\Controllers\Forum.php(18): CodeIgniter\Model->__call('get', Array)
#6 C:\Project\ci-news\system\CodeIgniter.php(925): App\Controllers\Forum->index()
#7 C:\Project\ci-news\system\CodeIgniter.php(480): CodeIgniter\CodeIgniter->runController(Object(App\Controllers\Forum))
#8 C:\Project\ci-news\system\CodeIgniter.php(349): CodeIgniter\CodeIgniter->handleRequest(NULL, Object(Config\Cache), false)
#9 C:\Project\ci-news\public\index.php(67): CodeIgniter\CodeIgniter->run()
#10 C:\Project\ci-news\system\Commands\Server\rewrite.php(47): require_once('C:\\Project\\ci-n...')
#11 {main}
ERROR - 2023-01-15 09:31:31 --> mysqli_sql_exception: Table 'db_apotek.penggunas' doesn't exist in C:\Project\ci-news\system\Database\MySQLi\Connection.php:292
Stack trace:
#0 C:\Project\ci-news\system\Database\MySQLi\Connection.php(292): mysqli->query('SELECT *\nFROM `...', 0)
#1 C:\Project\ci-news\system\Database\BaseConnection.php(666): CodeIgniter\Database\MySQLi\Connection->execute('SELECT *\nFROM `...')
#2 C:\Project\ci-news\system\Database\BaseConnection.php(593): CodeIgniter\Database\BaseConnection->simpleQuery('SELECT *\nFROM `...')
#3 C:\Project\ci-news\system\Database\BaseBuilder.php(1585): CodeIgniter\Database\BaseConnection->query('SELECT *\nFROM `...', Array, false)
#4 C:\Project\ci-news\system\Model.php(809): CodeIgniter\Database\BaseBuilder->get()
#5 C:\Project\ci-news\app\Controllers\Forum.php(18): CodeIgniter\Model->__call('get', Array)
#6 C:\Project\ci-news\system\CodeIgniter.php(925): App\Controllers\Forum->index()
#7 C:\Project\ci-news\system\CodeIgniter.php(480): CodeIgniter\CodeIgniter->runController(Object(App\Controllers\Forum))
#8 C:\Project\ci-news\system\CodeIgniter.php(349): CodeIgniter\CodeIgniter->handleRequest(NULL, Object(Config\Cache), false)
#9 C:\Project\ci-news\public\index.php(67): CodeIgniter\CodeIgniter->run()
#10 C:\Project\ci-news\system\Commands\Server\rewrite.php(47): require_once('C:\\Project\\ci-n...')
#11 {main}
CRITICAL - 2023-01-15 09:31:31 --> Undefined variable $data
in APPPATH\Controllers\Forum.php on line 20.
 1 APPPATH\Controllers\Forum.php(20): CodeIgniter\Debug\Exceptions->errorHandler(2, 'Undefined variable $data', 'APPPATH\\Controllers\\Forum.php', 20)
 2 SYSTEMPATH\CodeIgniter.php(925): App\Controllers\Forum->index()
 3 SYSTEMPATH\CodeIgniter.php(480): CodeIgniter\CodeIgniter->runController(Object(App\Controllers\Forum))
 4 SYSTEMPATH\CodeIgniter.php(349): CodeIgniter\CodeIgniter->handleRequest(null, Object(Config\Cache), false)
 5 FCPATH\index.php(67): CodeIgniter\CodeIgniter->run()
 6 SYSTEMPATH\Commands\Server\rewrite.php(47): require_once('FCPATH\\index.php')
ERROR - 2023-01-15 09:33:16 --> mysqli_sql_exception: Table 'db_apotek.penggunas' doesn't exist in C:\Project\ci-news\system\Database\MySQLi\Connection.php:292
Stack trace:
#0 C:\Project\ci-news\system\Database\MySQLi\Connection.php(292): mysqli->query('SELECT *\nFROM `...', 0)
#1 C:\Project\ci-news\system\Database\BaseConnection.php(666): CodeIgniter\Database\MySQLi\Connection->execute('SELECT *\nFROM `...')
#2 C:\Project\ci-news\system\Database\BaseConnection.php(593): CodeIgniter\Database\BaseConnection->simpleQuery('SELECT *\nFROM `...')
#3 C:\Project\ci-news\system\Database\BaseBuilder.php(1585): CodeIgniter\Database\BaseConnection->query('SELECT *\nFROM `...', Array, false)
#4 C:\Project\ci-news\system\Model.php(809): CodeIgniter\Database\BaseBuilder->get()
#5 C:\Project\ci-news\app\Controllers\Forum.php(18): CodeIgniter\Model->__call('get', Array)
#6 C:\Project\ci-news\system\CodeIgniter.php(925): App\Controllers\Forum->index()
#7 C:\Project\ci-news\system\CodeIgniter.php(480): CodeIgniter\CodeIgniter->runController(Object(App\Controllers\Forum))
#8 C:\Project\ci-news\system\CodeIgniter.php(349): CodeIgniter\CodeIgniter->handleRequest(NULL, Object(Config\Cache), false)
#9 C:\Project\ci-news\public\index.php(67): CodeIgniter\CodeIgniter->run()
#10 C:\Project\ci-news\system\Commands\Server\rewrite.php(47): require_once('C:\\Project\\ci-n...')
#11 {main}
CRITICAL - 2023-01-15 09:33:16 --> Call to a member function result_array() on bool
in APPPATH\Controllers\Forum.php on line 19.
 1 SYSTEMPATH\CodeIgniter.php(925): App\Controllers\Forum->index()
 2 SYSTEMPATH\CodeIgniter.php(480): CodeIgniter\CodeIgniter->runController(Object(App\Controllers\Forum))
 3 SYSTEMPATH\CodeIgniter.php(349): CodeIgniter\CodeIgniter->handleRequest(null, Object(Config\Cache), false)
 4 FCPATH\index.php(67): CodeIgniter\CodeIgniter->run()
 5 SYSTEMPATH\Commands\Server\rewrite.php(47): require_once('FCPATH\\index.php')
ERROR - 2023-01-15 09:33:49 --> mysqli_sql_exception: Table 'db_apotek.penggunas' doesn't exist in C:\Project\ci-news\system\Database\MySQLi\Connection.php:292
Stack trace:
#0 C:\Project\ci-news\system\Database\MySQLi\Connection.php(292): mysqli->query('SELECT *\nFROM `...', 0)
#1 C:\Project\ci-news\system\Database\BaseConnection.php(666): CodeIgniter\Database\MySQLi\Connection->execute('SELECT *\nFROM `...')
#2 C:\Project\ci-news\system\Database\BaseConnection.php(593): CodeIgniter\Database\BaseConnection->simpleQuery('SELECT *\nFROM `...')
#3 C:\Project\ci-news\system\Database\BaseBuilder.php(1585): CodeIgniter\Database\BaseConnection->query('SELECT *\nFROM `...', Array, false)
#4 C:\Project\ci-news\system\Model.php(809): CodeIgniter\Database\BaseBuilder->get()
#5 C:\Project\ci-news\app\Controllers\Forum.php(18): CodeIgniter\Model->__call('get', Array)
#6 C:\Project\ci-news\system\CodeIgniter.php(925): App\Controllers\Forum->index()
#7 C:\Project\ci-news\system\CodeIgniter.php(480): CodeIgniter\CodeIgniter->runController(Object(App\Controllers\Forum))
#8 C:\Project\ci-news\system\CodeIgniter.php(349): CodeIgniter\CodeIgniter->handleRequest(NULL, Object(Config\Cache), false)
#9 C:\Project\ci-news\public\index.php(67): CodeIgniter\CodeIgniter->run()
#10 C:\Project\ci-news\system\Commands\Server\rewrite.php(47): require_once('C:\\Project\\ci-n...')
#11 {main}
CRITICAL - 2023-01-15 09:33:49 --> Call to a member function result_array() on bool
in APPPATH\Controllers\Forum.php on line 19.
 1 SYSTEMPATH\CodeIgniter.php(925): App\Controllers\Forum->index()
 2 SYSTEMPATH\CodeIgniter.php(480): CodeIgniter\CodeIgniter->runController(Object(App\Controllers\Forum))
 3 SYSTEMPATH\CodeIgniter.php(349): CodeIgniter\CodeIgniter->handleRequest(null, Object(Config\Cache), false)
 4 FCPATH\index.php(67): CodeIgniter\CodeIgniter->run()
 5 SYSTEMPATH\Commands\Server\rewrite.php(47): require_once('FCPATH\\index.php')
ERROR - 2023-01-15 09:34:02 --> mysqli_sql_exception: Table 'db_apotek.penggunas' doesn't exist in C:\Project\ci-news\system\Database\MySQLi\Connection.php:292
Stack trace:
#0 C:\Project\ci-news\system\Database\MySQLi\Connection.php(292): mysqli->query('SELECT *\nFROM `...', 0)
#1 C:\Project\ci-news\system\Database\BaseConnection.php(666): CodeIgniter\Database\MySQLi\Connection->execute('SELECT *\nFROM `...')
#2 C:\Project\ci-news\system\Database\BaseConnection.php(593): CodeIgniter\Database\BaseConnection->simpleQuery('SELECT *\nFROM `...')
#3 C:\Project\ci-news\system\Database\BaseBuilder.php(1585): CodeIgniter\Database\BaseConnection->query('SELECT *\nFROM `...', Array, false)
#4 C:\Project\ci-news\system\Model.php(809): CodeIgniter\Database\BaseBuilder->get()
#5 C:\Project\ci-news\app\Controllers\Forum.php(18): CodeIgniter\Model->__call('get', Array)
#6 C:\Project\ci-news\system\CodeIgniter.php(925): App\Controllers\Forum->index()
#7 C:\Project\ci-news\system\CodeIgniter.php(480): CodeIgniter\CodeIgniter->runController(Object(App\Controllers\Forum))
#8 C:\Project\ci-news\system\CodeIgniter.php(349): CodeIgniter\CodeIgniter->handleRequest(NULL, Object(Config\Cache), false)
#9 C:\Project\ci-news\public\index.php(67): CodeIgniter\CodeIgniter->run()
#10 C:\Project\ci-news\system\Commands\Server\rewrite.php(47): require_once('C:\\Project\\ci-n...')
#11 {main}
ERROR - 2023-01-15 09:35:31 --> mysqli_sql_exception: Table 'db_apotek.penggunas' doesn't exist in C:\Project\ci-news\system\Database\MySQLi\Connection.php:292
Stack trace:
#0 C:\Project\ci-news\system\Database\MySQLi\Connection.php(292): mysqli->query('SELECT *\nFROM `...', 0)
#1 C:\Project\ci-news\system\Database\BaseConnection.php(666): CodeIgniter\Database\MySQLi\Connection->execute('SELECT *\nFROM `...')
#2 C:\Project\ci-news\system\Database\BaseConnection.php(593): CodeIgniter\Database\BaseConnection->simpleQuery('SELECT *\nFROM `...')
#3 C:\Project\ci-news\system\Database\BaseBuilder.php(1585): CodeIgniter\Database\BaseConnection->query('SELECT *\nFROM `...', Array, false)
#4 C:\Project\ci-news\system\Model.php(809): CodeIgniter\Database\BaseBuilder->get()
#5 C:\Project\ci-news\app\Controllers\Forum.php(18): CodeIgniter\Model->__call('get', Array)
#6 C:\Project\ci-news\system\CodeIgniter.php(925): App\Controllers\Forum->index()
#7 C:\Project\ci-news\system\CodeIgniter.php(480): CodeIgniter\CodeIgniter->runController(Object(App\Controllers\Forum))
#8 C:\Project\ci-news\system\CodeIgniter.php(349): CodeIgniter\CodeIgniter->handleRequest(NULL, Object(Config\Cache), false)
#9 C:\Project\ci-news\public\index.php(67): CodeIgniter\CodeIgniter->run()
#10 C:\Project\ci-news\system\Commands\Server\rewrite.php(47): require_once('C:\\Project\\ci-n...')
#11 {main}
CRITICAL - 2023-01-15 09:35:31 --> foreach() argument must be of type array|object, bool given
in APPPATH\Controllers\Forum.php on line 25.
 1 APPPATH\Controllers\Forum.php(25): CodeIgniter\Debug\Exceptions->errorHandler(2, 'foreach() argument must be of type array|object, bool given', 'APPPATH\\Controllers\\Forum.php', 25)
 2 SYSTEMPATH\CodeIgniter.php(925): App\Controllers\Forum->index()
 3 SYSTEMPATH\CodeIgniter.php(480): CodeIgniter\CodeIgniter->runController(Object(App\Controllers\Forum))
 4 SYSTEMPATH\CodeIgniter.php(349): CodeIgniter\CodeIgniter->handleRequest(null, Object(Config\Cache), false)
 5 FCPATH\index.php(67): CodeIgniter\CodeIgniter->run()
 6 SYSTEMPATH\Commands\Server\rewrite.php(47): require_once('FCPATH\\index.php')
ERROR - 2023-01-15 09:35:50 --> mysqli_sql_exception: Table 'db_apotek.penggunas' doesn't exist in C:\Project\ci-news\system\Database\MySQLi\Connection.php:292
Stack trace:
#0 C:\Project\ci-news\system\Database\MySQLi\Connection.php(292): mysqli->query('SELECT *\nFROM `...', 0)
#1 C:\Project\ci-news\system\Database\BaseConnection.php(666): CodeIgniter\Database\MySQLi\Connection->execute('SELECT *\nFROM `...')
#2 C:\Project\ci-news\system\Database\BaseConnection.php(593): CodeIgniter\Database\BaseConnection->simpleQuery('SELECT *\nFROM `...')
#3 C:\Project\ci-news\system\Database\BaseBuilder.php(1585): CodeIgniter\Database\BaseConnection->query('SELECT *\nFROM `...', Array, false)
#4 C:\Project\ci-news\system\Model.php(809): CodeIgniter\Database\BaseBuilder->get()
#5 C:\Project\ci-news\app\Controllers\Forum.php(18): CodeIgniter\Model->__call('get', Array)
#6 C:\Project\ci-news\system\CodeIgniter.php(925): App\Controllers\Forum->index()
#7 C:\Project\ci-news\system\CodeIgniter.php(480): CodeIgniter\CodeIgniter->runController(Object(App\Controllers\Forum))
#8 C:\Project\ci-news\system\CodeIgniter.php(349): CodeIgniter\CodeIgniter->handleRequest(NULL, Object(Config\Cache), false)
#9 C:\Project\ci-news\public\index.php(67): CodeIgniter\CodeIgniter->run()
#10 C:\Project\ci-news\system\Commands\Server\rewrite.php(47): require_once('C:\\Project\\ci-n...')
#11 {main}
CRITICAL - 2023-01-15 09:35:50 --> foreach() argument must be of type array|object, bool given
in APPPATH\Controllers\Forum.php on line 25.
 1 APPPATH\Controllers\Forum.php(25): CodeIgniter\Debug\Exceptions->errorHandler(2, 'foreach() argument must be of type array|object, bool given', 'APPPATH\\Controllers\\Forum.php', 25)
 2 SYSTEMPATH\CodeIgniter.php(925): App\Controllers\Forum->index()
 3 SYSTEMPATH\CodeIgniter.php(480): CodeIgniter\CodeIgniter->runController(Object(App\Controllers\Forum))
 4 SYSTEMPATH\CodeIgniter.php(349): CodeIgniter\CodeIgniter->handleRequest(null, Object(Config\Cache), false)
 5 FCPATH\index.php(67): CodeIgniter\CodeIgniter->run()
 6 SYSTEMPATH\Commands\Server\rewrite.php(47): require_once('FCPATH\\index.php')
ERROR - 2023-01-15 09:36:01 --> mysqli_sql_exception: Table 'db_apotek.penggunas' doesn't exist in C:\Project\ci-news\system\Database\MySQLi\Connection.php:292
Stack trace:
#0 C:\Project\ci-news\system\Database\MySQLi\Connection.php(292): mysqli->query('SELECT *\nFROM `...', 0)
#1 C:\Project\ci-news\system\Database\BaseConnection.php(666): CodeIgniter\Database\MySQLi\Connection->execute('SELECT *\nFROM `...')
#2 C:\Project\ci-news\system\Database\BaseConnection.php(593): CodeIgniter\Database\BaseConnection->simpleQuery('SELECT *\nFROM `...')
#3 C:\Project\ci-news\system\Database\BaseBuilder.php(1585): CodeIgniter\Database\BaseConnection->query('SELECT *\nFROM `...', Array, false)
#4 C:\Project\ci-news\system\Model.php(809): CodeIgniter\Database\BaseBuilder->get()
#5 C:\Project\ci-news\app\Controllers\Forum.php(18): CodeIgniter\Model->__call('get', Array)
#6 C:\Project\ci-news\system\CodeIgniter.php(925): App\Controllers\Forum->index()
#7 C:\Project\ci-news\system\CodeIgniter.php(480): CodeIgniter\CodeIgniter->runController(Object(App\Controllers\Forum))
#8 C:\Project\ci-news\system\CodeIgniter.php(349): CodeIgniter\CodeIgniter->handleRequest(NULL, Object(Config\Cache), false)
#9 C:\Project\ci-news\public\index.php(67): CodeIgniter\CodeIgniter->run()
#10 C:\Project\ci-news\system\Commands\Server\rewrite.php(47): require_once('C:\\Project\\ci-n...')
#11 {main}
ERROR - 2023-01-15 09:36:43 --> mysqli_sql_exception: Table 'db_apotek.penggunas' doesn't exist in C:\Project\ci-news\system\Database\MySQLi\Connection.php:292
Stack trace:
#0 C:\Project\ci-news\system\Database\MySQLi\Connection.php(292): mysqli->query('SELECT *\nFROM `...', 0)
#1 C:\Project\ci-news\system\Database\BaseConnection.php(666): CodeIgniter\Database\MySQLi\Connection->execute('SELECT *\nFROM `...')
#2 C:\Project\ci-news\system\Database\BaseConnection.php(593): CodeIgniter\Database\BaseConnection->simpleQuery('SELECT *\nFROM `...')
#3 C:\Project\ci-news\system\Database\BaseBuilder.php(1585): CodeIgniter\Database\BaseConnection->query('SELECT *\nFROM `...', Array, false)
#4 C:\Project\ci-news\system\Model.php(809): CodeIgniter\Database\BaseBuilder->get()
#5 C:\Project\ci-news\app\Controllers\Forum.php(18): CodeIgniter\Model->__call('get', Array)
#6 C:\Project\ci-news\system\CodeIgniter.php(925): App\Controllers\Forum->index()
#7 C:\Project\ci-news\system\CodeIgniter.php(480): CodeIgniter\CodeIgniter->runController(Object(App\Controllers\Forum))
#8 C:\Project\ci-news\system\CodeIgniter.php(349): CodeIgniter\CodeIgniter->handleRequest(NULL, Object(Config\Cache), false)
#9 C:\Project\ci-news\public\index.php(67): CodeIgniter\CodeIgniter->run()
#10 C:\Project\ci-news\system\Commands\Server\rewrite.php(47): require_once('C:\\Project\\ci-n...')
#11 {main}
CRITICAL - 2023-01-15 09:36:43 --> foreach() argument must be of type array|object, bool given
in APPPATH\Controllers\Forum.php on line 25.
 1 APPPATH\Controllers\Forum.php(25): CodeIgniter\Debug\Exceptions->errorHandler(2, 'foreach() argument must be of type array|object, bool given', 'APPPATH\\Controllers\\Forum.php', 25)
 2 SYSTEMPATH\CodeIgniter.php(925): App\Controllers\Forum->index()
 3 SYSTEMPATH\CodeIgniter.php(480): CodeIgniter\CodeIgniter->runController(Object(App\Controllers\Forum))
 4 SYSTEMPATH\CodeIgniter.php(349): CodeIgniter\CodeIgniter->handleRequest(null, Object(Config\Cache), false)
 5 FCPATH\index.php(67): CodeIgniter\CodeIgniter->run()
 6 SYSTEMPATH\Commands\Server\rewrite.php(47): require_once('FCPATH\\index.php')
ERROR - 2023-01-15 09:37:27 --> mysqli_sql_exception: Table 'db_apotek.penggunas' doesn't exist in C:\Project\ci-news\system\Database\MySQLi\Connection.php:292
Stack trace:
#0 C:\Project\ci-news\system\Database\MySQLi\Connection.php(292): mysqli->query('SELECT *\nFROM `...', 0)
#1 C:\Project\ci-news\system\Database\BaseConnection.php(666): CodeIgniter\Database\MySQLi\Connection->execute('SELECT *\nFROM `...')
#2 C:\Project\ci-news\system\Database\BaseConnection.php(593): CodeIgniter\Database\BaseConnection->simpleQuery('SELECT *\nFROM `...')
#3 C:\Project\ci-news\system\Database\BaseBuilder.php(1585): CodeIgniter\Database\BaseConnection->query('SELECT *\nFROM `...', Array, false)
#4 C:\Project\ci-news\system\Model.php(809): CodeIgniter\Database\BaseBuilder->get()
#5 C:\Project\ci-news\app\Controllers\Forum.php(18): CodeIgniter\Model->__call('get', Array)
#6 C:\Project\ci-news\system\CodeIgniter.php(925): App\Controllers\Forum->index()
#7 C:\Project\ci-news\system\CodeIgniter.php(480): CodeIgniter\CodeIgniter->runController(Object(App\Controllers\Forum))
#8 C:\Project\ci-news\system\CodeIgniter.php(349): CodeIgniter\CodeIgniter->handleRequest(NULL, Object(Config\Cache), false)
#9 C:\Project\ci-news\public\index.php(67): CodeIgniter\CodeIgniter->run()
#10 C:\Project\ci-news\system\Commands\Server\rewrite.php(47): require_once('C:\\Project\\ci-n...')
#11 {main}
CRITICAL - 2023-01-15 09:37:27 --> count(): Argument #1 ($value) must be of type Countable|array, bool given
in APPPATH\Controllers\Forum.php on line 25.
 1 APPPATH\Controllers\Forum.php(25): count(false)
 2 SYSTEMPATH\CodeIgniter.php(925): App\Controllers\Forum->index()
 3 SYSTEMPATH\CodeIgniter.php(480): CodeIgniter\CodeIgniter->runController(Object(App\Controllers\Forum))
 4 SYSTEMPATH\CodeIgniter.php(349): CodeIgniter\CodeIgniter->handleRequest(null, Object(Config\Cache), false)
 5 FCPATH\index.php(67): CodeIgniter\CodeIgniter->run()
 6 SYSTEMPATH\Commands\Server\rewrite.php(47): require_once('FCPATH\\index.php')
ERROR - 2023-01-15 09:37:41 --> mysqli_sql_exception: Table 'db_apotek.penggunas' doesn't exist in C:\Project\ci-news\system\Database\MySQLi\Connection.php:292
Stack trace:
#0 C:\Project\ci-news\system\Database\MySQLi\Connection.php(292): mysqli->query('SELECT *\nFROM `...', 0)
#1 C:\Project\ci-news\system\Database\BaseConnection.php(666): CodeIgniter\Database\MySQLi\Connection->execute('SELECT *\nFROM `...')
#2 C:\Project\ci-news\system\Database\BaseConnection.php(593): CodeIgniter\Database\BaseConnection->simpleQuery('SELECT *\nFROM `...')
#3 C:\Project\ci-news\system\Database\BaseBuilder.php(1585): CodeIgniter\Database\BaseConnection->query('SELECT *\nFROM `...', Array, false)
#4 C:\Project\ci-news\system\Model.php(809): CodeIgniter\Database\BaseBuilder->get()
#5 C:\Project\ci-news\app\Controllers\Forum.php(18): CodeIgniter\Model->__call('get', Array)
#6 C:\Project\ci-news\system\CodeIgniter.php(925): App\Controllers\Forum->index()
#7 C:\Project\ci-news\system\CodeIgniter.php(480): CodeIgniter\CodeIgniter->runController(Object(App\Controllers\Forum))
#8 C:\Project\ci-news\system\CodeIgniter.php(349): CodeIgniter\CodeIgniter->handleRequest(NULL, Object(Config\Cache), false)
#9 C:\Project\ci-news\public\index.php(67): CodeIgniter\CodeIgniter->run()
#10 C:\Project\ci-news\system\Commands\Server\rewrite.php(47): require_once('C:\\Project\\ci-n...')
#11 {main}
ERROR - 2023-01-15 09:38:05 --> mysqli_sql_exception: Table 'db_apotek.penggunas' doesn't exist in C:\Project\ci-news\system\Database\MySQLi\Connection.php:292
Stack trace:
#0 C:\Project\ci-news\system\Database\MySQLi\Connection.php(292): mysqli->query('SELECT *\nFROM `...', 0)
#1 C:\Project\ci-news\system\Database\BaseConnection.php(666): CodeIgniter\Database\MySQLi\Connection->execute('SELECT *\nFROM `...')
#2 C:\Project\ci-news\system\Database\BaseConnection.php(593): CodeIgniter\Database\BaseConnection->simpleQuery('SELECT *\nFROM `...')
#3 C:\Project\ci-news\system\Database\BaseBuilder.php(1585): CodeIgniter\Database\BaseConnection->query('SELECT *\nFROM `...', Array, false)
#4 C:\Project\ci-news\system\Model.php(240): CodeIgniter\Database\BaseBuilder->get()
#5 C:\Project\ci-news\system\BaseModel.php(586): CodeIgniter\Model->doFindAll(0, 0)
#6 C:\Project\ci-news\app\Controllers\Forum.php(18): CodeIgniter\BaseModel->findAll()
#7 C:\Project\ci-news\system\CodeIgniter.php(925): App\Controllers\Forum->index()
#8 C:\Project\ci-news\system\CodeIgniter.php(480): CodeIgniter\CodeIgniter->runController(Object(App\Controllers\Forum))
#9 C:\Project\ci-news\system\CodeIgniter.php(349): CodeIgniter\CodeIgniter->handleRequest(NULL, Object(Config\Cache), false)
#10 C:\Project\ci-news\public\index.php(67): CodeIgniter\CodeIgniter->run()
#11 C:\Project\ci-news\system\Commands\Server\rewrite.php(47): require_once('C:\\Project\\ci-n...')
#12 {main}
CRITICAL - 2023-01-15 09:38:05 --> Call to a member function getResult() on bool
in SYSTEMPATH\Model.php on line 241.
 1 SYSTEMPATH\BaseModel.php(586): CodeIgniter\Model->doFindAll(0, 0)
 2 APPPATH\Controllers\Forum.php(18): CodeIgniter\BaseModel->findAll()
 3 SYSTEMPATH\CodeIgniter.php(925): App\Controllers\Forum->index()
 4 SYSTEMPATH\CodeIgniter.php(480): CodeIgniter\CodeIgniter->runController(Object(App\Controllers\Forum))
 5 SYSTEMPATH\CodeIgniter.php(349): CodeIgniter\CodeIgniter->handleRequest(null, Object(Config\Cache), false)
 6 FCPATH\index.php(67): CodeIgniter\CodeIgniter->run()
 7 SYSTEMPATH\Commands\Server\rewrite.php(47): require_once('FCPATH\\index.php')
ERROR - 2023-01-15 09:39:42 --> mysqli_sql_exception: Table 'db_apotek.penggunas' doesn't exist in C:\Project\ci-news\system\Database\MySQLi\Connection.php:292
Stack trace:
#0 C:\Project\ci-news\system\Database\MySQLi\Connection.php(292): mysqli->query('SELECT *\nFROM `...', 0)
#1 C:\Project\ci-news\system\Database\BaseConnection.php(666): CodeIgniter\Database\MySQLi\Connection->execute('SELECT *\nFROM `...')
#2 C:\Project\ci-news\system\Database\BaseConnection.php(593): CodeIgniter\Database\BaseConnection->simpleQuery('SELECT *\nFROM `...')
#3 C:\Project\ci-news\system\Database\BaseBuilder.php(1585): CodeIgniter\Database\BaseConnection->query('SELECT *\nFROM `...', Array, false)
#4 C:\Project\ci-news\system\Model.php(809): CodeIgniter\Database\BaseBuilder->get()
#5 C:\Project\ci-news\app\Controllers\Forum.php(18): CodeIgniter\Model->__call('get', Array)
#6 C:\Project\ci-news\system\CodeIgniter.php(925): App\Controllers\Forum->index()
#7 C:\Project\ci-news\system\CodeIgniter.php(480): CodeIgniter\CodeIgniter->runController(Object(App\Controllers\Forum))
#8 C:\Project\ci-news\system\CodeIgniter.php(349): CodeIgniter\CodeIgniter->handleRequest(NULL, Object(Config\Cache), false)
#9 C:\Project\ci-news\public\index.php(67): CodeIgniter\CodeIgniter->run()
#10 C:\Project\ci-news\system\Commands\Server\rewrite.php(47): require_once('C:\\Project\\ci-n...')
#11 {main}
CRITICAL - 2023-01-15 09:39:42 --> count(): Argument #1 ($value) must be of type Countable|array, bool given
in APPPATH\Controllers\Forum.php on line 25.
 1 APPPATH\Controllers\Forum.php(25): count(false)
 2 SYSTEMPATH\CodeIgniter.php(925): App\Controllers\Forum->index()
 3 SYSTEMPATH\CodeIgniter.php(480): CodeIgniter\CodeIgniter->runController(Object(App\Controllers\Forum))
 4 SYSTEMPATH\CodeIgniter.php(349): CodeIgniter\CodeIgniter->handleRequest(null, Object(Config\Cache), false)
 5 FCPATH\index.php(67): CodeIgniter\CodeIgniter->run()
 6 SYSTEMPATH\Commands\Server\rewrite.php(47): require_once('FCPATH\\index.php')
ERROR - 2023-01-15 09:39:59 --> mysqli_sql_exception: Table 'db_apotek.penggunas' doesn't exist in C:\Project\ci-news\system\Database\MySQLi\Connection.php:292
Stack trace:
#0 C:\Project\ci-news\system\Database\MySQLi\Connection.php(292): mysqli->query('SELECT *\nFROM `...', 0)
#1 C:\Project\ci-news\system\Database\BaseConnection.php(666): CodeIgniter\Database\MySQLi\Connection->execute('SELECT *\nFROM `...')
#2 C:\Project\ci-news\system\Database\BaseConnection.php(593): CodeIgniter\Database\BaseConnection->simpleQuery('SELECT *\nFROM `...')
#3 C:\Project\ci-news\system\Database\BaseBuilder.php(1585): CodeIgniter\Database\BaseConnection->query('SELECT *\nFROM `...', Array, false)
#4 C:\Project\ci-news\system\Model.php(809): CodeIgniter\Database\BaseBuilder->get()
#5 C:\Project\ci-news\app\Controllers\Forum.php(18): CodeIgniter\Model->__call('get', Array)
#6 C:\Project\ci-news\system\CodeIgniter.php(925): App\Controllers\Forum->index()
#7 C:\Project\ci-news\system\CodeIgniter.php(480): CodeIgniter\CodeIgniter->runController(Object(App\Controllers\Forum))
#8 C:\Project\ci-news\system\CodeIgniter.php(349): CodeIgniter\CodeIgniter->handleRequest(NULL, Object(Config\Cache), false)
#9 C:\Project\ci-news\public\index.php(67): CodeIgniter\CodeIgniter->run()
#10 C:\Project\ci-news\system\Commands\Server\rewrite.php(47): require_once('C:\\Project\\ci-n...')
#11 {main}
CRITICAL - 2023-01-15 19:36:34 --> Call to undefined method CodeIgniter\Database\MySQLi\Connection::getresult()
in APPPATH\Controllers\Forum.php on line 19.
 1 SYSTEMPATH\CodeIgniter.php(925): App\Controllers\Forum->index()
 2 SYSTEMPATH\CodeIgniter.php(480): CodeIgniter\CodeIgniter->runController(Object(App\Controllers\Forum))
 3 SYSTEMPATH\CodeIgniter.php(349): CodeIgniter\CodeIgniter->handleRequest(null, Object(Config\Cache), false)
 4 FCPATH\index.php(67): CodeIgniter\CodeIgniter->run()
 5 SYSTEMPATH\Commands\Server\rewrite.php(47): require_once('FCPATH\\index.php')
CRITICAL - 2023-01-15 19:36:37 --> Call to undefined method CodeIgniter\Database\MySQLi\Connection::getresult()
in APPPATH\Controllers\Forum.php on line 19.
 1 SYSTEMPATH\CodeIgniter.php(925): App\Controllers\Forum->index()
 2 SYSTEMPATH\CodeIgniter.php(480): CodeIgniter\CodeIgniter->runController(Object(App\Controllers\Forum))
 3 SYSTEMPATH\CodeIgniter.php(349): CodeIgniter\CodeIgniter->handleRequest(null, Object(Config\Cache), false)
 4 FCPATH\index.php(67): CodeIgniter\CodeIgniter->run()
 5 SYSTEMPATH\Commands\Server\rewrite.php(47): require_once('FCPATH\\index.php')
CRITICAL - 2023-01-15 19:36:52 --> Call to undefined method CodeIgniter\Database\MySQLi\Connection::getResult()
in APPPATH\Controllers\Forum.php on line 19.
 1 SYSTEMPATH\CodeIgniter.php(925): App\Controllers\Forum->index()
 2 SYSTEMPATH\CodeIgniter.php(480): CodeIgniter\CodeIgniter->runController(Object(App\Controllers\Forum))
 3 SYSTEMPATH\CodeIgniter.php(349): CodeIgniter\CodeIgniter->handleRequest(null, Object(Config\Cache), false)
 4 FCPATH\index.php(67): CodeIgniter\CodeIgniter->run()
 5 SYSTEMPATH\Commands\Server\rewrite.php(47): require_once('FCPATH\\index.php')
CRITICAL - 2023-01-15 19:38:50 --> Call to undefined method CodeIgniter\Database\MySQLi\Connection::getResult()
in APPPATH\Controllers\Forum.php on line 19.
 1 SYSTEMPATH\CodeIgniter.php(925): App\Controllers\Forum->index()
 2 SYSTEMPATH\CodeIgniter.php(480): CodeIgniter\CodeIgniter->runController(Object(App\Controllers\Forum))
 3 SYSTEMPATH\CodeIgniter.php(349): CodeIgniter\CodeIgniter->handleRequest(null, Object(Config\Cache), false)
 4 FCPATH\index.php(67): CodeIgniter\CodeIgniter->run()
 5 SYSTEMPATH\Commands\Server\rewrite.php(47): require_once('FCPATH\\index.php')
CRITICAL - 2023-01-15 19:39:09 --> Call to undefined method CodeIgniter\Database\MySQLi\Connection::getResult()
in APPPATH\Controllers\Forum.php on line 19.
 1 SYSTEMPATH\CodeIgniter.php(925): App\Controllers\Forum->index()
 2 SYSTEMPATH\CodeIgniter.php(480): CodeIgniter\CodeIgniter->runController(Object(App\Controllers\Forum))
 3 SYSTEMPATH\CodeIgniter.php(349): CodeIgniter\CodeIgniter->handleRequest(null, Object(Config\Cache), false)
 4 FCPATH\index.php(67): CodeIgniter\CodeIgniter->run()
 5 SYSTEMPATH\Commands\Server\rewrite.php(47): require_once('FCPATH\\index.php')
