CRITICAL - 2023-03-08 09:17:09 --> Declaration of App\Filters\Options::before(CodeIgniter\HTTP\RequestInterface $request) must be compatible with CodeIgniter\Filters\FilterInterface::before(CodeIgniter\HTTP\RequestInterface $request, $arguments = null)
in APPPATH\Filters\Options.php on line 9.
 1 [internal function]: CodeIgniter\Debug\Exceptions->shutdownHandler()
CRITICAL - 2023-03-08 09:19:01 --> Declaration of App\Filters\Options::before(CodeIgniter\HTTP\RequestInterface $request) must be compatible with CodeIgniter\Filters\FilterInterface::before(CodeIgniter\HTTP\RequestInterface $request, $arguments = null)
in APPPATH\Filters\Options.php on line 9.
 1 [internal function]: CodeIgniter\Debug\Exceptions->shutdownHandler()
CRITICAL - 2023-03-08 09:19:31 --> Declaration of App\Filters\Options::before(CodeIgniter\HTTP\RequestInterface $request) must be compatible with CodeIgniter\Filters\FilterInterface::before(CodeIgniter\HTTP\RequestInterface $request, $arguments = null)
in APPPATH\Filters\Options.php on line 9.
 1 [internal function]: CodeIgniter\Debug\Exceptions->shutdownHandler()
ERROR - 2023-03-08 09:28:37 --> Error connecting to the database: mysqli_sql_exception: No connection could be made because the target machine actively refused it in C:\Belajar\CI_API\ci4\system\Database\MySQLi\Connection.php:171
Stack trace:
#0 C:\Belajar\CI_API\ci4\system\Database\MySQLi\Connection.php(171): mysqli->real_connect('localhost', 'root', '', 'db_apotek', 3306, '', 0)
#1 C:\Belajar\CI_API\ci4\system\Database\BaseConnection.php(382): CodeIgniter\Database\MySQLi\Connection->connect(false)
#2 C:\Belajar\CI_API\ci4\system\Database\BaseConnection.php(561): CodeIgniter\Database\BaseConnection->initialize()
#3 C:\Belajar\CI_API\ci4\system\Database\BaseConnection.php(1361): CodeIgniter\Database\BaseConnection->query('SHOW TABLES FRO...')
#4 C:\Belajar\CI_API\ci4\system\Database\BaseConnection.php(1380): CodeIgniter\Database\BaseConnection->listTables()
#5 C:\Belajar\CI_API\ci4\system\Database\MigrationRunner.php(768): CodeIgniter\Database\BaseConnection->tableExists('migrations')
#6 C:\Belajar\CI_API\ci4\system\Database\MigrationRunner.php(168): CodeIgniter\Database\MigrationRunner->ensureTable()
#7 C:\Belajar\CI_API\ci4\system\Commands\Database\Migrate.php(84): CodeIgniter\Database\MigrationRunner->latest(NULL)
#8 C:\Belajar\CI_API\ci4\system\CLI\Commands.php(63): CodeIgniter\Commands\Database\Migrate->run(Array)
#9 C:\Belajar\CI_API\ci4\system\CLI\CommandRunner.php(65): CodeIgniter\CLI\Commands->run('migrate', Array)
#10 C:\Belajar\CI_API\ci4\system\CLI\CommandRunner.php(51): CodeIgniter\CLI\CommandRunner->index(Array)
#11 C:\Belajar\CI_API\ci4\system\CodeIgniter.php(918): CodeIgniter\CLI\CommandRunner->_remap('index', Array)
#12 C:\Belajar\CI_API\ci4\system\CodeIgniter.php(480): CodeIgniter\CodeIgniter->runController(Object(CodeIgniter\CLI\CommandRunner))
#13 C:\Belajar\CI_API\ci4\system\CodeIgniter.php(345): CodeIgniter\CodeIgniter->handleRequest(NULL, Object(Config\Cache), false)
#14 C:\Belajar\CI_API\ci4\system\CLI\Console.php(48): CodeIgniter\CodeIgniter->run()
#15 C:\Belajar\CI_API\ci4\spark(98): CodeIgniter\CLI\Console->run()
#16 {main}

Next CodeIgniter\Database\Exceptions\DatabaseException: No connection could be made because the target machine actively refused it in C:\Belajar\CI_API\ci4\system\Database\MySQLi\Connection.php:215
Stack trace:
#0 C:\Belajar\CI_API\ci4\system\Database\BaseConnection.php(382): CodeIgniter\Database\MySQLi\Connection->connect(false)
#1 C:\Belajar\CI_API\ci4\system\Database\BaseConnection.php(561): CodeIgniter\Database\BaseConnection->initialize()
#2 C:\Belajar\CI_API\ci4\system\Database\BaseConnection.php(1361): CodeIgniter\Database\BaseConnection->query('SHOW TABLES FRO...')
#3 C:\Belajar\CI_API\ci4\system\Database\BaseConnection.php(1380): CodeIgniter\Database\BaseConnection->listTables()
#4 C:\Belajar\CI_API\ci4\system\Database\MigrationRunner.php(768): CodeIgniter\Database\BaseConnection->tableExists('migrations')
#5 C:\Belajar\CI_API\ci4\system\Database\MigrationRunner.php(168): CodeIgniter\Database\MigrationRunner->ensureTable()
#6 C:\Belajar\CI_API\ci4\system\Commands\Database\Migrate.php(84): CodeIgniter\Database\MigrationRunner->latest(NULL)
#7 C:\Belajar\CI_API\ci4\system\CLI\Commands.php(63): CodeIgniter\Commands\Database\Migrate->run(Array)
#8 C:\Belajar\CI_API\ci4\system\CLI\CommandRunner.php(65): CodeIgniter\CLI\Commands->run('migrate', Array)
#9 C:\Belajar\CI_API\ci4\system\CLI\CommandRunner.php(51): CodeIgniter\CLI\CommandRunner->index(Array)
#10 C:\Belajar\CI_API\ci4\system\CodeIgniter.php(918): CodeIgniter\CLI\CommandRunner->_remap('index', Array)
#11 C:\Belajar\CI_API\ci4\system\CodeIgniter.php(480): CodeIgniter\CodeIgniter->runController(Object(CodeIgniter\CLI\CommandRunner))
#12 C:\Belajar\CI_API\ci4\system\CodeIgniter.php(345): CodeIgniter\CodeIgniter->handleRequest(NULL, Object(Config\Cache), false)
#13 C:\Belajar\CI_API\ci4\system\CLI\Console.php(48): CodeIgniter\CodeIgniter->run()
#14 C:\Belajar\CI_API\ci4\spark(98): CodeIgniter\CLI\Console->run()
#15 {main}
CRITICAL - 2023-03-08 09:33:17 --> Declaration of App\Filters\Options::before(CodeIgniter\HTTP\RequestInterface $request) must be compatible with CodeIgniter\Filters\FilterInterface::before(CodeIgniter\HTTP\RequestInterface $request, $arguments = null)
in APPPATH\Filters\Options.php on line 9.
 1 [internal function]: CodeIgniter\Debug\Exceptions->shutdownHandler()
CRITICAL - 2023-03-08 09:33:37 --> Declaration of App\Filters\Options::before(CodeIgniter\HTTP\RequestInterface $request) must be compatible with CodeIgniter\Filters\FilterInterface::before(CodeIgniter\HTTP\RequestInterface $request, $arguments = null)
in APPPATH\Filters\Options.php on line 9.
 1 [internal function]: CodeIgniter\Debug\Exceptions->shutdownHandler()
CRITICAL - 2023-03-08 09:48:32 --> Declaration of App\Filters\Options::after(CodeIgniter\HTTP\RequestInterface $request, CodeIgniter\HTTP\ResponseInterface $response) must be compatible with CodeIgniter\Filters\FilterInterface::after(CodeIgniter\HTTP\RequestInterface $request, CodeIgniter\HTTP\ResponseInterface $response, $arguments = null)
in APPPATH\Filters\Options.php on line 20.
 1 [internal function]: CodeIgniter\Debug\Exceptions->shutdownHandler()
