CRITICAL - 2023-03-15 05:27:12 --> Undefined property: stdClass::$Keterangan
in APPPATH\Controllers\Dokter.php on line 70.
 1 APPPATH\Controllers\Dokter.php(70): CodeIgniter\Debug\Exceptions->errorHandler(2, 'Undefined property: stdClass::$Keterangan', 'APPPATH\\Controllers\\Dokter.php', 70)
 2 SYSTEMPATH\CodeIgniter.php(925): App\Controllers\Dokter->create()
 3 SYSTEMPATH\CodeIgniter.php(480): CodeIgniter\CodeIgniter->runController(Object(App\Controllers\Dokter))
 4 SYSTEMPATH\CodeIgniter.php(349): CodeIgniter\CodeIgniter->handleRequest(null, Object(Config\Cache), false)
 5 FCPATH\index.php(67): CodeIgniter\CodeIgniter->run()
 6 SYSTEMPATH\Commands\Server\rewrite.php(47): require_once('FCPATH\\index.php')
CRITICAL - 2023-03-15 06:02:40 --> Undefined property: stdClass::$JK
in APPPATH\Controllers\Pelanggan.php on line 66.
 1 APPPATH\Controllers\Pelanggan.php(66): CodeIgniter\Debug\Exceptions->errorHandler(2, 'Undefined property: stdClass::$JK', 'APPPATH\\Controllers\\Pelanggan.php', 66)
 2 SYSTEMPATH\CodeIgniter.php(925): App\Controllers\Pelanggan->create()
 3 SYSTEMPATH\CodeIgniter.php(480): CodeIgniter\CodeIgniter->runController(Object(App\Controllers\Pelanggan))
 4 SYSTEMPATH\CodeIgniter.php(349): CodeIgniter\CodeIgniter->handleRequest(null, Object(Config\Cache), false)
 5 FCPATH\index.php(67): CodeIgniter\CodeIgniter->run()
 6 SYSTEMPATH\Commands\Server\rewrite.php(47): require_once('FCPATH\\index.php')
CRITICAL - 2023-03-15 06:03:08 --> Undefined property: stdClass::$JK
in APPPATH\Controllers\Pelanggan.php on line 66.
 1 APPPATH\Controllers\Pelanggan.php(66): CodeIgniter\Debug\Exceptions->errorHandler(2, 'Undefined property: stdClass::$JK', 'APPPATH\\Controllers\\Pelanggan.php', 66)
 2 SYSTEMPATH\CodeIgniter.php(925): App\Controllers\Pelanggan->create()
 3 SYSTEMPATH\CodeIgniter.php(480): CodeIgniter\CodeIgniter->runController(Object(App\Controllers\Pelanggan))
 4 SYSTEMPATH\CodeIgniter.php(349): CodeIgniter\CodeIgniter->handleRequest(null, Object(Config\Cache), false)
 5 FCPATH\index.php(67): CodeIgniter\CodeIgniter->run()
 6 SYSTEMPATH\Commands\Server\rewrite.php(47): require_once('FCPATH\\index.php')
CRITICAL - 2023-03-15 06:03:38 --> There is no data to insert.
in SYSTEMPATH\BaseModel.php on line 730.
 1 SYSTEMPATH\BaseModel.php(730): CodeIgniter\Database\Exceptions\DataException::forEmptyDataset('insert')
 2 SYSTEMPATH\Model.php(699): CodeIgniter\BaseModel->insert([], true)
 3 APPPATH\Controllers\Obat.php(38): CodeIgniter\Model->insert([...])
 4 SYSTEMPATH\CodeIgniter.php(925): App\Controllers\Obat->create()
 5 SYSTEMPATH\CodeIgniter.php(480): CodeIgniter\CodeIgniter->runController(Object(App\Controllers\Obat))
 6 SYSTEMPATH\CodeIgniter.php(349): CodeIgniter\CodeIgniter->handleRequest(null, Object(Config\Cache), false)
 7 FCPATH\index.php(67): CodeIgniter\CodeIgniter->run()
 8 SYSTEMPATH\Commands\Server\rewrite.php(47): require_once('FCPATH\\index.php')
