CRITICAL - 2023-03-05 01:31:35 --> Call to undefined function App\Controllers\parseint()
in APPPATH\Controllers\Jenis.php on line 21.
 1 SYSTEMPATH\CodeIgniter.php(925): App\Controllers\Jenis->index('0', '10')
 2 SYSTEMPATH\CodeIgniter.php(480): CodeIgniter\CodeIgniter->runController(Object(App\Controllers\Jenis))
 3 SYSTEMPATH\CodeIgniter.php(349): CodeIgniter\CodeIgniter->handleRequest(null, Object(Config\Cache), false)
 4 FCPATH\index.php(67): CodeIgniter\CodeIgniter->run()
 5 SYSTEMPATH\Commands\Server\rewrite.php(47): require_once('FCPATH\\index.php')
CRITICAL - 2023-03-05 01:31:50 --> Call to undefined function App\Controllers\Parseint()
in APPPATH\Controllers\Jenis.php on line 21.
 1 SYSTEMPATH\CodeIgniter.php(925): App\Controllers\Jenis->index('0', '10')
 2 SYSTEMPATH\CodeIgniter.php(480): CodeIgniter\CodeIgniter->runController(Object(App\Controllers\Jenis))
 3 SYSTEMPATH\CodeIgniter.php(349): CodeIgniter\CodeIgniter->handleRequest(null, Object(Config\Cache), false)
 4 FCPATH\index.php(67): CodeIgniter\CodeIgniter->run()
 5 SYSTEMPATH\Commands\Server\rewrite.php(47): require_once('FCPATH\\index.php')
CRITICAL - 2023-03-05 01:32:00 --> Call to undefined function App\Controllers\ParseInt()
in APPPATH\Controllers\Jenis.php on line 21.
 1 SYSTEMPATH\CodeIgniter.php(925): App\Controllers\Jenis->index('0', '10')
 2 SYSTEMPATH\CodeIgniter.php(480): CodeIgniter\CodeIgniter->runController(Object(App\Controllers\Jenis))
 3 SYSTEMPATH\CodeIgniter.php(349): CodeIgniter\CodeIgniter->handleRequest(null, Object(Config\Cache), false)
 4 FCPATH\index.php(67): CodeIgniter\CodeIgniter->run()
 5 SYSTEMPATH\Commands\Server\rewrite.php(47): require_once('FCPATH\\index.php')
CRITICAL - 2023-03-05 01:32:11 --> Call to undefined function App\Controllers\parseInt()
in APPPATH\Controllers\Jenis.php on line 21.
 1 SYSTEMPATH\CodeIgniter.php(925): App\Controllers\Jenis->index('0', '10')
 2 SYSTEMPATH\CodeIgniter.php(480): CodeIgniter\CodeIgniter->runController(Object(App\Controllers\Jenis))
 3 SYSTEMPATH\CodeIgniter.php(349): CodeIgniter\CodeIgniter->handleRequest(null, Object(Config\Cache), false)
 4 FCPATH\index.php(67): CodeIgniter\CodeIgniter->run()
 5 SYSTEMPATH\Commands\Server\rewrite.php(47): require_once('FCPATH\\index.php')
CRITICAL - 2023-03-05 02:21:27 --> Class "App\Controllers\REST_Controller" not found
in APPPATH\Controllers\Jenis.php on line 9.
 1 SYSTEMPATH\Autoloader\Autoloader.php(283): include_once()
 2 SYSTEMPATH\Autoloader\Autoloader.php(260): CodeIgniter\Autoloader\Autoloader->includeFile('APPPATH\\Controllers\\Jenis.php')
 3 SYSTEMPATH\Autoloader\Autoloader.php(238): CodeIgniter\Autoloader\Autoloader->loadInNamespace('App\\Controllers\\Jenis')
 4 [internal function]: CodeIgniter\Autoloader\Autoloader->loadClass('App\\Controllers\\Jenis')
 5 SYSTEMPATH\CodeIgniter.php(875): class_exists('\\App\\Controllers\\Jenis', true)
 6 SYSTEMPATH\CodeIgniter.php(467): CodeIgniter\CodeIgniter->startController()
 7 SYSTEMPATH\CodeIgniter.php(349): CodeIgniter\CodeIgniter->handleRequest(null, Object(Config\Cache), false)
 8 FCPATH\index.php(67): CodeIgniter\CodeIgniter->run()
 9 SYSTEMPATH\Commands\Server\rewrite.php(47): require_once('FCPATH\\index.php')
CRITICAL - 2023-03-05 02:21:30 --> Class "App\Controllers\REST_Controller" not found
in APPPATH\Controllers\Jenis.php on line 9.
 1 SYSTEMPATH\Autoloader\Autoloader.php(283): include_once()
 2 SYSTEMPATH\Autoloader\Autoloader.php(260): CodeIgniter\Autoloader\Autoloader->includeFile('APPPATH\\Controllers\\Jenis.php')
 3 SYSTEMPATH\Autoloader\Autoloader.php(238): CodeIgniter\Autoloader\Autoloader->loadInNamespace('App\\Controllers\\Jenis')
 4 [internal function]: CodeIgniter\Autoloader\Autoloader->loadClass('App\\Controllers\\Jenis')
 5 SYSTEMPATH\CodeIgniter.php(875): class_exists('\\App\\Controllers\\Jenis', true)
 6 SYSTEMPATH\CodeIgniter.php(467): CodeIgniter\CodeIgniter->startController()
 7 SYSTEMPATH\CodeIgniter.php(349): CodeIgniter\CodeIgniter->handleRequest(null, Object(Config\Cache), false)
 8 FCPATH\index.php(67): CodeIgniter\CodeIgniter->run()
 9 SYSTEMPATH\Commands\Server\rewrite.php(47): require_once('FCPATH\\index.php')
CRITICAL - 2023-03-05 02:27:29 --> Undefined variable $pencarian
in APPPATH\Controllers\Jenis.php on line 20.
 1 APPPATH\Controllers\Jenis.php(20): CodeIgniter\Debug\Exceptions->errorHandler(2, 'Undefined variable $pencarian', 'APPPATH\\Controllers\\Jenis.php', 20)
 2 SYSTEMPATH\CodeIgniter.php(925): App\Controllers\Jenis->index()
 3 SYSTEMPATH\CodeIgniter.php(480): CodeIgniter\CodeIgniter->runController(Object(App\Controllers\Jenis))
 4 SYSTEMPATH\CodeIgniter.php(349): CodeIgniter\CodeIgniter->handleRequest(null, Object(Config\Cache), false)
 5 FCPATH\index.php(67): CodeIgniter\CodeIgniter->run()
 6 SYSTEMPATH\Commands\Server\rewrite.php(47): require_once('FCPATH\\index.php')
CRITICAL - 2023-03-05 02:27:50 --> Undefined variable $total
in APPPATH\Controllers\Jenis.php on line 20.
 1 APPPATH\Controllers\Jenis.php(20): CodeIgniter\Debug\Exceptions->errorHandler(2, 'Undefined variable $total', 'APPPATH\\Controllers\\Jenis.php', 20)
 2 SYSTEMPATH\CodeIgniter.php(925): App\Controllers\Jenis->index()
 3 SYSTEMPATH\CodeIgniter.php(480): CodeIgniter\CodeIgniter->runController(Object(App\Controllers\Jenis))
 4 SYSTEMPATH\CodeIgniter.php(349): CodeIgniter\CodeIgniter->handleRequest(null, Object(Config\Cache), false)
 5 FCPATH\index.php(67): CodeIgniter\CodeIgniter->run()
 6 SYSTEMPATH\Commands\Server\rewrite.php(47): require_once('FCPATH\\index.php')
CRITICAL - 2023-03-05 02:31:28 --> syntax error, unexpected variable "$data"
in APPPATH\Controllers\Jenis.php on line 21.
 1 SYSTEMPATH\Autoloader\Autoloader.php(260): CodeIgniter\Autoloader\Autoloader->includeFile('APPPATH\\Controllers\\Jenis.php')
 2 SYSTEMPATH\Autoloader\Autoloader.php(238): CodeIgniter\Autoloader\Autoloader->loadInNamespace('App\\Controllers\\Jenis')
 3 [internal function]: CodeIgniter\Autoloader\Autoloader->loadClass('App\\Controllers\\Jenis')
 4 SYSTEMPATH\CodeIgniter.php(875): class_exists('\\App\\Controllers\\Jenis', true)
 5 SYSTEMPATH\CodeIgniter.php(467): CodeIgniter\CodeIgniter->startController()
 6 SYSTEMPATH\CodeIgniter.php(349): CodeIgniter\CodeIgniter->handleRequest(null, Object(Config\Cache), false)
 7 FCPATH\index.php(67): CodeIgniter\CodeIgniter->run()
 8 SYSTEMPATH\Commands\Server\rewrite.php(47): require_once('FCPATH\\index.php')
CRITICAL - 2023-03-05 02:40:25 --> Class "CodeIgniter\RESTful\REST_Controller" not found
in APPPATH\Controllers\Jenis.php on line 9.
 1 SYSTEMPATH\Autoloader\Autoloader.php(283): include_once()
 2 SYSTEMPATH\Autoloader\Autoloader.php(260): CodeIgniter\Autoloader\Autoloader->includeFile('APPPATH\\Controllers\\Jenis.php')
 3 SYSTEMPATH\Autoloader\Autoloader.php(238): CodeIgniter\Autoloader\Autoloader->loadInNamespace('App\\Controllers\\Jenis')
 4 [internal function]: CodeIgniter\Autoloader\Autoloader->loadClass('App\\Controllers\\Jenis')
 5 SYSTEMPATH\CodeIgniter.php(875): class_exists('\\App\\Controllers\\Jenis', true)
 6 SYSTEMPATH\CodeIgniter.php(467): CodeIgniter\CodeIgniter->startController()
 7 SYSTEMPATH\CodeIgniter.php(349): CodeIgniter\CodeIgniter->handleRequest(null, Object(Config\Cache), false)
 8 FCPATH\index.php(67): CodeIgniter\CodeIgniter->run()
 9 SYSTEMPATH\Commands\Server\rewrite.php(47): require_once('FCPATH\\index.php')
CRITICAL - 2023-03-05 02:42:48 --> Undefined variable $pencarian
in APPPATH\Controllers\Jenis.php on line 25.
 1 APPPATH\Controllers\Jenis.php(25): CodeIgniter\Debug\Exceptions->errorHandler(2, 'Undefined variable $pencarian', 'APPPATH\\Controllers\\Jenis.php', 25)
 2 SYSTEMPATH\CodeIgniter.php(925): App\Controllers\Jenis->index()
 3 SYSTEMPATH\CodeIgniter.php(480): CodeIgniter\CodeIgniter->runController(Object(App\Controllers\Jenis))
 4 SYSTEMPATH\CodeIgniter.php(349): CodeIgniter\CodeIgniter->handleRequest(null, Object(Config\Cache), false)
 5 FCPATH\index.php(67): CodeIgniter\CodeIgniter->run()
 6 SYSTEMPATH\Commands\Server\rewrite.php(47): require_once('FCPATH\\index.php')
CRITICAL - 2023-03-05 02:43:00 --> Undefined variable $pencarian
in APPPATH\Controllers\Jenis.php on line 25.
 1 APPPATH\Controllers\Jenis.php(25): CodeIgniter\Debug\Exceptions->errorHandler(2, 'Undefined variable $pencarian', 'APPPATH\\Controllers\\Jenis.php', 25)
 2 SYSTEMPATH\CodeIgniter.php(925): App\Controllers\Jenis->index()
 3 SYSTEMPATH\CodeIgniter.php(480): CodeIgniter\CodeIgniter->runController(Object(App\Controllers\Jenis))
 4 SYSTEMPATH\CodeIgniter.php(349): CodeIgniter\CodeIgniter->handleRequest(null, Object(Config\Cache), false)
 5 FCPATH\index.php(67): CodeIgniter\CodeIgniter->run()
 6 SYSTEMPATH\Commands\Server\rewrite.php(47): require_once('FCPATH\\index.php')
CRITICAL - 2023-03-05 02:51:34 --> Call to undefined function App\Controllers\allow_access()
in APPPATH\Controllers\Jenis.php on line 26.
 1 SYSTEMPATH\CodeIgniter.php(925): App\Controllers\Jenis->index('0', '5')
 2 SYSTEMPATH\CodeIgniter.php(480): CodeIgniter\CodeIgniter->runController(Object(App\Controllers\Jenis))
 3 SYSTEMPATH\CodeIgniter.php(349): CodeIgniter\CodeIgniter->handleRequest(null, Object(Config\Cache), false)
 4 FCPATH\index.php(67): CodeIgniter\CodeIgniter->run()
 5 SYSTEMPATH\Commands\Server\rewrite.php(47): require_once('FCPATH\\index.php')
CRITICAL - 2023-03-05 02:51:37 --> Call to undefined function App\Controllers\allow_access()
in APPPATH\Controllers\Jenis.php on line 26.
 1 SYSTEMPATH\CodeIgniter.php(925): App\Controllers\Jenis->index('0', '5')
 2 SYSTEMPATH\CodeIgniter.php(480): CodeIgniter\CodeIgniter->runController(Object(App\Controllers\Jenis))
 3 SYSTEMPATH\CodeIgniter.php(349): CodeIgniter\CodeIgniter->handleRequest(null, Object(Config\Cache), false)
 4 FCPATH\index.php(67): CodeIgniter\CodeIgniter->run()
 5 SYSTEMPATH\Commands\Server\rewrite.php(47): require_once('FCPATH\\index.php')
CRITICAL - 2023-03-05 02:51:57 --> Call to undefined function App\Controllers\allow_access()
in APPPATH\Controllers\Jenis.php on line 26.
 1 SYSTEMPATH\CodeIgniter.php(925): App\Controllers\Jenis->index('0', '5')
 2 SYSTEMPATH\CodeIgniter.php(480): CodeIgniter\CodeIgniter->runController(Object(App\Controllers\Jenis))
 3 SYSTEMPATH\CodeIgniter.php(349): CodeIgniter\CodeIgniter->handleRequest(null, Object(Config\Cache), false)
 4 FCPATH\index.php(67): CodeIgniter\CodeIgniter->run()
 5 SYSTEMPATH\Commands\Server\rewrite.php(47): require_once('FCPATH\\index.php')
CRITICAL - 2023-03-05 02:52:39 --> Call to undefined function App\Controllers\allow_access()
in APPPATH\Controllers\Jenis.php on line 26.
 1 SYSTEMPATH\CodeIgniter.php(925): App\Controllers\Jenis->index('0', '5')
 2 SYSTEMPATH\CodeIgniter.php(480): CodeIgniter\CodeIgniter->runController(Object(App\Controllers\Jenis))
 3 SYSTEMPATH\CodeIgniter.php(349): CodeIgniter\CodeIgniter->handleRequest(null, Object(Config\Cache), false)
 4 FCPATH\index.php(67): CodeIgniter\CodeIgniter->run()
 5 SYSTEMPATH\Commands\Server\rewrite.php(47): require_once('FCPATH\\index.php')
CRITICAL - 2023-03-05 02:58:17 --> Undefined constant "App\Controllers\this"
in APPPATH\Controllers\Jenis.php on line 26.
 1 SYSTEMPATH\CodeIgniter.php(925): App\Controllers\Jenis->index('0', '5')
 2 SYSTEMPATH\CodeIgniter.php(480): CodeIgniter\CodeIgniter->runController(Object(App\Controllers\Jenis))
 3 SYSTEMPATH\CodeIgniter.php(349): CodeIgniter\CodeIgniter->handleRequest(null, Object(Config\Cache), false)
 4 FCPATH\index.php(67): CodeIgniter\CodeIgniter->run()
 5 SYSTEMPATH\Commands\Server\rewrite.php(47): require_once('FCPATH\\index.php')
CRITICAL - 2023-03-05 02:58:32 --> Call to undefined function App\Controllers\allow_access()
in APPPATH\Controllers\Jenis.php on line 26.
 1 SYSTEMPATH\CodeIgniter.php(925): App\Controllers\Jenis->index('0', '5')
 2 SYSTEMPATH\CodeIgniter.php(480): CodeIgniter\CodeIgniter->runController(Object(App\Controllers\Jenis))
 3 SYSTEMPATH\CodeIgniter.php(349): CodeIgniter\CodeIgniter->handleRequest(null, Object(Config\Cache), false)
 4 FCPATH\index.php(67): CodeIgniter\CodeIgniter->run()
 5 SYSTEMPATH\Commands\Server\rewrite.php(47): require_once('FCPATH\\index.php')
CRITICAL - 2023-03-05 02:58:48 --> Call to undefined function App\Controllers\allow_access()
in APPPATH\Controllers\Jenis.php on line 26.
 1 SYSTEMPATH\CodeIgniter.php(925): App\Controllers\Jenis->index('0', '5')
 2 SYSTEMPATH\CodeIgniter.php(480): CodeIgniter\CodeIgniter->runController(Object(App\Controllers\Jenis))
 3 SYSTEMPATH\CodeIgniter.php(349): CodeIgniter\CodeIgniter->handleRequest(null, Object(Config\Cache), false)
 4 FCPATH\index.php(67): CodeIgniter\CodeIgniter->run()
 5 SYSTEMPATH\Commands\Server\rewrite.php(47): require_once('FCPATH\\index.php')
CRITICAL - 2023-03-05 03:21:00 --> Call to undefined function App\Controllers\allow_access()
in APPPATH\Controllers\Jenis.php on line 26.
 1 SYSTEMPATH\CodeIgniter.php(925): App\Controllers\Jenis->index('0', '5')
 2 SYSTEMPATH\CodeIgniter.php(480): CodeIgniter\CodeIgniter->runController(Object(App\Controllers\Jenis))
 3 SYSTEMPATH\CodeIgniter.php(349): CodeIgniter\CodeIgniter->handleRequest(null, Object(Config\Cache), false)
 4 FCPATH\index.php(67): CodeIgniter\CodeIgniter->run()
 5 SYSTEMPATH\Commands\Server\rewrite.php(47): require_once('FCPATH\\index.php')
CRITICAL - 2023-03-05 03:21:17 --> Call to undefined function App\Controllers\allow_access()
in APPPATH\Controllers\Jenis.php on line 26.
 1 SYSTEMPATH\CodeIgniter.php(925): App\Controllers\Jenis->index('0', '5')
 2 SYSTEMPATH\CodeIgniter.php(480): CodeIgniter\CodeIgniter->runController(Object(App\Controllers\Jenis))
 3 SYSTEMPATH\CodeIgniter.php(349): CodeIgniter\CodeIgniter->handleRequest(null, Object(Config\Cache), false)
 4 FCPATH\index.php(67): CodeIgniter\CodeIgniter->run()
 5 SYSTEMPATH\Commands\Server\rewrite.php(47): require_once('FCPATH\\index.php')
CRITICAL - 2023-03-05 03:36:27 --> Call to undefined function App\Controllers\allow_access()
in APPPATH\Controllers\Jenis.php on line 26.
 1 SYSTEMPATH\CodeIgniter.php(925): App\Controllers\Jenis->index('0', '5')
 2 SYSTEMPATH\CodeIgniter.php(480): CodeIgniter\CodeIgniter->runController(Object(App\Controllers\Jenis))
 3 SYSTEMPATH\CodeIgniter.php(349): CodeIgniter\CodeIgniter->handleRequest(null, Object(Config\Cache), false)
 4 FCPATH\index.php(67): CodeIgniter\CodeIgniter->run()
 5 SYSTEMPATH\Commands\Server\rewrite.php(47): require_once('FCPATH\\index.php')
CRITICAL - 2023-03-05 03:36:37 --> Call to undefined function App\Controllers\allow_access()
in APPPATH\Controllers\Jenis.php on line 26.
 1 SYSTEMPATH\CodeIgniter.php(925): App\Controllers\Jenis->index('0', '5')
 2 SYSTEMPATH\CodeIgniter.php(480): CodeIgniter\CodeIgniter->runController(Object(App\Controllers\Jenis))
 3 SYSTEMPATH\CodeIgniter.php(349): CodeIgniter\CodeIgniter->handleRequest(null, Object(Config\Cache), false)
 4 FCPATH\index.php(67): CodeIgniter\CodeIgniter->run()
 5 SYSTEMPATH\Commands\Server\rewrite.php(47): require_once('FCPATH\\index.php')
CRITICAL - 2023-03-05 03:43:28 --> syntax error, unexpected variable "$routes"
in APPPATH\Config\Routes.php on line 57.
 1 SYSTEMPATH\CodeIgniter.php(428): CodeIgniter\CodeIgniter->tryToRouteIt(null)
 2 SYSTEMPATH\CodeIgniter.php(349): CodeIgniter\CodeIgniter->handleRequest(null, Object(Config\Cache), false)
 3 FCPATH\index.php(67): CodeIgniter\CodeIgniter->run()
 4 SYSTEMPATH\Commands\Server\rewrite.php(47): require_once('FCPATH\\index.php')
CRITICAL - 2023-03-05 03:43:31 --> syntax error, unexpected variable "$routes"
in APPPATH\Config\Routes.php on line 57.
 1 SYSTEMPATH\CodeIgniter.php(428): CodeIgniter\CodeIgniter->tryToRouteIt(null)
 2 SYSTEMPATH\CodeIgniter.php(349): CodeIgniter\CodeIgniter->handleRequest(null, Object(Config\Cache), false)
 3 FCPATH\index.php(67): CodeIgniter\CodeIgniter->run()
 4 SYSTEMPATH\Commands\Server\rewrite.php(47): require_once('FCPATH\\index.php')
CRITICAL - 2023-03-05 03:44:01 --> syntax error, unexpected variable "$routes"
in APPPATH\Config\Routes.php on line 57.
 1 SYSTEMPATH\CodeIgniter.php(428): CodeIgniter\CodeIgniter->tryToRouteIt(null)
 2 SYSTEMPATH\CodeIgniter.php(349): CodeIgniter\CodeIgniter->handleRequest(null, Object(Config\Cache), false)
 3 FCPATH\index.php(67): CodeIgniter\CodeIgniter->run()
 4 SYSTEMPATH\Commands\Server\rewrite.php(47): require_once('FCPATH\\index.php')
CRITICAL - 2023-03-05 03:44:02 --> syntax error, unexpected variable "$routes"
in APPPATH\Config\Routes.php on line 57.
 1 SYSTEMPATH\CodeIgniter.php(428): CodeIgniter\CodeIgniter->tryToRouteIt(null)
 2 SYSTEMPATH\CodeIgniter.php(349): CodeIgniter\CodeIgniter->handleRequest(null, Object(Config\Cache), false)
 3 FCPATH\index.php(67): CodeIgniter\CodeIgniter->run()
 4 SYSTEMPATH\Commands\Server\rewrite.php(47): require_once('FCPATH\\index.php')
ERROR - 2023-03-05 03:56:32 --> mysqli_sql_exception: Table 'db_apotek.dokters' doesn't exist in C:\Project\vre\Api\ci4\system\Database\MySQLi\Connection.php:292
Stack trace:
#0 C:\Project\vre\Api\ci4\system\Database\MySQLi\Connection.php(292): mysqli->query('SELECT COUNT(`N...', 0)
#1 C:\Project\vre\Api\ci4\system\Database\BaseConnection.php(666): CodeIgniter\Database\MySQLi\Connection->execute('SELECT COUNT(`N...')
#2 C:\Project\vre\Api\ci4\system\Database\BaseConnection.php(593): CodeIgniter\Database\BaseConnection->simpleQuery('SELECT COUNT(`N...')
#3 C:\Project\vre\Api\ci4\system\Database\BaseBuilder.php(1585): CodeIgniter\Database\BaseConnection->query('SELECT COUNT(`N...', Array, false)
#4 C:\Project\vre\Api\ci4\app\Controllers\Dokter.php(24): CodeIgniter\Database\BaseBuilder->get()
#5 C:\Project\vre\Api\ci4\system\CodeIgniter.php(925): App\Controllers\Dokter->index('0', '5')
#6 C:\Project\vre\Api\ci4\system\CodeIgniter.php(480): CodeIgniter\CodeIgniter->runController(Object(App\Controllers\Dokter))
#7 C:\Project\vre\Api\ci4\system\CodeIgniter.php(349): CodeIgniter\CodeIgniter->handleRequest(NULL, Object(Config\Cache), false)
#8 C:\Project\vre\Api\ci4\public\index.php(67): CodeIgniter\CodeIgniter->run()
#9 C:\Project\vre\Api\ci4\system\Commands\Server\rewrite.php(47): require_once('C:\\Project\\vre\\...')
#10 {main}
CRITICAL - 2023-03-05 03:56:32 --> Call to a member function getRow() on bool
in APPPATH\Controllers\Dokter.php on line 25.
 1 SYSTEMPATH\CodeIgniter.php(925): App\Controllers\Dokter->index('0', '5')
 2 SYSTEMPATH\CodeIgniter.php(480): CodeIgniter\CodeIgniter->runController(Object(App\Controllers\Dokter))
 3 SYSTEMPATH\CodeIgniter.php(349): CodeIgniter\CodeIgniter->handleRequest(null, Object(Config\Cache), false)
 4 FCPATH\index.php(67): CodeIgniter\CodeIgniter->run()
 5 SYSTEMPATH\Commands\Server\rewrite.php(47): require_once('FCPATH\\index.php')
ERROR - 2023-03-05 03:56:36 --> mysqli_sql_exception: Table 'db_apotek.dokters' doesn't exist in C:\Project\vre\Api\ci4\system\Database\MySQLi\Connection.php:292
Stack trace:
#0 C:\Project\vre\Api\ci4\system\Database\MySQLi\Connection.php(292): mysqli->query('SELECT COUNT(`N...', 0)
#1 C:\Project\vre\Api\ci4\system\Database\BaseConnection.php(666): CodeIgniter\Database\MySQLi\Connection->execute('SELECT COUNT(`N...')
#2 C:\Project\vre\Api\ci4\system\Database\BaseConnection.php(593): CodeIgniter\Database\BaseConnection->simpleQuery('SELECT COUNT(`N...')
#3 C:\Project\vre\Api\ci4\system\Database\BaseBuilder.php(1585): CodeIgniter\Database\BaseConnection->query('SELECT COUNT(`N...', Array, false)
#4 C:\Project\vre\Api\ci4\app\Controllers\Dokter.php(24): CodeIgniter\Database\BaseBuilder->get()
#5 C:\Project\vre\Api\ci4\system\CodeIgniter.php(925): App\Controllers\Dokter->index('0', '5')
#6 C:\Project\vre\Api\ci4\system\CodeIgniter.php(480): CodeIgniter\CodeIgniter->runController(Object(App\Controllers\Dokter))
#7 C:\Project\vre\Api\ci4\system\CodeIgniter.php(349): CodeIgniter\CodeIgniter->handleRequest(NULL, Object(Config\Cache), false)
#8 C:\Project\vre\Api\ci4\public\index.php(67): CodeIgniter\CodeIgniter->run()
#9 C:\Project\vre\Api\ci4\system\Commands\Server\rewrite.php(47): require_once('C:\\Project\\vre\\...')
#10 {main}
CRITICAL - 2023-03-05 03:56:36 --> Call to a member function getRow() on bool
in APPPATH\Controllers\Dokter.php on line 25.
 1 SYSTEMPATH\CodeIgniter.php(925): App\Controllers\Dokter->index('0', '5')
 2 SYSTEMPATH\CodeIgniter.php(480): CodeIgniter\CodeIgniter->runController(Object(App\Controllers\Dokter))
 3 SYSTEMPATH\CodeIgniter.php(349): CodeIgniter\CodeIgniter->handleRequest(null, Object(Config\Cache), false)
 4 FCPATH\index.php(67): CodeIgniter\CodeIgniter->run()
 5 SYSTEMPATH\Commands\Server\rewrite.php(47): require_once('FCPATH\\index.php')
ERROR - 2023-03-05 03:56:51 --> mysqli_sql_exception: Table 'db_apotek.dokters' doesn't exist in C:\Project\vre\Api\ci4\system\Database\MySQLi\Connection.php:292
Stack trace:
#0 C:\Project\vre\Api\ci4\system\Database\MySQLi\Connection.php(292): mysqli->query('SELECT COUNT(`N...', 0)
#1 C:\Project\vre\Api\ci4\system\Database\BaseConnection.php(666): CodeIgniter\Database\MySQLi\Connection->execute('SELECT COUNT(`N...')
#2 C:\Project\vre\Api\ci4\system\Database\BaseConnection.php(593): CodeIgniter\Database\BaseConnection->simpleQuery('SELECT COUNT(`N...')
#3 C:\Project\vre\Api\ci4\system\Database\BaseBuilder.php(1585): CodeIgniter\Database\BaseConnection->query('SELECT COUNT(`N...', Array, false)
#4 C:\Project\vre\Api\ci4\app\Controllers\Dokter.php(24): CodeIgniter\Database\BaseBuilder->get()
#5 C:\Project\vre\Api\ci4\system\CodeIgniter.php(925): App\Controllers\Dokter->index('0', '5')
#6 C:\Project\vre\Api\ci4\system\CodeIgniter.php(480): CodeIgniter\CodeIgniter->runController(Object(App\Controllers\Dokter))
#7 C:\Project\vre\Api\ci4\system\CodeIgniter.php(349): CodeIgniter\CodeIgniter->handleRequest(NULL, Object(Config\Cache), false)
#8 C:\Project\vre\Api\ci4\public\index.php(67): CodeIgniter\CodeIgniter->run()
#9 C:\Project\vre\Api\ci4\system\Commands\Server\rewrite.php(47): require_once('C:\\Project\\vre\\...')
#10 {main}
CRITICAL - 2023-03-05 03:56:51 --> Call to a member function getRow() on bool
in APPPATH\Controllers\Dokter.php on line 25.
 1 SYSTEMPATH\CodeIgniter.php(925): App\Controllers\Dokter->index('0', '5')
 2 SYSTEMPATH\CodeIgniter.php(480): CodeIgniter\CodeIgniter->runController(Object(App\Controllers\Dokter))
 3 SYSTEMPATH\CodeIgniter.php(349): CodeIgniter\CodeIgniter->handleRequest(null, Object(Config\Cache), false)
 4 FCPATH\index.php(67): CodeIgniter\CodeIgniter->run()
 5 SYSTEMPATH\Commands\Server\rewrite.php(47): require_once('FCPATH\\index.php')
ERROR - 2023-03-05 03:57:25 --> mysqli_sql_exception: Table 'db_apotek.dokters' doesn't exist in C:\Project\vre\Api\ci4\system\Database\MySQLi\Connection.php:292
Stack trace:
#0 C:\Project\vre\Api\ci4\system\Database\MySQLi\Connection.php(292): mysqli->query('SELECT COUNT(`N...', 0)
#1 C:\Project\vre\Api\ci4\system\Database\BaseConnection.php(666): CodeIgniter\Database\MySQLi\Connection->execute('SELECT COUNT(`N...')
#2 C:\Project\vre\Api\ci4\system\Database\BaseConnection.php(593): CodeIgniter\Database\BaseConnection->simpleQuery('SELECT COUNT(`N...')
#3 C:\Project\vre\Api\ci4\system\Database\BaseBuilder.php(1585): CodeIgniter\Database\BaseConnection->query('SELECT COUNT(`N...', Array, false)
#4 C:\Project\vre\Api\ci4\app\Controllers\Dokter.php(24): CodeIgniter\Database\BaseBuilder->get()
#5 C:\Project\vre\Api\ci4\system\CodeIgniter.php(925): App\Controllers\Dokter->index('0', '10')
#6 C:\Project\vre\Api\ci4\system\CodeIgniter.php(480): CodeIgniter\CodeIgniter->runController(Object(App\Controllers\Dokter))
#7 C:\Project\vre\Api\ci4\system\CodeIgniter.php(349): CodeIgniter\CodeIgniter->handleRequest(NULL, Object(Config\Cache), false)
#8 C:\Project\vre\Api\ci4\public\index.php(67): CodeIgniter\CodeIgniter->run()
#9 C:\Project\vre\Api\ci4\system\Commands\Server\rewrite.php(47): require_once('C:\\Project\\vre\\...')
#10 {main}
CRITICAL - 2023-03-05 03:57:25 --> Call to a member function getRow() on bool
in APPPATH\Controllers\Dokter.php on line 25.
 1 SYSTEMPATH\CodeIgniter.php(925): App\Controllers\Dokter->index('0', '10')
 2 SYSTEMPATH\CodeIgniter.php(480): CodeIgniter\CodeIgniter->runController(Object(App\Controllers\Dokter))
 3 SYSTEMPATH\CodeIgniter.php(349): CodeIgniter\CodeIgniter->handleRequest(null, Object(Config\Cache), false)
 4 FCPATH\index.php(67): CodeIgniter\CodeIgniter->run()
 5 SYSTEMPATH\Commands\Server\rewrite.php(47): require_once('FCPATH\\index.php')
CRITICAL - 2023-03-05 04:53:13 --> syntax error, unexpected variable "$hasil", expecting "," or ";"
in APPPATH\Controllers\Jenis.php on line 24.
 1 SYSTEMPATH\Autoloader\Autoloader.php(260): CodeIgniter\Autoloader\Autoloader->includeFile('APPPATH\\Controllers\\Jenis.php')
 2 SYSTEMPATH\Autoloader\Autoloader.php(238): CodeIgniter\Autoloader\Autoloader->loadInNamespace('App\\Controllers\\Jenis')
 3 [internal function]: CodeIgniter\Autoloader\Autoloader->loadClass('App\\Controllers\\Jenis')
 4 SYSTEMPATH\CodeIgniter.php(875): class_exists('\\App\\Controllers\\Jenis', true)
 5 SYSTEMPATH\CodeIgniter.php(467): CodeIgniter\CodeIgniter->startController()
 6 SYSTEMPATH\CodeIgniter.php(349): CodeIgniter\CodeIgniter->handleRequest(null, Object(Config\Cache), false)
 7 FCPATH\index.php(67): CodeIgniter\CodeIgniter->run()
 8 SYSTEMPATH\Commands\Server\rewrite.php(47): require_once('FCPATH\\index.php')
ERROR - 2023-03-05 07:14:22 --> mysqli_sql_exception: Column 'Nama' cannot be null in C:\Project\vre\Api\ci4\system\Database\MySQLi\Connection.php:292
Stack trace:
#0 C:\Project\vre\Api\ci4\system\Database\MySQLi\Connection.php(292): mysqli->query('INSERT INTO `je...', 0)
#1 C:\Project\vre\Api\ci4\system\Database\BaseConnection.php(666): CodeIgniter\Database\MySQLi\Connection->execute('INSERT INTO `je...')
#2 C:\Project\vre\Api\ci4\system\Database\BaseConnection.php(593): CodeIgniter\Database\BaseConnection->simpleQuery('INSERT INTO `je...')
#3 C:\Project\vre\Api\ci4\system\Database\BaseBuilder.php(1916): CodeIgniter\Database\BaseConnection->query('INSERT INTO `je...', Array, false)
#4 C:\Project\vre\Api\ci4\system\Model.php(303): CodeIgniter\Database\BaseBuilder->insert()
#5 C:\Project\vre\Api\ci4\system\BaseModel.php(750): CodeIgniter\Model->doInsert(Array)
#6 C:\Project\vre\Api\ci4\system\Model.php(699): CodeIgniter\BaseModel->insert(Array, true)
#7 C:\Project\vre\Api\ci4\app\Controllers\Jenis.php(37): CodeIgniter\Model->insert(Array)
#8 C:\Project\vre\Api\ci4\system\CodeIgniter.php(925): App\Controllers\Jenis->create()
#9 C:\Project\vre\Api\ci4\system\CodeIgniter.php(480): CodeIgniter\CodeIgniter->runController(Object(App\Controllers\Jenis))
#10 C:\Project\vre\Api\ci4\system\CodeIgniter.php(349): CodeIgniter\CodeIgniter->handleRequest(NULL, Object(Config\Cache), false)
#11 C:\Project\vre\Api\ci4\public\index.php(67): CodeIgniter\CodeIgniter->run()
#12 C:\Project\vre\Api\ci4\system\Commands\Server\rewrite.php(47): require_once('C:\\Project\\vre\\...')
#13 {main}
ERROR - 2023-03-05 07:15:44 --> mysqli_sql_exception: Column 'Nama' cannot be null in C:\Project\vre\Api\ci4\system\Database\MySQLi\Connection.php:292
Stack trace:
#0 C:\Project\vre\Api\ci4\system\Database\MySQLi\Connection.php(292): mysqli->query('INSERT INTO `je...', 0)
#1 C:\Project\vre\Api\ci4\system\Database\BaseConnection.php(666): CodeIgniter\Database\MySQLi\Connection->execute('INSERT INTO `je...')
#2 C:\Project\vre\Api\ci4\system\Database\BaseConnection.php(593): CodeIgniter\Database\BaseConnection->simpleQuery('INSERT INTO `je...')
#3 C:\Project\vre\Api\ci4\system\Database\BaseBuilder.php(1916): CodeIgniter\Database\BaseConnection->query('INSERT INTO `je...', Array, false)
#4 C:\Project\vre\Api\ci4\system\Model.php(303): CodeIgniter\Database\BaseBuilder->insert()
#5 C:\Project\vre\Api\ci4\system\BaseModel.php(750): CodeIgniter\Model->doInsert(Array)
#6 C:\Project\vre\Api\ci4\system\Model.php(699): CodeIgniter\BaseModel->insert(Array, false)
#7 C:\Project\vre\Api\ci4\system\BaseModel.php(660): CodeIgniter\Model->insert(Array, false)
#8 C:\Project\vre\Api\ci4\app\Controllers\Jenis.php(37): CodeIgniter\BaseModel->save(Array)
#9 C:\Project\vre\Api\ci4\system\CodeIgniter.php(925): App\Controllers\Jenis->create()
#10 C:\Project\vre\Api\ci4\system\CodeIgniter.php(480): CodeIgniter\CodeIgniter->runController(Object(App\Controllers\Jenis))
#11 C:\Project\vre\Api\ci4\system\CodeIgniter.php(349): CodeIgniter\CodeIgniter->handleRequest(NULL, Object(Config\Cache), false)
#12 C:\Project\vre\Api\ci4\public\index.php(67): CodeIgniter\CodeIgniter->run()
#13 C:\Project\vre\Api\ci4\system\Commands\Server\rewrite.php(47): require_once('C:\\Project\\vre\\...')
#14 {main}
CRITICAL - 2023-03-05 07:41:01 --> Call to undefined function App\Controllers\base_api()
in APPPATH\Controllers\Jenis.php on line 18.
 1 SYSTEMPATH\CodeIgniter.php(887): App\Controllers\Jenis->__construct()
 2 SYSTEMPATH\CodeIgniter.php(471): CodeIgniter\CodeIgniter->createController()
 3 SYSTEMPATH\CodeIgniter.php(349): CodeIgniter\CodeIgniter->handleRequest(null, Object(Config\Cache), false)
 4 FCPATH\index.php(67): CodeIgniter\CodeIgniter->run()
 5 SYSTEMPATH\Commands\Server\rewrite.php(47): require_once('FCPATH\\index.php')
CRITICAL - 2023-03-05 07:41:03 --> Call to undefined function App\Controllers\base_api()
in APPPATH\Controllers\Jenis.php on line 18.
 1 SYSTEMPATH\CodeIgniter.php(887): App\Controllers\Jenis->__construct()
 2 SYSTEMPATH\CodeIgniter.php(471): CodeIgniter\CodeIgniter->createController()
 3 SYSTEMPATH\CodeIgniter.php(349): CodeIgniter\CodeIgniter->handleRequest(null, Object(Config\Cache), false)
 4 FCPATH\index.php(67): CodeIgniter\CodeIgniter->run()
 5 SYSTEMPATH\Commands\Server\rewrite.php(47): require_once('FCPATH\\index.php')
CRITICAL - 2023-03-05 07:41:21 --> Call to undefined function App\Controllers\base_api()
in APPPATH\Controllers\Jenis.php on line 18.
 1 SYSTEMPATH\CodeIgniter.php(887): App\Controllers\Jenis->__construct()
 2 SYSTEMPATH\CodeIgniter.php(471): CodeIgniter\CodeIgniter->createController()
 3 SYSTEMPATH\CodeIgniter.php(349): CodeIgniter\CodeIgniter->handleRequest(null, Object(Config\Cache), false)
 4 FCPATH\index.php(67): CodeIgniter\CodeIgniter->run()
 5 SYSTEMPATH\Commands\Server\rewrite.php(47): require_once('FCPATH\\index.php')
CRITICAL - 2023-03-05 07:41:23 --> Call to undefined function App\Controllers\base_api()
in APPPATH\Controllers\Jenis.php on line 18.
 1 SYSTEMPATH\CodeIgniter.php(887): App\Controllers\Jenis->__construct()
 2 SYSTEMPATH\CodeIgniter.php(471): CodeIgniter\CodeIgniter->createController()
 3 SYSTEMPATH\CodeIgniter.php(349): CodeIgniter\CodeIgniter->handleRequest(null, Object(Config\Cache), false)
 4 FCPATH\index.php(67): CodeIgniter\CodeIgniter->run()
 5 SYSTEMPATH\Commands\Server\rewrite.php(47): require_once('FCPATH\\index.php')
CRITICAL - 2023-03-05 09:29:39 --> Undefined variable $response
in APPPATH\Controllers\Jenis.php on line 41.
 1 APPPATH\Controllers\Jenis.php(41): CodeIgniter\Debug\Exceptions->errorHandler(2, 'Undefined variable $response', 'APPPATH\\Controllers\\Jenis.php', 41)
 2 SYSTEMPATH\CodeIgniter.php(925): App\Controllers\Jenis->create()
 3 SYSTEMPATH\CodeIgniter.php(480): CodeIgniter\CodeIgniter->runController(Object(App\Controllers\Jenis))
 4 SYSTEMPATH\CodeIgniter.php(349): CodeIgniter\CodeIgniter->handleRequest(null, Object(Config\Cache), false)
 5 FCPATH\index.php(67): CodeIgniter\CodeIgniter->run()
 6 SYSTEMPATH\Commands\Server\rewrite.php(47): require_once('FCPATH\\index.php')
CRITICAL - 2023-03-05 09:31:17 --> Undefined variable $response
in APPPATH\Controllers\Jenis.php on line 41.
 1 APPPATH\Controllers\Jenis.php(41): CodeIgniter\Debug\Exceptions->errorHandler(2, 'Undefined variable $response', 'APPPATH\\Controllers\\Jenis.php', 41)
 2 SYSTEMPATH\CodeIgniter.php(925): App\Controllers\Jenis->create()
 3 SYSTEMPATH\CodeIgniter.php(480): CodeIgniter\CodeIgniter->runController(Object(App\Controllers\Jenis))
 4 SYSTEMPATH\CodeIgniter.php(349): CodeIgniter\CodeIgniter->handleRequest(null, Object(Config\Cache), false)
 5 FCPATH\index.php(67): CodeIgniter\CodeIgniter->run()
 6 SYSTEMPATH\Commands\Server\rewrite.php(47): require_once('FCPATH\\index.php')
CRITICAL - 2023-03-05 09:46:50 --> Class "Config\App\Filters\Cors" not found
in SYSTEMPATH\Filters\Filters.php on line 166.
 1 SYSTEMPATH\CodeIgniter.php(453): CodeIgniter\Filters\Filters->run('jenis/0/5', 'before')
 2 SYSTEMPATH\CodeIgniter.php(349): CodeIgniter\CodeIgniter->handleRequest(null, Object(Config\Cache), false)
 3 FCPATH\index.php(67): CodeIgniter\CodeIgniter->run()
 4 SYSTEMPATH\Commands\Server\rewrite.php(47): require_once('FCPATH\\index.php')
CRITICAL - 2023-03-05 09:47:01 --> Class "Config\App\Filters\Cors" not found
in SYSTEMPATH\Filters\Filters.php on line 166.
 1 SYSTEMPATH\CodeIgniter.php(453): CodeIgniter\Filters\Filters->run('jenis', 'before')
 2 SYSTEMPATH\CodeIgniter.php(349): CodeIgniter\CodeIgniter->handleRequest(null, Object(Config\Cache), false)
 3 FCPATH\index.php(67): CodeIgniter\CodeIgniter->run()
 4 SYSTEMPATH\Commands\Server\rewrite.php(47): require_once('FCPATH\\index.php')
CRITICAL - 2023-03-05 09:49:56 --> Class "Config\App\Filters\Cors" not found
in SYSTEMPATH\Filters\Filters.php on line 166.
 1 SYSTEMPATH\CodeIgniter.php(453): CodeIgniter\Filters\Filters->run('jenis', 'before')
 2 SYSTEMPATH\CodeIgniter.php(349): CodeIgniter\CodeIgniter->handleRequest(null, Object(Config\Cache), false)
 3 FCPATH\index.php(67): CodeIgniter\CodeIgniter->run()
 4 SYSTEMPATH\Commands\Server\rewrite.php(47): require_once('FCPATH\\index.php')
