CRITICAL - 2023-01-13 09:35:53 --> Too few arguments to function App\Controllers\Test::anu(), 0 passed in C:\Project\ci-news\system\CodeIgniter.php on line 925 and exactly 1 expected
in APPPATH\Controllers\Test.php on line 14.
 1 SYSTEMPATH\CodeIgniter.php(925): App\Controllers\Test->anu()
 2 SYSTEMPATH\CodeIgniter.php(480): CodeIgniter\CodeIgniter->runController(Object(App\Controllers\Test))
 3 SYSTEMPATH\CodeIgniter.php(349): CodeIgniter\CodeIgniter->handleRequest(null, Object(Config\Cache), false)
 4 FCPATH\index.php(67): CodeIgniter\CodeIgniter->run()
 5 SYSTEMPATH\Commands\Server\rewrite.php(47): require_once('FCPATH\\index.php')
CRITICAL - 2023-01-13 09:36:21 --> Too few arguments to function App\Controllers\Test::anu(), 0 passed in C:\Project\ci-news\system\CodeIgniter.php on line 925 and exactly 1 expected
in APPPATH\Controllers\Test.php on line 14.
 1 SYSTEMPATH\CodeIgniter.php(925): App\Controllers\Test->anu()
 2 SYSTEMPATH\CodeIgniter.php(480): CodeIgniter\CodeIgniter->runController(Object(App\Controllers\Test))
 3 SYSTEMPATH\CodeIgniter.php(349): CodeIgniter\CodeIgniter->handleRequest(null, Object(Config\Cache), false)
 4 FCPATH\index.php(67): CodeIgniter\CodeIgniter->run()
 5 SYSTEMPATH\Commands\Server\rewrite.php(47): require_once('FCPATH\\index.php')
CRITICAL - 2023-01-13 09:36:59 --> Too few arguments to function App\Controllers\Test::anu(), 0 passed in C:\Project\ci-news\system\CodeIgniter.php on line 925 and exactly 1 expected
in APPPATH\Controllers\Test.php on line 14.
 1 SYSTEMPATH\CodeIgniter.php(925): App\Controllers\Test->anu()
 2 SYSTEMPATH\CodeIgniter.php(480): CodeIgniter\CodeIgniter->runController(Object(App\Controllers\Test))
 3 SYSTEMPATH\CodeIgniter.php(349): CodeIgniter\CodeIgniter->handleRequest(null, Object(Config\Cache), false)
 4 FCPATH\index.php(67): CodeIgniter\CodeIgniter->run()
 5 SYSTEMPATH\Commands\Server\rewrite.php(47): require_once('FCPATH\\index.php')
CRITICAL - 2023-01-13 09:37:00 --> Too few arguments to function App\Controllers\Test::anu(), 0 passed in C:\Project\ci-news\system\CodeIgniter.php on line 925 and exactly 1 expected
in APPPATH\Controllers\Test.php on line 14.
 1 SYSTEMPATH\CodeIgniter.php(925): App\Controllers\Test->anu()
 2 SYSTEMPATH\CodeIgniter.php(480): CodeIgniter\CodeIgniter->runController(Object(App\Controllers\Test))
 3 SYSTEMPATH\CodeIgniter.php(349): CodeIgniter\CodeIgniter->handleRequest(null, Object(Config\Cache), false)
 4 FCPATH\index.php(67): CodeIgniter\CodeIgniter->run()
 5 SYSTEMPATH\Commands\Server\rewrite.php(47): require_once('FCPATH\\index.php')
CRITICAL - 2023-01-13 09:58:45 --> Too few arguments to function App\Controllers\Test::anu(), 0 passed in C:\Project\ci-news\system\CodeIgniter.php on line 925 and exactly 1 expected
in APPPATH\Controllers\Test.php on line 14.
 1 SYSTEMPATH\CodeIgniter.php(925): App\Controllers\Test->anu()
 2 SYSTEMPATH\CodeIgniter.php(480): CodeIgniter\CodeIgniter->runController(Object(App\Controllers\Test))
 3 SYSTEMPATH\CodeIgniter.php(349): CodeIgniter\CodeIgniter->handleRequest(null, Object(Config\Cache), false)
 4 FCPATH\index.php(67): CodeIgniter\CodeIgniter->run()
 5 SYSTEMPATH\Commands\Server\rewrite.php(47): require_once('FCPATH\\index.php')
CRITICAL - 2023-01-13 09:59:57 --> Too few arguments to function App\Controllers\Test::anu(), 0 passed in C:\Project\ci-news\system\CodeIgniter.php on line 925 and exactly 1 expected
in APPPATH\Controllers\Test.php on line 14.
 1 SYSTEMPATH\CodeIgniter.php(925): App\Controllers\Test->anu()
 2 SYSTEMPATH\CodeIgniter.php(480): CodeIgniter\CodeIgniter->runController(Object(App\Controllers\Test))
 3 SYSTEMPATH\CodeIgniter.php(349): CodeIgniter\CodeIgniter->handleRequest(null, Object(Config\Cache), false)
 4 FCPATH\index.php(67): CodeIgniter\CodeIgniter->run()
 5 SYSTEMPATH\Commands\Server\rewrite.php(47): require_once('FCPATH\\index.php')
CRITICAL - 2023-01-13 10:00:34 --> Too few arguments to function App\Controllers\Test::anu(), 0 passed in C:\Project\ci-news\system\CodeIgniter.php on line 925 and exactly 1 expected
in APPPATH\Controllers\Test.php on line 14.
 1 SYSTEMPATH\CodeIgniter.php(925): App\Controllers\Test->anu()
 2 SYSTEMPATH\CodeIgniter.php(480): CodeIgniter\CodeIgniter->runController(Object(App\Controllers\Test))
 3 SYSTEMPATH\CodeIgniter.php(349): CodeIgniter\CodeIgniter->handleRequest(null, Object(Config\Cache), false)
 4 FCPATH\index.php(67): CodeIgniter\CodeIgniter->run()
 5 SYSTEMPATH\Commands\Server\rewrite.php(47): require_once('FCPATH\\index.php')
CRITICAL - 2023-01-13 10:03:14 --> Too few arguments to function App\Controllers\Test::anu(), 0 passed in C:\Project\ci-news\system\CodeIgniter.php on line 925 and exactly 1 expected
in APPPATH\Controllers\Test.php on line 14.
 1 SYSTEMPATH\CodeIgniter.php(925): App\Controllers\Test->anu()
 2 SYSTEMPATH\CodeIgniter.php(480): CodeIgniter\CodeIgniter->runController(Object(App\Controllers\Test))
 3 SYSTEMPATH\CodeIgniter.php(349): CodeIgniter\CodeIgniter->handleRequest(null, Object(Config\Cache), false)
 4 FCPATH\index.php(67): CodeIgniter\CodeIgniter->run()
 5 SYSTEMPATH\Commands\Server\rewrite.php(47): require_once('FCPATH\\index.php')
CRITICAL - 2023-01-13 10:03:43 --> Too few arguments to function App\Controllers\Test::anu(), 0 passed in C:\Project\ci-news\system\CodeIgniter.php on line 925 and exactly 1 expected
in APPPATH\Controllers\Test.php on line 14.
 1 SYSTEMPATH\CodeIgniter.php(925): App\Controllers\Test->anu()
 2 SYSTEMPATH\CodeIgniter.php(480): CodeIgniter\CodeIgniter->runController(Object(App\Controllers\Test))
 3 SYSTEMPATH\CodeIgniter.php(349): CodeIgniter\CodeIgniter->handleRequest(null, Object(Config\Cache), false)
 4 FCPATH\index.php(67): CodeIgniter\CodeIgniter->run()
 5 SYSTEMPATH\Commands\Server\rewrite.php(47): require_once('FCPATH\\index.php')
CRITICAL - 2023-01-13 10:04:09 --> Too few arguments to function App\Controllers\Test::anu(), 0 passed in C:\Project\ci-news\system\CodeIgniter.php on line 925 and exactly 1 expected
in APPPATH\Controllers\Test.php on line 14.
 1 SYSTEMPATH\CodeIgniter.php(925): App\Controllers\Test->anu()
 2 SYSTEMPATH\CodeIgniter.php(480): CodeIgniter\CodeIgniter->runController(Object(App\Controllers\Test))
 3 SYSTEMPATH\CodeIgniter.php(349): CodeIgniter\CodeIgniter->handleRequest(null, Object(Config\Cache), false)
 4 FCPATH\index.php(67): CodeIgniter\CodeIgniter->run()
 5 SYSTEMPATH\Commands\Server\rewrite.php(47): require_once('FCPATH\\index.php')
CRITICAL - 2023-01-13 10:05:50 --> Too few arguments to function App\Controllers\Test::anu(), 0 passed in C:\Project\ci-news\system\CodeIgniter.php on line 925 and exactly 1 expected
in APPPATH\Controllers\Test.php on line 14.
 1 SYSTEMPATH\CodeIgniter.php(925): App\Controllers\Test->anu()
 2 SYSTEMPATH\CodeIgniter.php(480): CodeIgniter\CodeIgniter->runController(Object(App\Controllers\Test))
 3 SYSTEMPATH\CodeIgniter.php(349): CodeIgniter\CodeIgniter->handleRequest(null, Object(Config\Cache), false)
 4 FCPATH\index.php(67): CodeIgniter\CodeIgniter->run()
 5 SYSTEMPATH\Commands\Server\rewrite.php(47): require_once('FCPATH\\index.php')
CRITICAL - 2023-01-13 16:34:47 --> Too few arguments to function App\Controllers\Test::anu(), 0 passed in C:\Project\ci-news\system\CodeIgniter.php on line 925 and exactly 1 expected
in APPPATH\Controllers\Test.php on line 14.
 1 SYSTEMPATH\CodeIgniter.php(925): App\Controllers\Test->anu()
 2 SYSTEMPATH\CodeIgniter.php(480): CodeIgniter\CodeIgniter->runController(Object(App\Controllers\Test))
 3 SYSTEMPATH\CodeIgniter.php(349): CodeIgniter\CodeIgniter->handleRequest(null, Object(Config\Cache), false)
 4 FCPATH\index.php(67): CodeIgniter\CodeIgniter->run()
 5 SYSTEMPATH\Commands\Server\rewrite.php(47): require_once('FCPATH\\index.php')
CRITICAL - 2023-01-13 16:35:17 --> Too few arguments to function App\Controllers\Test::anu(), 0 passed in C:\Project\ci-news\system\CodeIgniter.php on line 925 and exactly 1 expected
in APPPATH\Controllers\Test.php on line 14.
 1 SYSTEMPATH\CodeIgniter.php(925): App\Controllers\Test->anu()
 2 SYSTEMPATH\CodeIgniter.php(480): CodeIgniter\CodeIgniter->runController(Object(App\Controllers\Test))
 3 SYSTEMPATH\CodeIgniter.php(349): CodeIgniter\CodeIgniter->handleRequest(null, Object(Config\Cache), false)
 4 FCPATH\index.php(67): CodeIgniter\CodeIgniter->run()
 5 SYSTEMPATH\Commands\Server\rewrite.php(47): require_once('FCPATH\\index.php')
CRITICAL - 2023-01-13 16:35:44 --> Too few arguments to function App\Controllers\Test::anu(), 0 passed in C:\Project\ci-news\system\CodeIgniter.php on line 925 and exactly 1 expected
in APPPATH\Controllers\Test.php on line 14.
 1 SYSTEMPATH\CodeIgniter.php(925): App\Controllers\Test->anu()
 2 SYSTEMPATH\CodeIgniter.php(480): CodeIgniter\CodeIgniter->runController(Object(App\Controllers\Test))
 3 SYSTEMPATH\CodeIgniter.php(349): CodeIgniter\CodeIgniter->handleRequest(null, Object(Config\Cache), false)
 4 FCPATH\index.php(67): CodeIgniter\CodeIgniter->run()
 5 SYSTEMPATH\Commands\Server\rewrite.php(47): require_once('FCPATH\\index.php')
CRITICAL - 2023-01-13 16:37:54 --> Too few arguments to function App\Controllers\Test::anu(), 0 passed in C:\Project\ci-news\system\CodeIgniter.php on line 925 and exactly 1 expected
in APPPATH\Controllers\Test.php on line 14.
 1 SYSTEMPATH\CodeIgniter.php(925): App\Controllers\Test->anu()
 2 SYSTEMPATH\CodeIgniter.php(480): CodeIgniter\CodeIgniter->runController(Object(App\Controllers\Test))
 3 SYSTEMPATH\CodeIgniter.php(349): CodeIgniter\CodeIgniter->handleRequest(null, Object(Config\Cache), false)
 4 FCPATH\index.php(67): CodeIgniter\CodeIgniter->run()
 5 SYSTEMPATH\Commands\Server\rewrite.php(47): require_once('FCPATH\\index.php')
CRITICAL - 2023-01-13 16:46:19 --> Too few arguments to function App\Controllers\Test::anu(), 1 passed in C:\Project\ci-news\system\CodeIgniter.php on line 925 and exactly 2 expected
in APPPATH\Controllers\Test.php on line 14.
 1 SYSTEMPATH\CodeIgniter.php(925): App\Controllers\Test->anu('4')
 2 SYSTEMPATH\CodeIgniter.php(480): CodeIgniter\CodeIgniter->runController(Object(App\Controllers\Test))
 3 SYSTEMPATH\CodeIgniter.php(349): CodeIgniter\CodeIgniter->handleRequest(null, Object(Config\Cache), false)
 4 FCPATH\index.php(67): CodeIgniter\CodeIgniter->run()
 5 SYSTEMPATH\Commands\Server\rewrite.php(47): require_once('FCPATH\\index.php')
CRITICAL - 2023-01-13 16:47:53 --> Too few arguments to function App\Controllers\Test::anu(), 0 passed in C:\Project\ci-news\system\CodeIgniter.php on line 925 and exactly 2 expected
in APPPATH\Controllers\Test.php on line 14.
 1 SYSTEMPATH\CodeIgniter.php(925): App\Controllers\Test->anu()
 2 SYSTEMPATH\CodeIgniter.php(480): CodeIgniter\CodeIgniter->runController(Object(App\Controllers\Test))
 3 SYSTEMPATH\CodeIgniter.php(349): CodeIgniter\CodeIgniter->handleRequest(null, Object(Config\Cache), false)
 4 FCPATH\index.php(67): CodeIgniter\CodeIgniter->run()
 5 SYSTEMPATH\Commands\Server\rewrite.php(47): require_once('FCPATH\\index.php')
CRITICAL - 2023-01-13 16:47:55 --> Too few arguments to function App\Controllers\Test::anu(), 0 passed in C:\Project\ci-news\system\CodeIgniter.php on line 925 and exactly 2 expected
in APPPATH\Controllers\Test.php on line 14.
 1 SYSTEMPATH\CodeIgniter.php(925): App\Controllers\Test->anu()
 2 SYSTEMPATH\CodeIgniter.php(480): CodeIgniter\CodeIgniter->runController(Object(App\Controllers\Test))
 3 SYSTEMPATH\CodeIgniter.php(349): CodeIgniter\CodeIgniter->handleRequest(null, Object(Config\Cache), false)
 4 FCPATH\index.php(67): CodeIgniter\CodeIgniter->run()
 5 SYSTEMPATH\Commands\Server\rewrite.php(47): require_once('FCPATH\\index.php')
CRITICAL - 2023-01-13 16:47:55 --> Too few arguments to function App\Controllers\Test::anu(), 0 passed in C:\Project\ci-news\system\CodeIgniter.php on line 925 and exactly 2 expected
in APPPATH\Controllers\Test.php on line 14.
 1 SYSTEMPATH\CodeIgniter.php(925): App\Controllers\Test->anu()
 2 SYSTEMPATH\CodeIgniter.php(480): CodeIgniter\CodeIgniter->runController(Object(App\Controllers\Test))
 3 SYSTEMPATH\CodeIgniter.php(349): CodeIgniter\CodeIgniter->handleRequest(null, Object(Config\Cache), false)
 4 FCPATH\index.php(67): CodeIgniter\CodeIgniter->run()
 5 SYSTEMPATH\Commands\Server\rewrite.php(47): require_once('FCPATH\\index.php')
CRITICAL - 2023-01-13 16:47:55 --> Too few arguments to function App\Controllers\Test::anu(), 0 passed in C:\Project\ci-news\system\CodeIgniter.php on line 925 and exactly 2 expected
in APPPATH\Controllers\Test.php on line 14.
 1 SYSTEMPATH\CodeIgniter.php(925): App\Controllers\Test->anu()
 2 SYSTEMPATH\CodeIgniter.php(480): CodeIgniter\CodeIgniter->runController(Object(App\Controllers\Test))
 3 SYSTEMPATH\CodeIgniter.php(349): CodeIgniter\CodeIgniter->handleRequest(null, Object(Config\Cache), false)
 4 FCPATH\index.php(67): CodeIgniter\CodeIgniter->run()
 5 SYSTEMPATH\Commands\Server\rewrite.php(47): require_once('FCPATH\\index.php')
