CRITICAL - 2023-03-12 00:11:26 --> Undefined property: stdClass::$title
in APPPATH\Controllers\Jenis.php on line 65.
 1 APPPATH\Controllers\Jenis.php(65): CodeIgniter\Debug\Exceptions->errorHandler(2, 'Undefined property: stdClass::$title', 'APPPATH\\Controllers\\Jenis.php', 65)
 2 SYSTEMPATH\CodeIgniter.php(925): App\Controllers\Jenis->create()
 3 SYSTEMPATH\CodeIgniter.php(480): CodeIgniter\CodeIgniter->runController(Object(App\Controllers\Jenis))
 4 SYSTEMPATH\CodeIgniter.php(349): CodeIgniter\CodeIgniter->handleRequest(null, Object(Config\Cache), false)
 5 FCPATH\index.php(67): CodeIgniter\CodeIgniter->run()
 6 SYSTEMPATH\Commands\Server\rewrite.php(47): require_once('FCPATH\\index.php')
CRITICAL - 2023-03-12 00:12:36 --> Undefined property: stdClass::$title
in APPPATH\Controllers\Jenis.php on line 65.
 1 APPPATH\Controllers\Jenis.php(65): CodeIgniter\Debug\Exceptions->errorHandler(2, 'Undefined property: stdClass::$title', 'APPPATH\\Controllers\\Jenis.php', 65)
 2 SYSTEMPATH\CodeIgniter.php(925): App\Controllers\Jenis->create()
 3 SYSTEMPATH\CodeIgniter.php(480): CodeIgniter\CodeIgniter->runController(Object(App\Controllers\Jenis))
 4 SYSTEMPATH\CodeIgniter.php(349): CodeIgniter\CodeIgniter->handleRequest(null, Object(Config\Cache), false)
 5 FCPATH\index.php(67): CodeIgniter\CodeIgniter->run()
 6 SYSTEMPATH\Commands\Server\rewrite.php(47): require_once('FCPATH\\index.php')
CRITICAL - 2023-03-12 00:12:37 --> Undefined property: stdClass::$title
in APPPATH\Controllers\Jenis.php on line 65.
 1 APPPATH\Controllers\Jenis.php(65): CodeIgniter\Debug\Exceptions->errorHandler(2, 'Undefined property: stdClass::$title', 'APPPATH\\Controllers\\Jenis.php', 65)
 2 SYSTEMPATH\CodeIgniter.php(925): App\Controllers\Jenis->create()
 3 SYSTEMPATH\CodeIgniter.php(480): CodeIgniter\CodeIgniter->runController(Object(App\Controllers\Jenis))
 4 SYSTEMPATH\CodeIgniter.php(349): CodeIgniter\CodeIgniter->handleRequest(null, Object(Config\Cache), false)
 5 FCPATH\index.php(67): CodeIgniter\CodeIgniter->run()
 6 SYSTEMPATH\Commands\Server\rewrite.php(47): require_once('FCPATH\\index.php')
CRITICAL - 2023-03-12 00:12:48 --> Undefined property: stdClass::$title
in APPPATH\Controllers\Jenis.php on line 65.
 1 APPPATH\Controllers\Jenis.php(65): CodeIgniter\Debug\Exceptions->errorHandler(2, 'Undefined property: stdClass::$title', 'APPPATH\\Controllers\\Jenis.php', 65)
 2 SYSTEMPATH\CodeIgniter.php(925): App\Controllers\Jenis->create()
 3 SYSTEMPATH\CodeIgniter.php(480): CodeIgniter\CodeIgniter->runController(Object(App\Controllers\Jenis))
 4 SYSTEMPATH\CodeIgniter.php(349): CodeIgniter\CodeIgniter->handleRequest(null, Object(Config\Cache), false)
 5 FCPATH\index.php(67): CodeIgniter\CodeIgniter->run()
 6 SYSTEMPATH\Commands\Server\rewrite.php(47): require_once('FCPATH\\index.php')
CRITICAL - 2023-03-12 00:13:43 --> Undefined property: stdClass::$title
in APPPATH\Controllers\Jenis.php on line 65.
 1 APPPATH\Controllers\Jenis.php(65): CodeIgniter\Debug\Exceptions->errorHandler(2, 'Undefined property: stdClass::$title', 'APPPATH\\Controllers\\Jenis.php', 65)
 2 SYSTEMPATH\CodeIgniter.php(925): App\Controllers\Jenis->create()
 3 SYSTEMPATH\CodeIgniter.php(480): CodeIgniter\CodeIgniter->runController(Object(App\Controllers\Jenis))
 4 SYSTEMPATH\CodeIgniter.php(349): CodeIgniter\CodeIgniter->handleRequest(null, Object(Config\Cache), false)
 5 FCPATH\index.php(67): CodeIgniter\CodeIgniter->run()
 6 SYSTEMPATH\Commands\Server\rewrite.php(47): require_once('FCPATH\\index.php')
CRITICAL - 2023-03-12 00:13:59 --> There is no data to insert.
in SYSTEMPATH\BaseModel.php on line 730.
 1 SYSTEMPATH\BaseModel.php(730): CodeIgniter\Database\Exceptions\DataException::forEmptyDataset('insert')
 2 SYSTEMPATH\Model.php(699): CodeIgniter\BaseModel->insert([], true)
 3 APPPATH\Controllers\Jenis.php(66): CodeIgniter\Model->insert([...])
 4 SYSTEMPATH\CodeIgniter.php(925): App\Controllers\Jenis->create()
 5 SYSTEMPATH\CodeIgniter.php(480): CodeIgniter\CodeIgniter->runController(Object(App\Controllers\Jenis))
 6 SYSTEMPATH\CodeIgniter.php(349): CodeIgniter\CodeIgniter->handleRequest(null, Object(Config\Cache), false)
 7 FCPATH\index.php(67): CodeIgniter\CodeIgniter->run()
 8 SYSTEMPATH\Commands\Server\rewrite.php(47): require_once('FCPATH\\index.php')
CRITICAL - 2023-03-12 00:14:06 --> There is no data to insert.
in SYSTEMPATH\BaseModel.php on line 730.
 1 SYSTEMPATH\BaseModel.php(730): CodeIgniter\Database\Exceptions\DataException::forEmptyDataset('insert')
 2 SYSTEMPATH\Model.php(699): CodeIgniter\BaseModel->insert([], true)
 3 APPPATH\Controllers\Jenis.php(66): CodeIgniter\Model->insert([...])
 4 SYSTEMPATH\CodeIgniter.php(925): App\Controllers\Jenis->create()
 5 SYSTEMPATH\CodeIgniter.php(480): CodeIgniter\CodeIgniter->runController(Object(App\Controllers\Jenis))
 6 SYSTEMPATH\CodeIgniter.php(349): CodeIgniter\CodeIgniter->handleRequest(null, Object(Config\Cache), false)
 7 FCPATH\index.php(67): CodeIgniter\CodeIgniter->run()
 8 SYSTEMPATH\Commands\Server\rewrite.php(47): require_once('FCPATH\\index.php')
CRITICAL - 2023-03-12 00:15:00 --> There is no data to insert.
in SYSTEMPATH\BaseModel.php on line 730.
 1 SYSTEMPATH\BaseModel.php(730): CodeIgniter\Database\Exceptions\DataException::forEmptyDataset('insert')
 2 SYSTEMPATH\Model.php(699): CodeIgniter\BaseModel->insert([], true)
 3 APPPATH\Controllers\Jenis.php(66): CodeIgniter\Model->insert([...])
 4 SYSTEMPATH\CodeIgniter.php(925): App\Controllers\Jenis->create()
 5 SYSTEMPATH\CodeIgniter.php(480): CodeIgniter\CodeIgniter->runController(Object(App\Controllers\Jenis))
 6 SYSTEMPATH\CodeIgniter.php(349): CodeIgniter\CodeIgniter->handleRequest(null, Object(Config\Cache), false)
 7 FCPATH\index.php(67): CodeIgniter\CodeIgniter->run()
 8 SYSTEMPATH\Commands\Server\rewrite.php(47): require_once('FCPATH\\index.php')
CRITICAL - 2023-03-12 00:15:08 --> There is no data to insert.
in SYSTEMPATH\BaseModel.php on line 730.
 1 SYSTEMPATH\BaseModel.php(730): CodeIgniter\Database\Exceptions\DataException::forEmptyDataset('insert')
 2 SYSTEMPATH\Model.php(699): CodeIgniter\BaseModel->insert([], true)
 3 APPPATH\Controllers\Jenis.php(66): CodeIgniter\Model->insert([...])
 4 SYSTEMPATH\CodeIgniter.php(925): App\Controllers\Jenis->create()
 5 SYSTEMPATH\CodeIgniter.php(480): CodeIgniter\CodeIgniter->runController(Object(App\Controllers\Jenis))
 6 SYSTEMPATH\CodeIgniter.php(349): CodeIgniter\CodeIgniter->handleRequest(null, Object(Config\Cache), false)
 7 FCPATH\index.php(67): CodeIgniter\CodeIgniter->run()
 8 SYSTEMPATH\Commands\Server\rewrite.php(47): require_once('FCPATH\\index.php')
CRITICAL - 2023-03-12 00:15:39 --> There is no data to insert.
in SYSTEMPATH\BaseModel.php on line 730.
 1 SYSTEMPATH\BaseModel.php(730): CodeIgniter\Database\Exceptions\DataException::forEmptyDataset('insert')
 2 SYSTEMPATH\Model.php(699): CodeIgniter\BaseModel->insert([], true)
 3 APPPATH\Controllers\Jenis.php(66): CodeIgniter\Model->insert([...])
 4 SYSTEMPATH\CodeIgniter.php(925): App\Controllers\Jenis->create()
 5 SYSTEMPATH\CodeIgniter.php(480): CodeIgniter\CodeIgniter->runController(Object(App\Controllers\Jenis))
 6 SYSTEMPATH\CodeIgniter.php(349): CodeIgniter\CodeIgniter->handleRequest(null, Object(Config\Cache), false)
 7 FCPATH\index.php(67): CodeIgniter\CodeIgniter->run()
 8 SYSTEMPATH\Commands\Server\rewrite.php(47): require_once('FCPATH\\index.php')
CRITICAL - 2023-03-12 00:16:38 --> There is no data to insert.
in SYSTEMPATH\BaseModel.php on line 730.
 1 SYSTEMPATH\BaseModel.php(730): CodeIgniter\Database\Exceptions\DataException::forEmptyDataset('insert')
 2 SYSTEMPATH\Model.php(699): CodeIgniter\BaseModel->insert([], true)
 3 APPPATH\Controllers\Jenis.php(66): CodeIgniter\Model->insert([...])
 4 SYSTEMPATH\CodeIgniter.php(925): App\Controllers\Jenis->create()
 5 SYSTEMPATH\CodeIgniter.php(480): CodeIgniter\CodeIgniter->runController(Object(App\Controllers\Jenis))
 6 SYSTEMPATH\CodeIgniter.php(349): CodeIgniter\CodeIgniter->handleRequest(null, Object(Config\Cache), false)
 7 FCPATH\index.php(67): CodeIgniter\CodeIgniter->run()
 8 SYSTEMPATH\Commands\Server\rewrite.php(47): require_once('FCPATH\\index.php')
CRITICAL - 2023-03-12 00:16:42 --> There is no data to insert.
in SYSTEMPATH\BaseModel.php on line 730.
 1 SYSTEMPATH\BaseModel.php(730): CodeIgniter\Database\Exceptions\DataException::forEmptyDataset('insert')
 2 SYSTEMPATH\Model.php(699): CodeIgniter\BaseModel->insert([], true)
 3 APPPATH\Controllers\Jenis.php(66): CodeIgniter\Model->insert([...])
 4 SYSTEMPATH\CodeIgniter.php(925): App\Controllers\Jenis->create()
 5 SYSTEMPATH\CodeIgniter.php(480): CodeIgniter\CodeIgniter->runController(Object(App\Controllers\Jenis))
 6 SYSTEMPATH\CodeIgniter.php(349): CodeIgniter\CodeIgniter->handleRequest(null, Object(Config\Cache), false)
 7 FCPATH\index.php(67): CodeIgniter\CodeIgniter->run()
 8 SYSTEMPATH\Commands\Server\rewrite.php(47): require_once('FCPATH\\index.php')
CRITICAL - 2023-03-12 00:17:02 --> There is no data to insert.
in SYSTEMPATH\BaseModel.php on line 730.
 1 SYSTEMPATH\BaseModel.php(730): CodeIgniter\Database\Exceptions\DataException::forEmptyDataset('insert')
 2 SYSTEMPATH\Model.php(699): CodeIgniter\BaseModel->insert([], true)
 3 APPPATH\Controllers\Jenis.php(66): CodeIgniter\Model->insert([...])
 4 SYSTEMPATH\CodeIgniter.php(925): App\Controllers\Jenis->create()
 5 SYSTEMPATH\CodeIgniter.php(480): CodeIgniter\CodeIgniter->runController(Object(App\Controllers\Jenis))
 6 SYSTEMPATH\CodeIgniter.php(349): CodeIgniter\CodeIgniter->handleRequest(null, Object(Config\Cache), false)
 7 FCPATH\index.php(67): CodeIgniter\CodeIgniter->run()
 8 SYSTEMPATH\Commands\Server\rewrite.php(47): require_once('FCPATH\\index.php')
CRITICAL - 2023-03-12 00:17:06 --> There is no data to insert.
in SYSTEMPATH\BaseModel.php on line 730.
 1 SYSTEMPATH\BaseModel.php(730): CodeIgniter\Database\Exceptions\DataException::forEmptyDataset('insert')
 2 SYSTEMPATH\Model.php(699): CodeIgniter\BaseModel->insert([], true)
 3 APPPATH\Controllers\Jenis.php(66): CodeIgniter\Model->insert([...])
 4 SYSTEMPATH\CodeIgniter.php(925): App\Controllers\Jenis->create()
 5 SYSTEMPATH\CodeIgniter.php(480): CodeIgniter\CodeIgniter->runController(Object(App\Controllers\Jenis))
 6 SYSTEMPATH\CodeIgniter.php(349): CodeIgniter\CodeIgniter->handleRequest(null, Object(Config\Cache), false)
 7 FCPATH\index.php(67): CodeIgniter\CodeIgniter->run()
 8 SYSTEMPATH\Commands\Server\rewrite.php(47): require_once('FCPATH\\index.php')
CRITICAL - 2023-03-12 00:17:38 --> There is no data to insert.
in SYSTEMPATH\BaseModel.php on line 730.
 1 SYSTEMPATH\BaseModel.php(730): CodeIgniter\Database\Exceptions\DataException::forEmptyDataset('insert')
 2 SYSTEMPATH\Model.php(699): CodeIgniter\BaseModel->insert([], true)
 3 APPPATH\Controllers\Jenis.php(66): CodeIgniter\Model->insert([...])
 4 SYSTEMPATH\CodeIgniter.php(925): App\Controllers\Jenis->create()
 5 SYSTEMPATH\CodeIgniter.php(480): CodeIgniter\CodeIgniter->runController(Object(App\Controllers\Jenis))
 6 SYSTEMPATH\CodeIgniter.php(349): CodeIgniter\CodeIgniter->handleRequest(null, Object(Config\Cache), false)
 7 FCPATH\index.php(67): CodeIgniter\CodeIgniter->run()
 8 SYSTEMPATH\Commands\Server\rewrite.php(47): require_once('FCPATH\\index.php')
CRITICAL - 2023-03-12 00:17:38 --> There is no data to insert.
in SYSTEMPATH\BaseModel.php on line 730.
 1 SYSTEMPATH\BaseModel.php(730): CodeIgniter\Database\Exceptions\DataException::forEmptyDataset('insert')
 2 SYSTEMPATH\Model.php(699): CodeIgniter\BaseModel->insert([], true)
 3 APPPATH\Controllers\Jenis.php(66): CodeIgniter\Model->insert([...])
 4 SYSTEMPATH\CodeIgniter.php(925): App\Controllers\Jenis->create()
 5 SYSTEMPATH\CodeIgniter.php(480): CodeIgniter\CodeIgniter->runController(Object(App\Controllers\Jenis))
 6 SYSTEMPATH\CodeIgniter.php(349): CodeIgniter\CodeIgniter->handleRequest(null, Object(Config\Cache), false)
 7 FCPATH\index.php(67): CodeIgniter\CodeIgniter->run()
 8 SYSTEMPATH\Commands\Server\rewrite.php(47): require_once('FCPATH\\index.php')
CRITICAL - 2023-03-12 00:17:38 --> There is no data to insert.
in SYSTEMPATH\BaseModel.php on line 730.
 1 SYSTEMPATH\BaseModel.php(730): CodeIgniter\Database\Exceptions\DataException::forEmptyDataset('insert')
 2 SYSTEMPATH\Model.php(699): CodeIgniter\BaseModel->insert([], true)
 3 APPPATH\Controllers\Jenis.php(66): CodeIgniter\Model->insert([...])
 4 SYSTEMPATH\CodeIgniter.php(925): App\Controllers\Jenis->create()
 5 SYSTEMPATH\CodeIgniter.php(480): CodeIgniter\CodeIgniter->runController(Object(App\Controllers\Jenis))
 6 SYSTEMPATH\CodeIgniter.php(349): CodeIgniter\CodeIgniter->handleRequest(null, Object(Config\Cache), false)
 7 FCPATH\index.php(67): CodeIgniter\CodeIgniter->run()
 8 SYSTEMPATH\Commands\Server\rewrite.php(47): require_once('FCPATH\\index.php')
CRITICAL - 2023-03-12 00:18:54 --> Undefined property: stdClass::$Keterangan
in APPPATH\Controllers\Jenis.php on line 66.
 1 APPPATH\Controllers\Jenis.php(66): CodeIgniter\Debug\Exceptions->errorHandler(2, 'Undefined property: stdClass::$Keterangan', 'APPPATH\\Controllers\\Jenis.php', 66)
 2 SYSTEMPATH\CodeIgniter.php(925): App\Controllers\Jenis->create()
 3 SYSTEMPATH\CodeIgniter.php(480): CodeIgniter\CodeIgniter->runController(Object(App\Controllers\Jenis))
 4 SYSTEMPATH\CodeIgniter.php(349): CodeIgniter\CodeIgniter->handleRequest(null, Object(Config\Cache), false)
 5 FCPATH\index.php(67): CodeIgniter\CodeIgniter->run()
 6 SYSTEMPATH\Commands\Server\rewrite.php(47): require_once('FCPATH\\index.php')
CRITICAL - 2023-03-12 00:18:55 --> Undefined property: stdClass::$Keterangan
in APPPATH\Controllers\Jenis.php on line 66.
 1 APPPATH\Controllers\Jenis.php(66): CodeIgniter\Debug\Exceptions->errorHandler(2, 'Undefined property: stdClass::$Keterangan', 'APPPATH\\Controllers\\Jenis.php', 66)
 2 SYSTEMPATH\CodeIgniter.php(925): App\Controllers\Jenis->create()
 3 SYSTEMPATH\CodeIgniter.php(480): CodeIgniter\CodeIgniter->runController(Object(App\Controllers\Jenis))
 4 SYSTEMPATH\CodeIgniter.php(349): CodeIgniter\CodeIgniter->handleRequest(null, Object(Config\Cache), false)
 5 FCPATH\index.php(67): CodeIgniter\CodeIgniter->run()
 6 SYSTEMPATH\Commands\Server\rewrite.php(47): require_once('FCPATH\\index.php')
CRITICAL - 2023-03-12 00:18:55 --> Undefined property: stdClass::$Keterangan
in APPPATH\Controllers\Jenis.php on line 66.
 1 APPPATH\Controllers\Jenis.php(66): CodeIgniter\Debug\Exceptions->errorHandler(2, 'Undefined property: stdClass::$Keterangan', 'APPPATH\\Controllers\\Jenis.php', 66)
 2 SYSTEMPATH\CodeIgniter.php(925): App\Controllers\Jenis->create()
 3 SYSTEMPATH\CodeIgniter.php(480): CodeIgniter\CodeIgniter->runController(Object(App\Controllers\Jenis))
 4 SYSTEMPATH\CodeIgniter.php(349): CodeIgniter\CodeIgniter->handleRequest(null, Object(Config\Cache), false)
 5 FCPATH\index.php(67): CodeIgniter\CodeIgniter->run()
 6 SYSTEMPATH\Commands\Server\rewrite.php(47): require_once('FCPATH\\index.php')
CRITICAL - 2023-03-12 00:18:55 --> Undefined property: stdClass::$Keterangan
in APPPATH\Controllers\Jenis.php on line 66.
 1 APPPATH\Controllers\Jenis.php(66): CodeIgniter\Debug\Exceptions->errorHandler(2, 'Undefined property: stdClass::$Keterangan', 'APPPATH\\Controllers\\Jenis.php', 66)
 2 SYSTEMPATH\CodeIgniter.php(925): App\Controllers\Jenis->create()
 3 SYSTEMPATH\CodeIgniter.php(480): CodeIgniter\CodeIgniter->runController(Object(App\Controllers\Jenis))
 4 SYSTEMPATH\CodeIgniter.php(349): CodeIgniter\CodeIgniter->handleRequest(null, Object(Config\Cache), false)
 5 FCPATH\index.php(67): CodeIgniter\CodeIgniter->run()
 6 SYSTEMPATH\Commands\Server\rewrite.php(47): require_once('FCPATH\\index.php')
CRITICAL - 2023-03-12 00:21:37 --> There is no data to insert.
in SYSTEMPATH\BaseModel.php on line 730.
 1 SYSTEMPATH\BaseModel.php(730): CodeIgniter\Database\Exceptions\DataException::forEmptyDataset('insert')
 2 SYSTEMPATH\Model.php(699): CodeIgniter\BaseModel->insert([], true)
 3 APPPATH\Controllers\Jenis.php(66): CodeIgniter\Model->insert([...])
 4 SYSTEMPATH\CodeIgniter.php(925): App\Controllers\Jenis->create()
 5 SYSTEMPATH\CodeIgniter.php(480): CodeIgniter\CodeIgniter->runController(Object(App\Controllers\Jenis))
 6 SYSTEMPATH\CodeIgniter.php(349): CodeIgniter\CodeIgniter->handleRequest(null, Object(Config\Cache), false)
 7 FCPATH\index.php(67): CodeIgniter\CodeIgniter->run()
 8 SYSTEMPATH\Commands\Server\rewrite.php(47): require_once('FCPATH\\index.php')
CRITICAL - 2023-03-12 00:21:43 --> There is no data to insert.
in SYSTEMPATH\BaseModel.php on line 730.
 1 SYSTEMPATH\BaseModel.php(730): CodeIgniter\Database\Exceptions\DataException::forEmptyDataset('insert')
 2 SYSTEMPATH\Model.php(699): CodeIgniter\BaseModel->insert([], true)
 3 APPPATH\Controllers\Jenis.php(66): CodeIgniter\Model->insert([...])
 4 SYSTEMPATH\CodeIgniter.php(925): App\Controllers\Jenis->create()
 5 SYSTEMPATH\CodeIgniter.php(480): CodeIgniter\CodeIgniter->runController(Object(App\Controllers\Jenis))
 6 SYSTEMPATH\CodeIgniter.php(349): CodeIgniter\CodeIgniter->handleRequest(null, Object(Config\Cache), false)
 7 FCPATH\index.php(67): CodeIgniter\CodeIgniter->run()
 8 SYSTEMPATH\Commands\Server\rewrite.php(47): require_once('FCPATH\\index.php')
CRITICAL - 2023-03-12 00:21:44 --> There is no data to insert.
in SYSTEMPATH\BaseModel.php on line 730.
 1 SYSTEMPATH\BaseModel.php(730): CodeIgniter\Database\Exceptions\DataException::forEmptyDataset('insert')
 2 SYSTEMPATH\Model.php(699): CodeIgniter\BaseModel->insert([], true)
 3 APPPATH\Controllers\Jenis.php(66): CodeIgniter\Model->insert([...])
 4 SYSTEMPATH\CodeIgniter.php(925): App\Controllers\Jenis->create()
 5 SYSTEMPATH\CodeIgniter.php(480): CodeIgniter\CodeIgniter->runController(Object(App\Controllers\Jenis))
 6 SYSTEMPATH\CodeIgniter.php(349): CodeIgniter\CodeIgniter->handleRequest(null, Object(Config\Cache), false)
 7 FCPATH\index.php(67): CodeIgniter\CodeIgniter->run()
 8 SYSTEMPATH\Commands\Server\rewrite.php(47): require_once('FCPATH\\index.php')
CRITICAL - 2023-03-12 00:26:08 --> Undefined property: stdClass::$Jenis
in APPPATH\Controllers\Jenis.php on line 66.
 1 APPPATH\Controllers\Jenis.php(66): CodeIgniter\Debug\Exceptions->errorHandler(2, 'Undefined property: stdClass::$Jenis', 'APPPATH\\Controllers\\Jenis.php', 66)
 2 SYSTEMPATH\CodeIgniter.php(925): App\Controllers\Jenis->create()
 3 SYSTEMPATH\CodeIgniter.php(480): CodeIgniter\CodeIgniter->runController(Object(App\Controllers\Jenis))
 4 SYSTEMPATH\CodeIgniter.php(349): CodeIgniter\CodeIgniter->handleRequest(null, Object(Config\Cache), false)
 5 FCPATH\index.php(67): CodeIgniter\CodeIgniter->run()
 6 SYSTEMPATH\Commands\Server\rewrite.php(47): require_once('FCPATH\\index.php')
CRITICAL - 2023-03-12 00:26:10 --> Undefined property: stdClass::$Jenis
in APPPATH\Controllers\Jenis.php on line 66.
 1 APPPATH\Controllers\Jenis.php(66): CodeIgniter\Debug\Exceptions->errorHandler(2, 'Undefined property: stdClass::$Jenis', 'APPPATH\\Controllers\\Jenis.php', 66)
 2 SYSTEMPATH\CodeIgniter.php(925): App\Controllers\Jenis->create()
 3 SYSTEMPATH\CodeIgniter.php(480): CodeIgniter\CodeIgniter->runController(Object(App\Controllers\Jenis))
 4 SYSTEMPATH\CodeIgniter.php(349): CodeIgniter\CodeIgniter->handleRequest(null, Object(Config\Cache), false)
 5 FCPATH\index.php(67): CodeIgniter\CodeIgniter->run()
 6 SYSTEMPATH\Commands\Server\rewrite.php(47): require_once('FCPATH\\index.php')
CRITICAL - 2023-03-12 00:28:00 --> Undefined property: stdClass::$Jenis
in APPPATH\Controllers\Jenis.php on line 66.
 1 APPPATH\Controllers\Jenis.php(66): CodeIgniter\Debug\Exceptions->errorHandler(2, 'Undefined property: stdClass::$Jenis', 'APPPATH\\Controllers\\Jenis.php', 66)
 2 SYSTEMPATH\CodeIgniter.php(925): App\Controllers\Jenis->create()
 3 SYSTEMPATH\CodeIgniter.php(480): CodeIgniter\CodeIgniter->runController(Object(App\Controllers\Jenis))
 4 SYSTEMPATH\CodeIgniter.php(349): CodeIgniter\CodeIgniter->handleRequest(null, Object(Config\Cache), false)
 5 FCPATH\index.php(67): CodeIgniter\CodeIgniter->run()
 6 SYSTEMPATH\Commands\Server\rewrite.php(47): require_once('FCPATH\\index.php')
CRITICAL - 2023-03-12 00:28:01 --> Undefined property: stdClass::$Jenis
in APPPATH\Controllers\Jenis.php on line 66.
 1 APPPATH\Controllers\Jenis.php(66): CodeIgniter\Debug\Exceptions->errorHandler(2, 'Undefined property: stdClass::$Jenis', 'APPPATH\\Controllers\\Jenis.php', 66)
 2 SYSTEMPATH\CodeIgniter.php(925): App\Controllers\Jenis->create()
 3 SYSTEMPATH\CodeIgniter.php(480): CodeIgniter\CodeIgniter->runController(Object(App\Controllers\Jenis))
 4 SYSTEMPATH\CodeIgniter.php(349): CodeIgniter\CodeIgniter->handleRequest(null, Object(Config\Cache), false)
 5 FCPATH\index.php(67): CodeIgniter\CodeIgniter->run()
 6 SYSTEMPATH\Commands\Server\rewrite.php(47): require_once('FCPATH\\index.php')
CRITICAL - 2023-03-12 00:29:53 --> Undefined property: stdClass::$Jenis
in APPPATH\Controllers\Jenis.php on line 66.
 1 APPPATH\Controllers\Jenis.php(66): CodeIgniter\Debug\Exceptions->errorHandler(2, 'Undefined property: stdClass::$Jenis', 'APPPATH\\Controllers\\Jenis.php', 66)
 2 SYSTEMPATH\CodeIgniter.php(925): App\Controllers\Jenis->create()
 3 SYSTEMPATH\CodeIgniter.php(480): CodeIgniter\CodeIgniter->runController(Object(App\Controllers\Jenis))
 4 SYSTEMPATH\CodeIgniter.php(349): CodeIgniter\CodeIgniter->handleRequest(null, Object(Config\Cache), false)
 5 FCPATH\index.php(67): CodeIgniter\CodeIgniter->run()
 6 SYSTEMPATH\Commands\Server\rewrite.php(47): require_once('FCPATH\\index.php')
CRITICAL - 2023-03-12 00:29:54 --> Undefined property: stdClass::$Jenis
in APPPATH\Controllers\Jenis.php on line 66.
 1 APPPATH\Controllers\Jenis.php(66): CodeIgniter\Debug\Exceptions->errorHandler(2, 'Undefined property: stdClass::$Jenis', 'APPPATH\\Controllers\\Jenis.php', 66)
 2 SYSTEMPATH\CodeIgniter.php(925): App\Controllers\Jenis->create()
 3 SYSTEMPATH\CodeIgniter.php(480): CodeIgniter\CodeIgniter->runController(Object(App\Controllers\Jenis))
 4 SYSTEMPATH\CodeIgniter.php(349): CodeIgniter\CodeIgniter->handleRequest(null, Object(Config\Cache), false)
 5 FCPATH\index.php(67): CodeIgniter\CodeIgniter->run()
 6 SYSTEMPATH\Commands\Server\rewrite.php(47): require_once('FCPATH\\index.php')
CRITICAL - 2023-03-12 00:29:54 --> Undefined property: stdClass::$Jenis
in APPPATH\Controllers\Jenis.php on line 66.
 1 APPPATH\Controllers\Jenis.php(66): CodeIgniter\Debug\Exceptions->errorHandler(2, 'Undefined property: stdClass::$Jenis', 'APPPATH\\Controllers\\Jenis.php', 66)
 2 SYSTEMPATH\CodeIgniter.php(925): App\Controllers\Jenis->create()
 3 SYSTEMPATH\CodeIgniter.php(480): CodeIgniter\CodeIgniter->runController(Object(App\Controllers\Jenis))
 4 SYSTEMPATH\CodeIgniter.php(349): CodeIgniter\CodeIgniter->handleRequest(null, Object(Config\Cache), false)
 5 FCPATH\index.php(67): CodeIgniter\CodeIgniter->run()
 6 SYSTEMPATH\Commands\Server\rewrite.php(47): require_once('FCPATH\\index.php')
CRITICAL - 2023-03-12 00:29:55 --> Undefined property: stdClass::$Jenis
in APPPATH\Controllers\Jenis.php on line 66.
 1 APPPATH\Controllers\Jenis.php(66): CodeIgniter\Debug\Exceptions->errorHandler(2, 'Undefined property: stdClass::$Jenis', 'APPPATH\\Controllers\\Jenis.php', 66)
 2 SYSTEMPATH\CodeIgniter.php(925): App\Controllers\Jenis->create()
 3 SYSTEMPATH\CodeIgniter.php(480): CodeIgniter\CodeIgniter->runController(Object(App\Controllers\Jenis))
 4 SYSTEMPATH\CodeIgniter.php(349): CodeIgniter\CodeIgniter->handleRequest(null, Object(Config\Cache), false)
 5 FCPATH\index.php(67): CodeIgniter\CodeIgniter->run()
 6 SYSTEMPATH\Commands\Server\rewrite.php(47): require_once('FCPATH\\index.php')
CRITICAL - 2023-03-12 00:29:55 --> Undefined property: stdClass::$Jenis
in APPPATH\Controllers\Jenis.php on line 66.
 1 APPPATH\Controllers\Jenis.php(66): CodeIgniter\Debug\Exceptions->errorHandler(2, 'Undefined property: stdClass::$Jenis', 'APPPATH\\Controllers\\Jenis.php', 66)
 2 SYSTEMPATH\CodeIgniter.php(925): App\Controllers\Jenis->create()
 3 SYSTEMPATH\CodeIgniter.php(480): CodeIgniter\CodeIgniter->runController(Object(App\Controllers\Jenis))
 4 SYSTEMPATH\CodeIgniter.php(349): CodeIgniter\CodeIgniter->handleRequest(null, Object(Config\Cache), false)
 5 FCPATH\index.php(67): CodeIgniter\CodeIgniter->run()
 6 SYSTEMPATH\Commands\Server\rewrite.php(47): require_once('FCPATH\\index.php')
CRITICAL - 2023-03-12 00:30:31 --> Undefined property: stdClass::$Jenis
in APPPATH\Controllers\Jenis.php on line 66.
 1 APPPATH\Controllers\Jenis.php(66): CodeIgniter\Debug\Exceptions->errorHandler(2, 'Undefined property: stdClass::$Jenis', 'APPPATH\\Controllers\\Jenis.php', 66)
 2 SYSTEMPATH\CodeIgniter.php(925): App\Controllers\Jenis->create()
 3 SYSTEMPATH\CodeIgniter.php(480): CodeIgniter\CodeIgniter->runController(Object(App\Controllers\Jenis))
 4 SYSTEMPATH\CodeIgniter.php(349): CodeIgniter\CodeIgniter->handleRequest(null, Object(Config\Cache), false)
 5 FCPATH\index.php(67): CodeIgniter\CodeIgniter->run()
 6 SYSTEMPATH\Commands\Server\rewrite.php(47): require_once('FCPATH\\index.php')
CRITICAL - 2023-03-12 00:33:45 --> Undefined property: stdClass::$id
in APPPATH\Controllers\Jenis.php on line 101.
 1 APPPATH\Controllers\Jenis.php(101): CodeIgniter\Debug\Exceptions->errorHandler(2, 'Undefined property: stdClass::$id', 'APPPATH\\Controllers\\Jenis.php', 101)
 2 SYSTEMPATH\CodeIgniter.php(925): App\Controllers\Jenis->update('62')
 3 SYSTEMPATH\CodeIgniter.php(480): CodeIgniter\CodeIgniter->runController(Object(App\Controllers\Jenis))
 4 SYSTEMPATH\CodeIgniter.php(349): CodeIgniter\CodeIgniter->handleRequest(null, Object(Config\Cache), false)
 5 FCPATH\index.php(67): CodeIgniter\CodeIgniter->run()
 6 SYSTEMPATH\Commands\Server\rewrite.php(47): require_once('FCPATH\\index.php')
CRITICAL - 2023-03-12 00:34:37 --> Undefined property: stdClass::$Jenis
in APPPATH\Controllers\Jenis.php on line 66.
 1 APPPATH\Controllers\Jenis.php(66): CodeIgniter\Debug\Exceptions->errorHandler(2, 'Undefined property: stdClass::$Jenis', 'APPPATH\\Controllers\\Jenis.php', 66)
 2 SYSTEMPATH\CodeIgniter.php(925): App\Controllers\Jenis->create()
 3 SYSTEMPATH\CodeIgniter.php(480): CodeIgniter\CodeIgniter->runController(Object(App\Controllers\Jenis))
 4 SYSTEMPATH\CodeIgniter.php(349): CodeIgniter\CodeIgniter->handleRequest(null, Object(Config\Cache), false)
 5 FCPATH\index.php(67): CodeIgniter\CodeIgniter->run()
 6 SYSTEMPATH\Commands\Server\rewrite.php(47): require_once('FCPATH\\index.php')
CRITICAL - 2023-03-12 00:34:38 --> Undefined property: stdClass::$Jenis
in APPPATH\Controllers\Jenis.php on line 66.
 1 APPPATH\Controllers\Jenis.php(66): CodeIgniter\Debug\Exceptions->errorHandler(2, 'Undefined property: stdClass::$Jenis', 'APPPATH\\Controllers\\Jenis.php', 66)
 2 SYSTEMPATH\CodeIgniter.php(925): App\Controllers\Jenis->create()
 3 SYSTEMPATH\CodeIgniter.php(480): CodeIgniter\CodeIgniter->runController(Object(App\Controllers\Jenis))
 4 SYSTEMPATH\CodeIgniter.php(349): CodeIgniter\CodeIgniter->handleRequest(null, Object(Config\Cache), false)
 5 FCPATH\index.php(67): CodeIgniter\CodeIgniter->run()
 6 SYSTEMPATH\Commands\Server\rewrite.php(47): require_once('FCPATH\\index.php')
CRITICAL - 2023-03-12 00:34:39 --> Undefined property: stdClass::$Jenis
in APPPATH\Controllers\Jenis.php on line 66.
 1 APPPATH\Controllers\Jenis.php(66): CodeIgniter\Debug\Exceptions->errorHandler(2, 'Undefined property: stdClass::$Jenis', 'APPPATH\\Controllers\\Jenis.php', 66)
 2 SYSTEMPATH\CodeIgniter.php(925): App\Controllers\Jenis->create()
 3 SYSTEMPATH\CodeIgniter.php(480): CodeIgniter\CodeIgniter->runController(Object(App\Controllers\Jenis))
 4 SYSTEMPATH\CodeIgniter.php(349): CodeIgniter\CodeIgniter->handleRequest(null, Object(Config\Cache), false)
 5 FCPATH\index.php(67): CodeIgniter\CodeIgniter->run()
 6 SYSTEMPATH\Commands\Server\rewrite.php(47): require_once('FCPATH\\index.php')
CRITICAL - 2023-03-12 00:34:39 --> Undefined property: stdClass::$Jenis
in APPPATH\Controllers\Jenis.php on line 66.
 1 APPPATH\Controllers\Jenis.php(66): CodeIgniter\Debug\Exceptions->errorHandler(2, 'Undefined property: stdClass::$Jenis', 'APPPATH\\Controllers\\Jenis.php', 66)
 2 SYSTEMPATH\CodeIgniter.php(925): App\Controllers\Jenis->create()
 3 SYSTEMPATH\CodeIgniter.php(480): CodeIgniter\CodeIgniter->runController(Object(App\Controllers\Jenis))
 4 SYSTEMPATH\CodeIgniter.php(349): CodeIgniter\CodeIgniter->handleRequest(null, Object(Config\Cache), false)
 5 FCPATH\index.php(67): CodeIgniter\CodeIgniter->run()
 6 SYSTEMPATH\Commands\Server\rewrite.php(47): require_once('FCPATH\\index.php')
CRITICAL - 2023-03-12 00:44:23 --> Undefined property: stdClass::$id
in APPPATH\Controllers\Jenis.php on line 101.
 1 APPPATH\Controllers\Jenis.php(101): CodeIgniter\Debug\Exceptions->errorHandler(2, 'Undefined property: stdClass::$id', 'APPPATH\\Controllers\\Jenis.php', 101)
 2 SYSTEMPATH\CodeIgniter.php(925): App\Controllers\Jenis->update('66')
 3 SYSTEMPATH\CodeIgniter.php(480): CodeIgniter\CodeIgniter->runController(Object(App\Controllers\Jenis))
 4 SYSTEMPATH\CodeIgniter.php(349): CodeIgniter\CodeIgniter->handleRequest(null, Object(Config\Cache), false)
 5 FCPATH\index.php(67): CodeIgniter\CodeIgniter->run()
 6 SYSTEMPATH\Commands\Server\rewrite.php(47): require_once('FCPATH\\index.php')
CRITICAL - 2023-03-12 01:03:52 --> Undefined property: stdClass::$id
in APPPATH\Controllers\Jenis.php on line 101.
 1 APPPATH\Controllers\Jenis.php(101): CodeIgniter\Debug\Exceptions->errorHandler(2, 'Undefined property: stdClass::$id', 'APPPATH\\Controllers\\Jenis.php', 101)
 2 SYSTEMPATH\CodeIgniter.php(925): App\Controllers\Jenis->update('66')
 3 SYSTEMPATH\CodeIgniter.php(480): CodeIgniter\CodeIgniter->runController(Object(App\Controllers\Jenis))
 4 SYSTEMPATH\CodeIgniter.php(349): CodeIgniter\CodeIgniter->handleRequest(null, Object(Config\Cache), false)
 5 FCPATH\index.php(67): CodeIgniter\CodeIgniter->run()
 6 SYSTEMPATH\Commands\Server\rewrite.php(47): require_once('FCPATH\\index.php')
CRITICAL - 2023-03-12 01:03:54 --> Undefined property: stdClass::$id
in APPPATH\Controllers\Jenis.php on line 101.
 1 APPPATH\Controllers\Jenis.php(101): CodeIgniter\Debug\Exceptions->errorHandler(2, 'Undefined property: stdClass::$id', 'APPPATH\\Controllers\\Jenis.php', 101)
 2 SYSTEMPATH\CodeIgniter.php(925): App\Controllers\Jenis->update('66')
 3 SYSTEMPATH\CodeIgniter.php(480): CodeIgniter\CodeIgniter->runController(Object(App\Controllers\Jenis))
 4 SYSTEMPATH\CodeIgniter.php(349): CodeIgniter\CodeIgniter->handleRequest(null, Object(Config\Cache), false)
 5 FCPATH\index.php(67): CodeIgniter\CodeIgniter->run()
 6 SYSTEMPATH\Commands\Server\rewrite.php(47): require_once('FCPATH\\index.php')
CRITICAL - 2023-03-12 01:04:15 --> Undefined property: stdClass::$id
in APPPATH\Controllers\Jenis.php on line 101.
 1 APPPATH\Controllers\Jenis.php(101): CodeIgniter\Debug\Exceptions->errorHandler(2, 'Undefined property: stdClass::$id', 'APPPATH\\Controllers\\Jenis.php', 101)
 2 SYSTEMPATH\CodeIgniter.php(925): App\Controllers\Jenis->update('66')
 3 SYSTEMPATH\CodeIgniter.php(480): CodeIgniter\CodeIgniter->runController(Object(App\Controllers\Jenis))
 4 SYSTEMPATH\CodeIgniter.php(349): CodeIgniter\CodeIgniter->handleRequest(null, Object(Config\Cache), false)
 5 FCPATH\index.php(67): CodeIgniter\CodeIgniter->run()
 6 SYSTEMPATH\Commands\Server\rewrite.php(47): require_once('FCPATH\\index.php')
CRITICAL - 2023-03-12 01:04:21 --> Undefined property: stdClass::$id
in APPPATH\Controllers\Jenis.php on line 101.
 1 APPPATH\Controllers\Jenis.php(101): CodeIgniter\Debug\Exceptions->errorHandler(2, 'Undefined property: stdClass::$id', 'APPPATH\\Controllers\\Jenis.php', 101)
 2 SYSTEMPATH\CodeIgniter.php(925): App\Controllers\Jenis->update('66')
 3 SYSTEMPATH\CodeIgniter.php(480): CodeIgniter\CodeIgniter->runController(Object(App\Controllers\Jenis))
 4 SYSTEMPATH\CodeIgniter.php(349): CodeIgniter\CodeIgniter->handleRequest(null, Object(Config\Cache), false)
 5 FCPATH\index.php(67): CodeIgniter\CodeIgniter->run()
 6 SYSTEMPATH\Commands\Server\rewrite.php(47): require_once('FCPATH\\index.php')
CRITICAL - 2023-03-12 01:04:21 --> Undefined property: stdClass::$id
in APPPATH\Controllers\Jenis.php on line 101.
 1 APPPATH\Controllers\Jenis.php(101): CodeIgniter\Debug\Exceptions->errorHandler(2, 'Undefined property: stdClass::$id', 'APPPATH\\Controllers\\Jenis.php', 101)
 2 SYSTEMPATH\CodeIgniter.php(925): App\Controllers\Jenis->update('66')
 3 SYSTEMPATH\CodeIgniter.php(480): CodeIgniter\CodeIgniter->runController(Object(App\Controllers\Jenis))
 4 SYSTEMPATH\CodeIgniter.php(349): CodeIgniter\CodeIgniter->handleRequest(null, Object(Config\Cache), false)
 5 FCPATH\index.php(67): CodeIgniter\CodeIgniter->run()
 6 SYSTEMPATH\Commands\Server\rewrite.php(47): require_once('FCPATH\\index.php')
CRITICAL - 2023-03-12 01:04:50 --> Undefined property: stdClass::$id
in APPPATH\Controllers\Jenis.php on line 101.
 1 APPPATH\Controllers\Jenis.php(101): CodeIgniter\Debug\Exceptions->errorHandler(2, 'Undefined property: stdClass::$id', 'APPPATH\\Controllers\\Jenis.php', 101)
 2 SYSTEMPATH\CodeIgniter.php(925): App\Controllers\Jenis->update('67')
 3 SYSTEMPATH\CodeIgniter.php(480): CodeIgniter\CodeIgniter->runController(Object(App\Controllers\Jenis))
 4 SYSTEMPATH\CodeIgniter.php(349): CodeIgniter\CodeIgniter->handleRequest(null, Object(Config\Cache), false)
 5 FCPATH\index.php(67): CodeIgniter\CodeIgniter->run()
 6 SYSTEMPATH\Commands\Server\rewrite.php(47): require_once('FCPATH\\index.php')
CRITICAL - 2023-03-12 01:04:51 --> Undefined property: stdClass::$id
in APPPATH\Controllers\Jenis.php on line 101.
 1 APPPATH\Controllers\Jenis.php(101): CodeIgniter\Debug\Exceptions->errorHandler(2, 'Undefined property: stdClass::$id', 'APPPATH\\Controllers\\Jenis.php', 101)
 2 SYSTEMPATH\CodeIgniter.php(925): App\Controllers\Jenis->update('67')
 3 SYSTEMPATH\CodeIgniter.php(480): CodeIgniter\CodeIgniter->runController(Object(App\Controllers\Jenis))
 4 SYSTEMPATH\CodeIgniter.php(349): CodeIgniter\CodeIgniter->handleRequest(null, Object(Config\Cache), false)
 5 FCPATH\index.php(67): CodeIgniter\CodeIgniter->run()
 6 SYSTEMPATH\Commands\Server\rewrite.php(47): require_once('FCPATH\\index.php')
CRITICAL - 2023-03-12 01:05:00 --> Undefined property: stdClass::$id
in APPPATH\Controllers\Jenis.php on line 101.
 1 APPPATH\Controllers\Jenis.php(101): CodeIgniter\Debug\Exceptions->errorHandler(2, 'Undefined property: stdClass::$id', 'APPPATH\\Controllers\\Jenis.php', 101)
 2 SYSTEMPATH\CodeIgniter.php(925): App\Controllers\Jenis->update('67')
 3 SYSTEMPATH\CodeIgniter.php(480): CodeIgniter\CodeIgniter->runController(Object(App\Controllers\Jenis))
 4 SYSTEMPATH\CodeIgniter.php(349): CodeIgniter\CodeIgniter->handleRequest(null, Object(Config\Cache), false)
 5 FCPATH\index.php(67): CodeIgniter\CodeIgniter->run()
 6 SYSTEMPATH\Commands\Server\rewrite.php(47): require_once('FCPATH\\index.php')
CRITICAL - 2023-03-12 01:05:00 --> Undefined property: stdClass::$id
in APPPATH\Controllers\Jenis.php on line 101.
 1 APPPATH\Controllers\Jenis.php(101): CodeIgniter\Debug\Exceptions->errorHandler(2, 'Undefined property: stdClass::$id', 'APPPATH\\Controllers\\Jenis.php', 101)
 2 SYSTEMPATH\CodeIgniter.php(925): App\Controllers\Jenis->update('67')
 3 SYSTEMPATH\CodeIgniter.php(480): CodeIgniter\CodeIgniter->runController(Object(App\Controllers\Jenis))
 4 SYSTEMPATH\CodeIgniter.php(349): CodeIgniter\CodeIgniter->handleRequest(null, Object(Config\Cache), false)
 5 FCPATH\index.php(67): CodeIgniter\CodeIgniter->run()
 6 SYSTEMPATH\Commands\Server\rewrite.php(47): require_once('FCPATH\\index.php')
CRITICAL - 2023-03-12 01:05:01 --> Undefined property: stdClass::$id
in APPPATH\Controllers\Jenis.php on line 101.
 1 APPPATH\Controllers\Jenis.php(101): CodeIgniter\Debug\Exceptions->errorHandler(2, 'Undefined property: stdClass::$id', 'APPPATH\\Controllers\\Jenis.php', 101)
 2 SYSTEMPATH\CodeIgniter.php(925): App\Controllers\Jenis->update('67')
 3 SYSTEMPATH\CodeIgniter.php(480): CodeIgniter\CodeIgniter->runController(Object(App\Controllers\Jenis))
 4 SYSTEMPATH\CodeIgniter.php(349): CodeIgniter\CodeIgniter->handleRequest(null, Object(Config\Cache), false)
 5 FCPATH\index.php(67): CodeIgniter\CodeIgniter->run()
 6 SYSTEMPATH\Commands\Server\rewrite.php(47): require_once('FCPATH\\index.php')
CRITICAL - 2023-03-12 01:25:12 --> Undefined variable $awal
in APPPATH\Controllers\Jenis.php on line 26.
 1 APPPATH\Controllers\Jenis.php(26): CodeIgniter\Debug\Exceptions->errorHandler(2, 'Undefined variable $awal', 'APPPATH\\Controllers\\Jenis.php', 26)
 2 SYSTEMPATH\CodeIgniter.php(925): App\Controllers\Jenis->index()
 3 SYSTEMPATH\CodeIgniter.php(480): CodeIgniter\CodeIgniter->runController(Object(App\Controllers\Jenis))
 4 SYSTEMPATH\CodeIgniter.php(349): CodeIgniter\CodeIgniter->handleRequest(null, Object(Config\Cache), false)
 5 FCPATH\index.php(67): CodeIgniter\CodeIgniter->run()
 6 SYSTEMPATH\Commands\Server\rewrite.php(47): require_once('FCPATH\\index.php')
CRITICAL - 2023-03-12 01:25:14 --> Undefined variable $awal
in APPPATH\Controllers\Jenis.php on line 26.
 1 APPPATH\Controllers\Jenis.php(26): CodeIgniter\Debug\Exceptions->errorHandler(2, 'Undefined variable $awal', 'APPPATH\\Controllers\\Jenis.php', 26)
 2 SYSTEMPATH\CodeIgniter.php(925): App\Controllers\Jenis->index()
 3 SYSTEMPATH\CodeIgniter.php(480): CodeIgniter\CodeIgniter->runController(Object(App\Controllers\Jenis))
 4 SYSTEMPATH\CodeIgniter.php(349): CodeIgniter\CodeIgniter->handleRequest(null, Object(Config\Cache), false)
 5 FCPATH\index.php(67): CodeIgniter\CodeIgniter->run()
 6 SYSTEMPATH\Commands\Server\rewrite.php(47): require_once('FCPATH\\index.php')
ERROR - 2023-03-12 01:27:45 --> mysqli_sql_exception: You have an error in your SQL syntax; check the manual that corresponds to your MariaDB server version for the right syntax to use near 'like
ORDER BY `id` DESC
 LIMIT 10' at line 3 in C:\Belajar\CI_API\CI_API\ci4\system\Database\MySQLi\Connection.php:292
Stack trace:
#0 C:\Belajar\CI_API\CI_API\ci4\system\Database\MySQLi\Connection.php(292): mysqli->query('SELECT *\nFROM `...', 0)
#1 C:\Belajar\CI_API\CI_API\ci4\system\Database\BaseConnection.php(666): CodeIgniter\Database\MySQLi\Connection->execute('SELECT *\nFROM `...')
#2 C:\Belajar\CI_API\CI_API\ci4\system\Database\BaseConnection.php(593): CodeIgniter\Database\BaseConnection->simpleQuery('SELECT *\nFROM `...')
#3 C:\Belajar\CI_API\CI_API\ci4\system\Database\BaseBuilder.php(1585): CodeIgniter\Database\BaseConnection->query('SELECT *\nFROM `...', Array, false)
#4 C:\Belajar\CI_API\CI_API\ci4\system\Model.php(240): CodeIgniter\Database\BaseBuilder->get()
#5 C:\Belajar\CI_API\CI_API\ci4\system\BaseModel.php(586): CodeIgniter\Model->doFindAll(10, 0)
#6 C:\Belajar\CI_API\CI_API\ci4\app\Controllers\Jenis.php(28): CodeIgniter\BaseModel->findAll(10, 0)
#7 C:\Belajar\CI_API\CI_API\ci4\system\CodeIgniter.php(925): App\Controllers\Jenis->index()
#8 C:\Belajar\CI_API\CI_API\ci4\system\CodeIgniter.php(480): CodeIgniter\CodeIgniter->runController(Object(App\Controllers\Jenis))
#9 C:\Belajar\CI_API\CI_API\ci4\system\CodeIgniter.php(349): CodeIgniter\CodeIgniter->handleRequest(NULL, Object(Config\Cache), false)
#10 C:\Belajar\CI_API\CI_API\ci4\public\index.php(67): CodeIgniter\CodeIgniter->run()
#11 C:\Belajar\CI_API\CI_API\ci4\system\Commands\Server\rewrite.php(47): require_once('C:\\Belajar\\CI_A...')
#12 {main}
CRITICAL - 2023-03-12 01:27:45 --> You have an error in your SQL syntax; check the manual that corresponds to your MariaDB server version for the right syntax to use near 'like
ORDER BY `id` DESC
 LIMIT 10' at line 3
in SYSTEMPATH\Database\MySQLi\Connection.php on line 292.
 1 SYSTEMPATH\Database\MySQLi\Connection.php(292): mysqli->query('SELECT *
FROM `jenis_obat`
WHERE Nama = like
ORDER BY `id` DESC
 LIMIT 10', 0)
 2 SYSTEMPATH\Database\BaseConnection.php(666): CodeIgniter\Database\MySQLi\Connection->execute('SELECT *
FROM `jenis_obat`
WHERE Nama = like
ORDER BY `id` DESC
 LIMIT 10')
 3 SYSTEMPATH\Database\BaseConnection.php(593): CodeIgniter\Database\BaseConnection->simpleQuery('SELECT *
FROM `jenis_obat`
WHERE Nama = like
ORDER BY `id` DESC
 LIMIT 10')
 4 SYSTEMPATH\Database\BaseBuilder.php(1585): CodeIgniter\Database\BaseConnection->query('SELECT *
FROM `jenis_obat`
WHERE Nama = :Nama:
ORDER BY `id` DESC
 LIMIT 10', [...], false)
 5 SYSTEMPATH\Model.php(240): CodeIgniter\Database\BaseBuilder->get()
 6 SYSTEMPATH\BaseModel.php(586): CodeIgniter\Model->doFindAll(10, 0)
 7 APPPATH\Controllers\Jenis.php(28): CodeIgniter\BaseModel->findAll(10, 0)
 8 SYSTEMPATH\CodeIgniter.php(925): App\Controllers\Jenis->index()
 9 SYSTEMPATH\CodeIgniter.php(480): CodeIgniter\CodeIgniter->runController(Object(App\Controllers\Jenis))
10 SYSTEMPATH\CodeIgniter.php(349): CodeIgniter\CodeIgniter->handleRequest(null, Object(Config\Cache), false)
11 FCPATH\index.php(67): CodeIgniter\CodeIgniter->run()
12 SYSTEMPATH\Commands\Server\rewrite.php(47): require_once('FCPATH\\index.php')
