CRITICAL - 2023-08-13 03:40:36 --> The namespace delimiter is a backslash (\), not a slash (/). Route handler: \App\Controllers\web/Obat::upload
in SYSTEMPATH\Router\Router.php on line 466.
 1 SYSTEMPATH\Router\Router.php(466): CodeIgniter\Router\Exceptions\RouterException::forInvalidControllerName('\\App\\Controllers\\web/Obat::upload')
 2 SYSTEMPATH\Router\Router.php(181): CodeIgniter\Router\Router->checkRoutes('obat/upload')
 3 SYSTEMPATH\CodeIgniter.php(800): CodeIgniter\Router\Router->handle('obat/upload')
 4 SYSTEMPATH\CodeIgniter.php(428): CodeIgniter\CodeIgniter->tryToRouteIt(Object(CodeIgniter\Router\RouteCollection))
 5 SYSTEMPATH\CodeIgniter.php(349): CodeIgniter\CodeIgniter->handleRequest(null, Object(Config\Cache), false)
 6 FCPATH\index.php(67): CodeIgniter\CodeIgniter->run()
 7 SYSTEMPATH\Commands\Server\rewrite.php(47): require_once('FCPATH\\index.php')
CRITICAL - 2023-08-13 03:41:15 --> Call to a member function move() on array
in APPPATH\Controllers\web\Obat.php on line 64.
 1 SYSTEMPATH\CodeIgniter.php(925): App\Controllers\Web\Obat->upload()
 2 SYSTEMPATH\CodeIgniter.php(480): CodeIgniter\CodeIgniter->runController(Object(App\Controllers\Web\Obat))
 3 SYSTEMPATH\CodeIgniter.php(349): CodeIgniter\CodeIgniter->handleRequest(null, Object(Config\Cache), false)
 4 FCPATH\index.php(67): CodeIgniter\CodeIgniter->run()
 5 SYSTEMPATH\Commands\Server\rewrite.php(47): require_once('FCPATH\\index.php')
CRITICAL - 2023-08-13 03:41:27 --> Undefined array key 0
in APPPATH\Controllers\web\Obat.php on line 64.
 1 APPPATH\Controllers\web\Obat.php(64): CodeIgniter\Debug\Exceptions->errorHandler(2, 'Undefined array key 0', 'APPPATH\\Controllers\\web\\Obat.php', 64)
 2 SYSTEMPATH\CodeIgniter.php(925): App\Controllers\Web\Obat->upload()
 3 SYSTEMPATH\CodeIgniter.php(480): CodeIgniter\CodeIgniter->runController(Object(App\Controllers\Web\Obat))
 4 SYSTEMPATH\CodeIgniter.php(349): CodeIgniter\CodeIgniter->handleRequest(null, Object(Config\Cache), false)
 5 FCPATH\index.php(67): CodeIgniter\CodeIgniter->run()
 6 SYSTEMPATH\Commands\Server\rewrite.php(47): require_once('FCPATH\\index.php')
CRITICAL - 2023-08-13 03:42:20 --> Call to a member function move() on null
in APPPATH\Controllers\web\Obat.php on line 64.
 1 SYSTEMPATH\CodeIgniter.php(925): App\Controllers\Web\Obat->upload()
 2 SYSTEMPATH\CodeIgniter.php(480): CodeIgniter\CodeIgniter->runController(Object(App\Controllers\Web\Obat))
 3 SYSTEMPATH\CodeIgniter.php(349): CodeIgniter\CodeIgniter->handleRequest(null, Object(Config\Cache), false)
 4 FCPATH\index.php(67): CodeIgniter\CodeIgniter->run()
 5 SYSTEMPATH\Commands\Server\rewrite.php(47): require_once('FCPATH\\index.php')
CRITICAL - 2023-08-13 03:44:57 --> Undefined property: CodeIgniter\HTTP\Files\UploadedFile::$getClientMimeType
in APPPATH\Controllers\web\Obat.php on line 65.
 1 APPPATH\Controllers\web\Obat.php(65): CodeIgniter\Debug\Exceptions->errorHandler(2, 'Undefined property: CodeIgniter\\HTTP\\Files\\UploadedFile::$getClientMimeType', 'APPPATH\\Controllers\\web\\Obat.php', 65)
 2 SYSTEMPATH\CodeIgniter.php(925): App\Controllers\Web\Obat->upload()
 3 SYSTEMPATH\CodeIgniter.php(480): CodeIgniter\CodeIgniter->runController(Object(App\Controllers\Web\Obat))
 4 SYSTEMPATH\CodeIgniter.php(349): CodeIgniter\CodeIgniter->handleRequest(null, Object(Config\Cache), false)
 5 FCPATH\index.php(67): CodeIgniter\CodeIgniter->run()
 6 SYSTEMPATH\Commands\Server\rewrite.php(47): require_once('FCPATH\\index.php')
CRITICAL - 2023-08-13 03:51:12 --> syntax error, unexpected token "if"
in APPPATH\Controllers\web\Obat.php on line 70.
 1 SYSTEMPATH\Autoloader\Autoloader.php(260): CodeIgniter\Autoloader\Autoloader->includeFile('APPPATH\\Controllers\\web\\Obat.php')
 2 SYSTEMPATH\Autoloader\Autoloader.php(238): CodeIgniter\Autoloader\Autoloader->loadInNamespace('App\\Controllers\\web\\Obat')
 3 [internal function]: CodeIgniter\Autoloader\Autoloader->loadClass('App\\Controllers\\web\\Obat')
 4 SYSTEMPATH\CodeIgniter.php(875): class_exists('\\App\\Controllers\\web\\Obat', true)
 5 SYSTEMPATH\CodeIgniter.php(467): CodeIgniter\CodeIgniter->startController()
 6 SYSTEMPATH\CodeIgniter.php(349): CodeIgniter\CodeIgniter->handleRequest(null, Object(Config\Cache), false)
 7 FCPATH\index.php(67): CodeIgniter\CodeIgniter->run()
 8 SYSTEMPATH\Commands\Server\rewrite.php(47): require_once('FCPATH\\index.php')
CRITICAL - 2023-08-13 04:00:56 --> Undefined variable $foto
in APPPATH\Controllers\web\Obat.php on line 75.
 1 APPPATH\Controllers\web\Obat.php(75): CodeIgniter\Debug\Exceptions->errorHandler(2, 'Undefined variable $foto', 'APPPATH\\Controllers\\web\\Obat.php', 75)
 2 SYSTEMPATH\CodeIgniter.php(925): App\Controllers\Web\Obat->upload()
 3 SYSTEMPATH\CodeIgniter.php(480): CodeIgniter\CodeIgniter->runController(Object(App\Controllers\Web\Obat))
 4 SYSTEMPATH\CodeIgniter.php(349): CodeIgniter\CodeIgniter->handleRequest(null, Object(Config\Cache), false)
 5 FCPATH\index.php(67): CodeIgniter\CodeIgniter->run()
 6 SYSTEMPATH\Commands\Server\rewrite.php(47): require_once('FCPATH\\index.php')
CRITICAL - 2023-08-13 04:02:55 --> Array to string conversion
in APPPATH\Controllers\web\Obat.php on line 75.
 1 APPPATH\Controllers\web\Obat.php(75): CodeIgniter\Debug\Exceptions->errorHandler(2, 'Array to string conversion', 'APPPATH\\Controllers\\web\\Obat.php', 75)
 2 SYSTEMPATH\CodeIgniter.php(925): App\Controllers\Web\Obat->upload()
 3 SYSTEMPATH\CodeIgniter.php(480): CodeIgniter\CodeIgniter->runController(Object(App\Controllers\Web\Obat))
 4 SYSTEMPATH\CodeIgniter.php(349): CodeIgniter\CodeIgniter->handleRequest(null, Object(Config\Cache), false)
 5 FCPATH\index.php(67): CodeIgniter\CodeIgniter->run()
 6 SYSTEMPATH\Commands\Server\rewrite.php(47): require_once('FCPATH\\index.php')
CRITICAL - 2023-08-13 04:07:57 --> syntax error, unexpected single-quoted string "mime_in", expecting "]"
in APPPATH\Controllers\web\Obat.php on line 72.
 1 SYSTEMPATH\Autoloader\Autoloader.php(260): CodeIgniter\Autoloader\Autoloader->includeFile('APPPATH\\Controllers\\web\\Obat.php')
 2 SYSTEMPATH\Autoloader\Autoloader.php(238): CodeIgniter\Autoloader\Autoloader->loadInNamespace('App\\Controllers\\web\\Obat')
 3 [internal function]: CodeIgniter\Autoloader\Autoloader->loadClass('App\\Controllers\\web\\Obat')
 4 SYSTEMPATH\CodeIgniter.php(875): class_exists('\\App\\Controllers\\web\\Obat', true)
 5 SYSTEMPATH\CodeIgniter.php(467): CodeIgniter\CodeIgniter->startController()
 6 SYSTEMPATH\CodeIgniter.php(349): CodeIgniter\CodeIgniter->handleRequest(null, Object(Config\Cache), false)
 7 FCPATH\index.php(67): CodeIgniter\CodeIgniter->run()
 8 SYSTEMPATH\Commands\Server\rewrite.php(47): require_once('FCPATH\\index.php')
CRITICAL - 2023-08-13 04:09:18 --> mine_in is not a valid rule.
in SYSTEMPATH\Validation\Validation.php on line 323.
 1 SYSTEMPATH\Validation\Validation.php(323): CodeIgniter\Validation\Exceptions\ValidationException::forRuleNotFound('mine_in')
 2 SYSTEMPATH\Validation\Validation.php(175): CodeIgniter\Validation\Validation->processRules('foto', 'foto', null, [...], [...])
 3 SYSTEMPATH\Controller.php(140): CodeIgniter\Validation\Validation->run()
 4 APPPATH\Controllers\web\Obat.php(77): CodeIgniter\Controller->validate([...])
 5 SYSTEMPATH\CodeIgniter.php(925): App\Controllers\Web\Obat->upload()
 6 SYSTEMPATH\CodeIgniter.php(480): CodeIgniter\CodeIgniter->runController(Object(App\Controllers\Web\Obat))
 7 SYSTEMPATH\CodeIgniter.php(349): CodeIgniter\CodeIgniter->handleRequest(null, Object(Config\Cache), false)
 8 FCPATH\index.php(67): CodeIgniter\CodeIgniter->run()
 9 SYSTEMPATH\Commands\Server\rewrite.php(47): require_once('FCPATH\\index.php')
