CRITICAL - 2023-08-14 07:18:22 --> Invalid file: layout_konten.php
in SYSTEMPATH\Exceptions\FrameworkException.php on line 33.
 1 SYSTEMPATH\View\View.php(201): CodeIgniter\Exceptions\FrameworkException::forInvalidFile('layout_konten.php')
 2 SYSTEMPATH\View\View.php(229): CodeIgniter\View\View->render('layout_konten', [], true)
 3 SYSTEMPATH\Common.php(1135): CodeIgniter\View\View->render('web/penjualan', [], true)
 4 APPPATH\Controllers\web\Penjualan.php(27): view('web/penjualan', [...])
 5 SYSTEMPATH\CodeIgniter.php(925): App\Controllers\Web\Penjualan->index()
 6 SYSTEMPATH\CodeIgniter.php(480): CodeIgniter\CodeIgniter->runController(Object(App\Controllers\Web\Penjualan))
 7 SYSTEMPATH\CodeIgniter.php(349): CodeIgniter\CodeIgniter->handleRequest(null, Object(Config\Cache), false)
 8 FCPATH\index.php(67): CodeIgniter\CodeIgniter->run()
 9 SYSTEMPATH\Commands\Server\rewrite.php(47): require_once('FCPATH\\index.php')
CRITICAL - 2023-08-14 19:26:43 --> Undefined variable $data
in APPPATH\Views\layout.php on line 129.
 1 APPPATH\Views\layout.php(129): CodeIgniter\Debug\Exceptions->errorHandler(2, 'Undefined variable $data', 'APPPATH\\Views\\layout.php', 129)
 2 SYSTEMPATH\View\View.php(213): include('APPPATH\\Views\\layout.php')
 3 SYSTEMPATH\View\View.php(216): CodeIgniter\View\View->CodeIgniter\View\{closure}()
 4 SYSTEMPATH\View\View.php(229): CodeIgniter\View\View->render('layout', [], true)
 5 SYSTEMPATH\Common.php(1135): CodeIgniter\View\View->render('web/dashboard', [], true)
 6 APPPATH\Controllers\web\Dashboard.php(14): view('web/dashboard', [...])
 7 SYSTEMPATH\CodeIgniter.php(925): App\Controllers\Web\Dashboard->index()
 8 SYSTEMPATH\CodeIgniter.php(480): CodeIgniter\CodeIgniter->runController(Object(App\Controllers\Web\Dashboard))
 9 SYSTEMPATH\CodeIgniter.php(349): CodeIgniter\CodeIgniter->handleRequest(null, Object(Config\Cache), false)
10 FCPATH\index.php(67): CodeIgniter\CodeIgniter->run()
11 SYSTEMPATH\Commands\Server\rewrite.php(47): require_once('FCPATH\\index.php')
CRITICAL - 2023-08-14 07:27:06 --> Invalid file: layout_tabel.php
in SYSTEMPATH\Exceptions\FrameworkException.php on line 33.
 1 SYSTEMPATH\View\View.php(201): CodeIgniter\Exceptions\FrameworkException::forInvalidFile('layout_tabel.php')
 2 SYSTEMPATH\View\View.php(229): CodeIgniter\View\View->render('layout_tabel', [], true)
 3 SYSTEMPATH\Common.php(1135): CodeIgniter\View\View->render('web/pelanggan', [], true)
 4 APPPATH\Controllers\web\Pelanggan.php(27): view('web/pelanggan', [...])
 5 SYSTEMPATH\CodeIgniter.php(925): App\Controllers\Web\Pelanggan->index()
 6 SYSTEMPATH\CodeIgniter.php(480): CodeIgniter\CodeIgniter->runController(Object(App\Controllers\Web\Pelanggan))
 7 SYSTEMPATH\CodeIgniter.php(349): CodeIgniter\CodeIgniter->handleRequest(null, Object(Config\Cache), false)
 8 FCPATH\index.php(67): CodeIgniter\CodeIgniter->run()
 9 SYSTEMPATH\Commands\Server\rewrite.php(47): require_once('FCPATH\\index.php')
