CRITICAL - 2023-03-14 00:05:50 --> Undefined property: stdClass::$JK
in APPPATH\Controllers\Pengguna.php on line 71.
 1 APPPATH\Controllers\Pengguna.php(71): CodeIgniter\Debug\Exceptions->errorHandler(2, 'Undefined property: stdClass::$JK', 'APPPATH\\Controllers\\Pengguna.php', 71)
 2 SYSTEMPATH\CodeIgniter.php(925): App\Controllers\Pengguna->create()
 3 SYSTEMPATH\CodeIgniter.php(480): CodeIgniter\CodeIgniter->runController(Object(App\Controllers\Pengguna))
 4 SYSTEMPATH\CodeIgniter.php(349): CodeIgniter\CodeIgniter->handleRequest(null, Object(Config\Cache), false)
 5 FCPATH\index.php(67): CodeIgniter\CodeIgniter->run()
 6 SYSTEMPATH\Commands\Server\rewrite.php(47): require_once('FCPATH\\index.php')
CRITICAL - 2023-03-14 00:09:24 --> Undefined property: stdClass::$JK
in APPPATH\Controllers\Pengguna.php on line 70.
 1 APPPATH\Controllers\Pengguna.php(70): CodeIgniter\Debug\Exceptions->errorHandler(2, 'Undefined property: stdClass::$JK', 'APPPATH\\Controllers\\Pengguna.php', 70)
 2 SYSTEMPATH\CodeIgniter.php(925): App\Controllers\Pengguna->create()
 3 SYSTEMPATH\CodeIgniter.php(480): CodeIgniter\CodeIgniter->runController(Object(App\Controllers\Pengguna))
 4 SYSTEMPATH\CodeIgniter.php(349): CodeIgniter\CodeIgniter->handleRequest(null, Object(Config\Cache), false)
 5 FCPATH\index.php(67): CodeIgniter\CodeIgniter->run()
 6 SYSTEMPATH\Commands\Server\rewrite.php(47): require_once('FCPATH\\index.php')
CRITICAL - 2023-03-14 00:09:26 --> Undefined property: stdClass::$JK
in APPPATH\Controllers\Pengguna.php on line 70.
 1 APPPATH\Controllers\Pengguna.php(70): CodeIgniter\Debug\Exceptions->errorHandler(2, 'Undefined property: stdClass::$JK', 'APPPATH\\Controllers\\Pengguna.php', 70)
 2 SYSTEMPATH\CodeIgniter.php(925): App\Controllers\Pengguna->create()
 3 SYSTEMPATH\CodeIgniter.php(480): CodeIgniter\CodeIgniter->runController(Object(App\Controllers\Pengguna))
 4 SYSTEMPATH\CodeIgniter.php(349): CodeIgniter\CodeIgniter->handleRequest(null, Object(Config\Cache), false)
 5 FCPATH\index.php(67): CodeIgniter\CodeIgniter->run()
 6 SYSTEMPATH\Commands\Server\rewrite.php(47): require_once('FCPATH\\index.php')
CRITICAL - 2023-03-14 00:10:07 --> Undefined property: stdClass::$JK
in APPPATH\Controllers\Pengguna.php on line 70.
 1 APPPATH\Controllers\Pengguna.php(70): CodeIgniter\Debug\Exceptions->errorHandler(2, 'Undefined property: stdClass::$JK', 'APPPATH\\Controllers\\Pengguna.php', 70)
 2 SYSTEMPATH\CodeIgniter.php(925): App\Controllers\Pengguna->create()
 3 SYSTEMPATH\CodeIgniter.php(480): CodeIgniter\CodeIgniter->runController(Object(App\Controllers\Pengguna))
 4 SYSTEMPATH\CodeIgniter.php(349): CodeIgniter\CodeIgniter->handleRequest(null, Object(Config\Cache), false)
 5 FCPATH\index.php(67): CodeIgniter\CodeIgniter->run()
 6 SYSTEMPATH\Commands\Server\rewrite.php(47): require_once('FCPATH\\index.php')
CRITICAL - 2023-03-14 00:51:59 --> Undefined property: stdClass::$JK
in APPPATH\Controllers\Pengguna.php on line 70.
 1 APPPATH\Controllers\Pengguna.php(70): CodeIgniter\Debug\Exceptions->errorHandler(2, 'Undefined property: stdClass::$JK', 'APPPATH\\Controllers\\Pengguna.php', 70)
 2 SYSTEMPATH\CodeIgniter.php(925): App\Controllers\Pengguna->create()
 3 SYSTEMPATH\CodeIgniter.php(480): CodeIgniter\CodeIgniter->runController(Object(App\Controllers\Pengguna))
 4 SYSTEMPATH\CodeIgniter.php(349): CodeIgniter\CodeIgniter->handleRequest(null, Object(Config\Cache), false)
 5 FCPATH\index.php(67): CodeIgniter\CodeIgniter->run()
 6 SYSTEMPATH\Commands\Server\rewrite.php(47): require_once('FCPATH\\index.php')
CRITICAL - 2023-03-14 00:52:00 --> Undefined property: stdClass::$JK
in APPPATH\Controllers\Pengguna.php on line 70.
 1 APPPATH\Controllers\Pengguna.php(70): CodeIgniter\Debug\Exceptions->errorHandler(2, 'Undefined property: stdClass::$JK', 'APPPATH\\Controllers\\Pengguna.php', 70)
 2 SYSTEMPATH\CodeIgniter.php(925): App\Controllers\Pengguna->create()
 3 SYSTEMPATH\CodeIgniter.php(480): CodeIgniter\CodeIgniter->runController(Object(App\Controllers\Pengguna))
 4 SYSTEMPATH\CodeIgniter.php(349): CodeIgniter\CodeIgniter->handleRequest(null, Object(Config\Cache), false)
 5 FCPATH\index.php(67): CodeIgniter\CodeIgniter->run()
 6 SYSTEMPATH\Commands\Server\rewrite.php(47): require_once('FCPATH\\index.php')
CRITICAL - 2023-03-14 02:25:33 --> Undefined property: stdClass::$Nama
in APPPATH\Controllers\Pelanggan.php on line 65.
 1 APPPATH\Controllers\Pelanggan.php(65): CodeIgniter\Debug\Exceptions->errorHandler(2, 'Undefined property: stdClass::$Nama', 'APPPATH\\Controllers\\Pelanggan.php', 65)
 2 SYSTEMPATH\CodeIgniter.php(925): App\Controllers\Pelanggan->create()
 3 SYSTEMPATH\CodeIgniter.php(480): CodeIgniter\CodeIgniter->runController(Object(App\Controllers\Pelanggan))
 4 SYSTEMPATH\CodeIgniter.php(349): CodeIgniter\CodeIgniter->handleRequest(null, Object(Config\Cache), false)
 5 FCPATH\index.php(67): CodeIgniter\CodeIgniter->run()
 6 SYSTEMPATH\Commands\Server\rewrite.php(47): require_once('FCPATH\\index.php')
CRITICAL - 2023-03-14 02:26:30 --> Undefined property: stdClass::$Nama
in APPPATH\Controllers\Pelanggan.php on line 65.
 1 APPPATH\Controllers\Pelanggan.php(65): CodeIgniter\Debug\Exceptions->errorHandler(2, 'Undefined property: stdClass::$Nama', 'APPPATH\\Controllers\\Pelanggan.php', 65)
 2 SYSTEMPATH\CodeIgniter.php(925): App\Controllers\Pelanggan->create()
 3 SYSTEMPATH\CodeIgniter.php(480): CodeIgniter\CodeIgniter->runController(Object(App\Controllers\Pelanggan))
 4 SYSTEMPATH\CodeIgniter.php(349): CodeIgniter\CodeIgniter->handleRequest(null, Object(Config\Cache), false)
 5 FCPATH\index.php(67): CodeIgniter\CodeIgniter->run()
 6 SYSTEMPATH\Commands\Server\rewrite.php(47): require_once('FCPATH\\index.php')
CRITICAL - 2023-03-14 02:26:45 --> Undefined property: stdClass::$Nama
in APPPATH\Controllers\Pelanggan.php on line 65.
 1 APPPATH\Controllers\Pelanggan.php(65): CodeIgniter\Debug\Exceptions->errorHandler(2, 'Undefined property: stdClass::$Nama', 'APPPATH\\Controllers\\Pelanggan.php', 65)
 2 SYSTEMPATH\CodeIgniter.php(925): App\Controllers\Pelanggan->create()
 3 SYSTEMPATH\CodeIgniter.php(480): CodeIgniter\CodeIgniter->runController(Object(App\Controllers\Pelanggan))
 4 SYSTEMPATH\CodeIgniter.php(349): CodeIgniter\CodeIgniter->handleRequest(null, Object(Config\Cache), false)
 5 FCPATH\index.php(67): CodeIgniter\CodeIgniter->run()
 6 SYSTEMPATH\Commands\Server\rewrite.php(47): require_once('FCPATH\\index.php')
CRITICAL - 2023-03-14 02:27:59 --> Undefined property: stdClass::$Nama
in APPPATH\Controllers\Pelanggan.php on line 65.
 1 APPPATH\Controllers\Pelanggan.php(65): CodeIgniter\Debug\Exceptions->errorHandler(2, 'Undefined property: stdClass::$Nama', 'APPPATH\\Controllers\\Pelanggan.php', 65)
 2 SYSTEMPATH\CodeIgniter.php(925): App\Controllers\Pelanggan->create()
 3 SYSTEMPATH\CodeIgniter.php(480): CodeIgniter\CodeIgniter->runController(Object(App\Controllers\Pelanggan))
 4 SYSTEMPATH\CodeIgniter.php(349): CodeIgniter\CodeIgniter->handleRequest(null, Object(Config\Cache), false)
 5 FCPATH\index.php(67): CodeIgniter\CodeIgniter->run()
 6 SYSTEMPATH\Commands\Server\rewrite.php(47): require_once('FCPATH\\index.php')
CRITICAL - 2023-03-14 02:28:09 --> Undefined property: stdClass::$Nama
in APPPATH\Controllers\Pelanggan.php on line 65.
 1 APPPATH\Controllers\Pelanggan.php(65): CodeIgniter\Debug\Exceptions->errorHandler(2, 'Undefined property: stdClass::$Nama', 'APPPATH\\Controllers\\Pelanggan.php', 65)
 2 SYSTEMPATH\CodeIgniter.php(925): App\Controllers\Pelanggan->create()
 3 SYSTEMPATH\CodeIgniter.php(480): CodeIgniter\CodeIgniter->runController(Object(App\Controllers\Pelanggan))
 4 SYSTEMPATH\CodeIgniter.php(349): CodeIgniter\CodeIgniter->handleRequest(null, Object(Config\Cache), false)
 5 FCPATH\index.php(67): CodeIgniter\CodeIgniter->run()
 6 SYSTEMPATH\Commands\Server\rewrite.php(47): require_once('FCPATH\\index.php')
CRITICAL - 2023-03-14 02:55:39 --> Undefined property: stdClass::$Keterangan
in APPPATH\Controllers\Pelanggan.php on line 105.
 1 APPPATH\Controllers\Pelanggan.php(105): CodeIgniter\Debug\Exceptions->errorHandler(2, 'Undefined property: stdClass::$Keterangan', 'APPPATH\\Controllers\\Pelanggan.php', 105)
 2 SYSTEMPATH\CodeIgniter.php(925): App\Controllers\Pelanggan->update('23')
 3 SYSTEMPATH\CodeIgniter.php(480): CodeIgniter\CodeIgniter->runController(Object(App\Controllers\Pelanggan))
 4 SYSTEMPATH\CodeIgniter.php(349): CodeIgniter\CodeIgniter->handleRequest(null, Object(Config\Cache), false)
 5 FCPATH\index.php(67): CodeIgniter\CodeIgniter->run()
 6 SYSTEMPATH\Commands\Server\rewrite.php(47): require_once('FCPATH\\index.php')
CRITICAL - 2023-03-14 02:55:43 --> Undefined property: stdClass::$Keterangan
in APPPATH\Controllers\Pelanggan.php on line 105.
 1 APPPATH\Controllers\Pelanggan.php(105): CodeIgniter\Debug\Exceptions->errorHandler(2, 'Undefined property: stdClass::$Keterangan', 'APPPATH\\Controllers\\Pelanggan.php', 105)
 2 SYSTEMPATH\CodeIgniter.php(925): App\Controllers\Pelanggan->update('23')
 3 SYSTEMPATH\CodeIgniter.php(480): CodeIgniter\CodeIgniter->runController(Object(App\Controllers\Pelanggan))
 4 SYSTEMPATH\CodeIgniter.php(349): CodeIgniter\CodeIgniter->handleRequest(null, Object(Config\Cache), false)
 5 FCPATH\index.php(67): CodeIgniter\CodeIgniter->run()
 6 SYSTEMPATH\Commands\Server\rewrite.php(47): require_once('FCPATH\\index.php')
CRITICAL - 2023-03-14 02:55:44 --> Undefined property: stdClass::$Keterangan
in APPPATH\Controllers\Pelanggan.php on line 105.
 1 APPPATH\Controllers\Pelanggan.php(105): CodeIgniter\Debug\Exceptions->errorHandler(2, 'Undefined property: stdClass::$Keterangan', 'APPPATH\\Controllers\\Pelanggan.php', 105)
 2 SYSTEMPATH\CodeIgniter.php(925): App\Controllers\Pelanggan->update('23')
 3 SYSTEMPATH\CodeIgniter.php(480): CodeIgniter\CodeIgniter->runController(Object(App\Controllers\Pelanggan))
 4 SYSTEMPATH\CodeIgniter.php(349): CodeIgniter\CodeIgniter->handleRequest(null, Object(Config\Cache), false)
 5 FCPATH\index.php(67): CodeIgniter\CodeIgniter->run()
 6 SYSTEMPATH\Commands\Server\rewrite.php(47): require_once('FCPATH\\index.php')
CRITICAL - 2023-03-14 02:56:16 --> Undefined property: stdClass::$Keterangan
in APPPATH\Controllers\Pelanggan.php on line 105.
 1 APPPATH\Controllers\Pelanggan.php(105): CodeIgniter\Debug\Exceptions->errorHandler(2, 'Undefined property: stdClass::$Keterangan', 'APPPATH\\Controllers\\Pelanggan.php', 105)
 2 SYSTEMPATH\CodeIgniter.php(925): App\Controllers\Pelanggan->update('23')
 3 SYSTEMPATH\CodeIgniter.php(480): CodeIgniter\CodeIgniter->runController(Object(App\Controllers\Pelanggan))
 4 SYSTEMPATH\CodeIgniter.php(349): CodeIgniter\CodeIgniter->handleRequest(null, Object(Config\Cache), false)
 5 FCPATH\index.php(67): CodeIgniter\CodeIgniter->run()
 6 SYSTEMPATH\Commands\Server\rewrite.php(47): require_once('FCPATH\\index.php')
CRITICAL - 2023-03-14 02:56:17 --> Undefined property: stdClass::$Keterangan
in APPPATH\Controllers\Pelanggan.php on line 105.
 1 APPPATH\Controllers\Pelanggan.php(105): CodeIgniter\Debug\Exceptions->errorHandler(2, 'Undefined property: stdClass::$Keterangan', 'APPPATH\\Controllers\\Pelanggan.php', 105)
 2 SYSTEMPATH\CodeIgniter.php(925): App\Controllers\Pelanggan->update('23')
 3 SYSTEMPATH\CodeIgniter.php(480): CodeIgniter\CodeIgniter->runController(Object(App\Controllers\Pelanggan))
 4 SYSTEMPATH\CodeIgniter.php(349): CodeIgniter\CodeIgniter->handleRequest(null, Object(Config\Cache), false)
 5 FCPATH\index.php(67): CodeIgniter\CodeIgniter->run()
 6 SYSTEMPATH\Commands\Server\rewrite.php(47): require_once('FCPATH\\index.php')
CRITICAL - 2023-03-14 03:02:34 --> Undefined property: stdClass::$JK
in APPPATH\Controllers\Pelanggan.php on line 66.
 1 APPPATH\Controllers\Pelanggan.php(66): CodeIgniter\Debug\Exceptions->errorHandler(2, 'Undefined property: stdClass::$JK', 'APPPATH\\Controllers\\Pelanggan.php', 66)
 2 SYSTEMPATH\CodeIgniter.php(925): App\Controllers\Pelanggan->create()
 3 SYSTEMPATH\CodeIgniter.php(480): CodeIgniter\CodeIgniter->runController(Object(App\Controllers\Pelanggan))
 4 SYSTEMPATH\CodeIgniter.php(349): CodeIgniter\CodeIgniter->handleRequest(null, Object(Config\Cache), false)
 5 FCPATH\index.php(67): CodeIgniter\CodeIgniter->run()
 6 SYSTEMPATH\Commands\Server\rewrite.php(47): require_once('FCPATH\\index.php')
CRITICAL - 2023-03-14 03:03:43 --> Undefined property: stdClass::$Nama
in APPPATH\Controllers\Pelanggan.php on line 65.
 1 APPPATH\Controllers\Pelanggan.php(65): CodeIgniter\Debug\Exceptions->errorHandler(2, 'Undefined property: stdClass::$Nama', 'APPPATH\\Controllers\\Pelanggan.php', 65)
 2 SYSTEMPATH\CodeIgniter.php(925): App\Controllers\Pelanggan->create()
 3 SYSTEMPATH\CodeIgniter.php(480): CodeIgniter\CodeIgniter->runController(Object(App\Controllers\Pelanggan))
 4 SYSTEMPATH\CodeIgniter.php(349): CodeIgniter\CodeIgniter->handleRequest(null, Object(Config\Cache), false)
 5 FCPATH\index.php(67): CodeIgniter\CodeIgniter->run()
 6 SYSTEMPATH\Commands\Server\rewrite.php(47): require_once('FCPATH\\index.php')
CRITICAL - 2023-03-14 03:04:44 --> Undefined property: stdClass::$Nama
in APPPATH\Controllers\Pelanggan.php on line 65.
 1 APPPATH\Controllers\Pelanggan.php(65): CodeIgniter\Debug\Exceptions->errorHandler(2, 'Undefined property: stdClass::$Nama', 'APPPATH\\Controllers\\Pelanggan.php', 65)
 2 SYSTEMPATH\CodeIgniter.php(925): App\Controllers\Pelanggan->create()
 3 SYSTEMPATH\CodeIgniter.php(480): CodeIgniter\CodeIgniter->runController(Object(App\Controllers\Pelanggan))
 4 SYSTEMPATH\CodeIgniter.php(349): CodeIgniter\CodeIgniter->handleRequest(null, Object(Config\Cache), false)
 5 FCPATH\index.php(67): CodeIgniter\CodeIgniter->run()
 6 SYSTEMPATH\Commands\Server\rewrite.php(47): require_once('FCPATH\\index.php')
CRITICAL - 2023-03-14 03:05:24 --> Undefined property: stdClass::$Nama
in APPPATH\Controllers\Pelanggan.php on line 65.
 1 APPPATH\Controllers\Pelanggan.php(65): CodeIgniter\Debug\Exceptions->errorHandler(2, 'Undefined property: stdClass::$Nama', 'APPPATH\\Controllers\\Pelanggan.php', 65)
 2 SYSTEMPATH\CodeIgniter.php(925): App\Controllers\Pelanggan->create()
 3 SYSTEMPATH\CodeIgniter.php(480): CodeIgniter\CodeIgniter->runController(Object(App\Controllers\Pelanggan))
 4 SYSTEMPATH\CodeIgniter.php(349): CodeIgniter\CodeIgniter->handleRequest(null, Object(Config\Cache), false)
 5 FCPATH\index.php(67): CodeIgniter\CodeIgniter->run()
 6 SYSTEMPATH\Commands\Server\rewrite.php(47): require_once('FCPATH\\index.php')
CRITICAL - 2023-03-14 03:06:14 --> Undefined property: stdClass::$Nama
in APPPATH\Controllers\Pelanggan.php on line 65.
 1 APPPATH\Controllers\Pelanggan.php(65): CodeIgniter\Debug\Exceptions->errorHandler(2, 'Undefined property: stdClass::$Nama', 'APPPATH\\Controllers\\Pelanggan.php', 65)
 2 SYSTEMPATH\CodeIgniter.php(925): App\Controllers\Pelanggan->create()
 3 SYSTEMPATH\CodeIgniter.php(480): CodeIgniter\CodeIgniter->runController(Object(App\Controllers\Pelanggan))
 4 SYSTEMPATH\CodeIgniter.php(349): CodeIgniter\CodeIgniter->handleRequest(null, Object(Config\Cache), false)
 5 FCPATH\index.php(67): CodeIgniter\CodeIgniter->run()
 6 SYSTEMPATH\Commands\Server\rewrite.php(47): require_once('FCPATH\\index.php')
CRITICAL - 2023-03-14 03:06:43 --> Undefined property: stdClass::$Nama
in APPPATH\Controllers\Pelanggan.php on line 65.
 1 APPPATH\Controllers\Pelanggan.php(65): CodeIgniter\Debug\Exceptions->errorHandler(2, 'Undefined property: stdClass::$Nama', 'APPPATH\\Controllers\\Pelanggan.php', 65)
 2 SYSTEMPATH\CodeIgniter.php(925): App\Controllers\Pelanggan->create()
 3 SYSTEMPATH\CodeIgniter.php(480): CodeIgniter\CodeIgniter->runController(Object(App\Controllers\Pelanggan))
 4 SYSTEMPATH\CodeIgniter.php(349): CodeIgniter\CodeIgniter->handleRequest(null, Object(Config\Cache), false)
 5 FCPATH\index.php(67): CodeIgniter\CodeIgniter->run()
 6 SYSTEMPATH\Commands\Server\rewrite.php(47): require_once('FCPATH\\index.php')
CRITICAL - 2023-03-14 03:08:15 --> Undefined property: stdClass::$Nama
in APPPATH\Controllers\Pelanggan.php on line 65.
 1 APPPATH\Controllers\Pelanggan.php(65): CodeIgniter\Debug\Exceptions->errorHandler(2, 'Undefined property: stdClass::$Nama', 'APPPATH\\Controllers\\Pelanggan.php', 65)
 2 SYSTEMPATH\CodeIgniter.php(925): App\Controllers\Pelanggan->create()
 3 SYSTEMPATH\CodeIgniter.php(480): CodeIgniter\CodeIgniter->runController(Object(App\Controllers\Pelanggan))
 4 SYSTEMPATH\CodeIgniter.php(349): CodeIgniter\CodeIgniter->handleRequest(null, Object(Config\Cache), false)
 5 FCPATH\index.php(67): CodeIgniter\CodeIgniter->run()
 6 SYSTEMPATH\Commands\Server\rewrite.php(47): require_once('FCPATH\\index.php')
CRITICAL - 2023-03-14 04:00:18 --> Undefined property: stdClass::$Nama
in APPPATH\Controllers\Pelanggan.php on line 65.
 1 APPPATH\Controllers\Pelanggan.php(65): CodeIgniter\Debug\Exceptions->errorHandler(2, 'Undefined property: stdClass::$Nama', 'APPPATH\\Controllers\\Pelanggan.php', 65)
 2 SYSTEMPATH\CodeIgniter.php(925): App\Controllers\Pelanggan->create()
 3 SYSTEMPATH\CodeIgniter.php(480): CodeIgniter\CodeIgniter->runController(Object(App\Controllers\Pelanggan))
 4 SYSTEMPATH\CodeIgniter.php(349): CodeIgniter\CodeIgniter->handleRequest(null, Object(Config\Cache), false)
 5 FCPATH\index.php(67): CodeIgniter\CodeIgniter->run()
 6 SYSTEMPATH\Commands\Server\rewrite.php(47): require_once('FCPATH\\index.php')
CRITICAL - 2023-03-14 04:01:50 --> Undefined property: stdClass::$Nama
in APPPATH\Controllers\Pelanggan.php on line 65.
 1 APPPATH\Controllers\Pelanggan.php(65): CodeIgniter\Debug\Exceptions->errorHandler(2, 'Undefined property: stdClass::$Nama', 'APPPATH\\Controllers\\Pelanggan.php', 65)
 2 SYSTEMPATH\CodeIgniter.php(925): App\Controllers\Pelanggan->create()
 3 SYSTEMPATH\CodeIgniter.php(480): CodeIgniter\CodeIgniter->runController(Object(App\Controllers\Pelanggan))
 4 SYSTEMPATH\CodeIgniter.php(349): CodeIgniter\CodeIgniter->handleRequest(null, Object(Config\Cache), false)
 5 FCPATH\index.php(67): CodeIgniter\CodeIgniter->run()
 6 SYSTEMPATH\Commands\Server\rewrite.php(47): require_once('FCPATH\\index.php')
CRITICAL - 2023-03-14 04:02:18 --> Undefined property: stdClass::$Nama
in APPPATH\Controllers\Pelanggan.php on line 65.
 1 APPPATH\Controllers\Pelanggan.php(65): CodeIgniter\Debug\Exceptions->errorHandler(2, 'Undefined property: stdClass::$Nama', 'APPPATH\\Controllers\\Pelanggan.php', 65)
 2 SYSTEMPATH\CodeIgniter.php(925): App\Controllers\Pelanggan->create()
 3 SYSTEMPATH\CodeIgniter.php(480): CodeIgniter\CodeIgniter->runController(Object(App\Controllers\Pelanggan))
 4 SYSTEMPATH\CodeIgniter.php(349): CodeIgniter\CodeIgniter->handleRequest(null, Object(Config\Cache), false)
 5 FCPATH\index.php(67): CodeIgniter\CodeIgniter->run()
 6 SYSTEMPATH\Commands\Server\rewrite.php(47): require_once('FCPATH\\index.php')
CRITICAL - 2023-03-14 04:02:40 --> Undefined property: stdClass::$Nama
in APPPATH\Controllers\Pelanggan.php on line 65.
 1 APPPATH\Controllers\Pelanggan.php(65): CodeIgniter\Debug\Exceptions->errorHandler(2, 'Undefined property: stdClass::$Nama', 'APPPATH\\Controllers\\Pelanggan.php', 65)
 2 SYSTEMPATH\CodeIgniter.php(925): App\Controllers\Pelanggan->create()
 3 SYSTEMPATH\CodeIgniter.php(480): CodeIgniter\CodeIgniter->runController(Object(App\Controllers\Pelanggan))
 4 SYSTEMPATH\CodeIgniter.php(349): CodeIgniter\CodeIgniter->handleRequest(null, Object(Config\Cache), false)
 5 FCPATH\index.php(67): CodeIgniter\CodeIgniter->run()
 6 SYSTEMPATH\Commands\Server\rewrite.php(47): require_once('FCPATH\\index.php')
CRITICAL - 2023-03-14 04:03:00 --> Undefined property: stdClass::$Nama
in APPPATH\Controllers\Pelanggan.php on line 65.
 1 APPPATH\Controllers\Pelanggan.php(65): CodeIgniter\Debug\Exceptions->errorHandler(2, 'Undefined property: stdClass::$Nama', 'APPPATH\\Controllers\\Pelanggan.php', 65)
 2 SYSTEMPATH\CodeIgniter.php(925): App\Controllers\Pelanggan->create()
 3 SYSTEMPATH\CodeIgniter.php(480): CodeIgniter\CodeIgniter->runController(Object(App\Controllers\Pelanggan))
 4 SYSTEMPATH\CodeIgniter.php(349): CodeIgniter\CodeIgniter->handleRequest(null, Object(Config\Cache), false)
 5 FCPATH\index.php(67): CodeIgniter\CodeIgniter->run()
 6 SYSTEMPATH\Commands\Server\rewrite.php(47): require_once('FCPATH\\index.php')
CRITICAL - 2023-03-14 04:03:12 --> Undefined property: stdClass::$Nama
in APPPATH\Controllers\Pelanggan.php on line 65.
 1 APPPATH\Controllers\Pelanggan.php(65): CodeIgniter\Debug\Exceptions->errorHandler(2, 'Undefined property: stdClass::$Nama', 'APPPATH\\Controllers\\Pelanggan.php', 65)
 2 SYSTEMPATH\CodeIgniter.php(925): App\Controllers\Pelanggan->create()
 3 SYSTEMPATH\CodeIgniter.php(480): CodeIgniter\CodeIgniter->runController(Object(App\Controllers\Pelanggan))
 4 SYSTEMPATH\CodeIgniter.php(349): CodeIgniter\CodeIgniter->handleRequest(null, Object(Config\Cache), false)
 5 FCPATH\index.php(67): CodeIgniter\CodeIgniter->run()
 6 SYSTEMPATH\Commands\Server\rewrite.php(47): require_once('FCPATH\\index.php')
CRITICAL - 2023-03-14 04:03:26 --> Undefined property: stdClass::$Nama
in APPPATH\Controllers\Pelanggan.php on line 65.
 1 APPPATH\Controllers\Pelanggan.php(65): CodeIgniter\Debug\Exceptions->errorHandler(2, 'Undefined property: stdClass::$Nama', 'APPPATH\\Controllers\\Pelanggan.php', 65)
 2 SYSTEMPATH\CodeIgniter.php(925): App\Controllers\Pelanggan->create()
 3 SYSTEMPATH\CodeIgniter.php(480): CodeIgniter\CodeIgniter->runController(Object(App\Controllers\Pelanggan))
 4 SYSTEMPATH\CodeIgniter.php(349): CodeIgniter\CodeIgniter->handleRequest(null, Object(Config\Cache), false)
 5 FCPATH\index.php(67): CodeIgniter\CodeIgniter->run()
 6 SYSTEMPATH\Commands\Server\rewrite.php(47): require_once('FCPATH\\index.php')
CRITICAL - 2023-03-14 04:04:43 --> Undefined property: stdClass::$JK
in APPPATH\Controllers\Pelanggan.php on line 66.
 1 APPPATH\Controllers\Pelanggan.php(66): CodeIgniter\Debug\Exceptions->errorHandler(2, 'Undefined property: stdClass::$JK', 'APPPATH\\Controllers\\Pelanggan.php', 66)
 2 SYSTEMPATH\CodeIgniter.php(925): App\Controllers\Pelanggan->create()
 3 SYSTEMPATH\CodeIgniter.php(480): CodeIgniter\CodeIgniter->runController(Object(App\Controllers\Pelanggan))
 4 SYSTEMPATH\CodeIgniter.php(349): CodeIgniter\CodeIgniter->handleRequest(null, Object(Config\Cache), false)
 5 FCPATH\index.php(67): CodeIgniter\CodeIgniter->run()
 6 SYSTEMPATH\Commands\Server\rewrite.php(47): require_once('FCPATH\\index.php')
CRITICAL - 2023-03-14 04:05:55 --> Undefined property: stdClass::$Nama
in APPPATH\Controllers\Supplier.php on line 65.
 1 APPPATH\Controllers\Supplier.php(65): CodeIgniter\Debug\Exceptions->errorHandler(2, 'Undefined property: stdClass::$Nama', 'APPPATH\\Controllers\\Supplier.php', 65)
 2 SYSTEMPATH\CodeIgniter.php(925): App\Controllers\Supplier->create()
 3 SYSTEMPATH\CodeIgniter.php(480): CodeIgniter\CodeIgniter->runController(Object(App\Controllers\Supplier))
 4 SYSTEMPATH\CodeIgniter.php(349): CodeIgniter\CodeIgniter->handleRequest(null, Object(Config\Cache), false)
 5 FCPATH\index.php(67): CodeIgniter\CodeIgniter->run()
 6 SYSTEMPATH\Commands\Server\rewrite.php(47): require_once('FCPATH\\index.php')
CRITICAL - 2023-03-14 04:06:16 --> Undefined property: stdClass::$Nama
in APPPATH\Controllers\Supplier.php on line 65.
 1 APPPATH\Controllers\Supplier.php(65): CodeIgniter\Debug\Exceptions->errorHandler(2, 'Undefined property: stdClass::$Nama', 'APPPATH\\Controllers\\Supplier.php', 65)
 2 SYSTEMPATH\CodeIgniter.php(925): App\Controllers\Supplier->create()
 3 SYSTEMPATH\CodeIgniter.php(480): CodeIgniter\CodeIgniter->runController(Object(App\Controllers\Supplier))
 4 SYSTEMPATH\CodeIgniter.php(349): CodeIgniter\CodeIgniter->handleRequest(null, Object(Config\Cache), false)
 5 FCPATH\index.php(67): CodeIgniter\CodeIgniter->run()
 6 SYSTEMPATH\Commands\Server\rewrite.php(47): require_once('FCPATH\\index.php')
CRITICAL - 2023-03-14 04:07:58 --> Undefined property: stdClass::$Nama
in APPPATH\Controllers\Supplier.php on line 65.
 1 APPPATH\Controllers\Supplier.php(65): CodeIgniter\Debug\Exceptions->errorHandler(2, 'Undefined property: stdClass::$Nama', 'APPPATH\\Controllers\\Supplier.php', 65)
 2 SYSTEMPATH\CodeIgniter.php(925): App\Controllers\Supplier->create()
 3 SYSTEMPATH\CodeIgniter.php(480): CodeIgniter\CodeIgniter->runController(Object(App\Controllers\Supplier))
 4 SYSTEMPATH\CodeIgniter.php(349): CodeIgniter\CodeIgniter->handleRequest(null, Object(Config\Cache), false)
 5 FCPATH\index.php(67): CodeIgniter\CodeIgniter->run()
 6 SYSTEMPATH\Commands\Server\rewrite.php(47): require_once('FCPATH\\index.php')
CRITICAL - 2023-03-14 04:08:27 --> Undefined property: stdClass::$Nama
in APPPATH\Controllers\Supplier.php on line 65.
 1 APPPATH\Controllers\Supplier.php(65): CodeIgniter\Debug\Exceptions->errorHandler(2, 'Undefined property: stdClass::$Nama', 'APPPATH\\Controllers\\Supplier.php', 65)
 2 SYSTEMPATH\CodeIgniter.php(925): App\Controllers\Supplier->create()
 3 SYSTEMPATH\CodeIgniter.php(480): CodeIgniter\CodeIgniter->runController(Object(App\Controllers\Supplier))
 4 SYSTEMPATH\CodeIgniter.php(349): CodeIgniter\CodeIgniter->handleRequest(null, Object(Config\Cache), false)
 5 FCPATH\index.php(67): CodeIgniter\CodeIgniter->run()
 6 SYSTEMPATH\Commands\Server\rewrite.php(47): require_once('FCPATH\\index.php')
CRITICAL - 2023-03-14 04:10:22 --> Undefined property: stdClass::$Alamat
in APPPATH\Controllers\Supplier.php on line 67.
 1 APPPATH\Controllers\Supplier.php(67): CodeIgniter\Debug\Exceptions->errorHandler(2, 'Undefined property: stdClass::$Alamat', 'APPPATH\\Controllers\\Supplier.php', 67)
 2 SYSTEMPATH\CodeIgniter.php(925): App\Controllers\Supplier->create()
 3 SYSTEMPATH\CodeIgniter.php(480): CodeIgniter\CodeIgniter->runController(Object(App\Controllers\Supplier))
 4 SYSTEMPATH\CodeIgniter.php(349): CodeIgniter\CodeIgniter->handleRequest(null, Object(Config\Cache), false)
 5 FCPATH\index.php(67): CodeIgniter\CodeIgniter->run()
 6 SYSTEMPATH\Commands\Server\rewrite.php(47): require_once('FCPATH\\index.php')
CRITICAL - 2023-03-14 04:14:10 --> Undefined property: stdClass::$Status
in APPPATH\Controllers\Supplier.php on line 69.
 1 APPPATH\Controllers\Supplier.php(69): CodeIgniter\Debug\Exceptions->errorHandler(2, 'Undefined property: stdClass::$Status', 'APPPATH\\Controllers\\Supplier.php', 69)
 2 SYSTEMPATH\CodeIgniter.php(925): App\Controllers\Supplier->create()
 3 SYSTEMPATH\CodeIgniter.php(480): CodeIgniter\CodeIgniter->runController(Object(App\Controllers\Supplier))
 4 SYSTEMPATH\CodeIgniter.php(349): CodeIgniter\CodeIgniter->handleRequest(null, Object(Config\Cache), false)
 5 FCPATH\index.php(67): CodeIgniter\CodeIgniter->run()
 6 SYSTEMPATH\Commands\Server\rewrite.php(47): require_once('FCPATH\\index.php')
