CRITICAL - 2023-03-13 09:27:17 --> Undefined property: stdClass::$Id
in APPPATH\Controllers\Jenis.php on line 105.
 1 APPPATH\Controllers\Jenis.php(105): CodeIgniter\Debug\Exceptions->errorHandler(2, 'Undefined property: stdClass::$Id', 'APPPATH\\Controllers\\Jenis.php', 105)
 2 SYSTEMPATH\CodeIgniter.php(925): App\Controllers\Jenis->update('82')
 3 SYSTEMPATH\CodeIgniter.php(480): CodeIgniter\CodeIgniter->runController(Object(App\Controllers\Jenis))
 4 SYSTEMPATH\CodeIgniter.php(349): CodeIgniter\CodeIgniter->handleRequest(null, Object(Config\Cache), false)
 5 FCPATH\index.php(67): CodeIgniter\CodeIgniter->run()
 6 SYSTEMPATH\Commands\Server\rewrite.php(47): require_once('FCPATH\\index.php')
CRITICAL - 2023-03-13 09:27:20 --> Undefined property: stdClass::$Id
in APPPATH\Controllers\Jenis.php on line 105.
 1 APPPATH\Controllers\Jenis.php(105): CodeIgniter\Debug\Exceptions->errorHandler(2, 'Undefined property: stdClass::$Id', 'APPPATH\\Controllers\\Jenis.php', 105)
 2 SYSTEMPATH\CodeIgniter.php(925): App\Controllers\Jenis->update('82')
 3 SYSTEMPATH\CodeIgniter.php(480): CodeIgniter\CodeIgniter->runController(Object(App\Controllers\Jenis))
 4 SYSTEMPATH\CodeIgniter.php(349): CodeIgniter\CodeIgniter->handleRequest(null, Object(Config\Cache), false)
 5 FCPATH\index.php(67): CodeIgniter\CodeIgniter->run()
 6 SYSTEMPATH\Commands\Server\rewrite.php(47): require_once('FCPATH\\index.php')
CRITICAL - 2023-03-13 13:15:00 --> Undefined property: stdClass::$Keterangan
in APPPATH\Controllers\Pelanggan.php on line 70.
 1 APPPATH\Controllers\Pelanggan.php(70): CodeIgniter\Debug\Exceptions->errorHandler(2, 'Undefined property: stdClass::$Keterangan', 'APPPATH\\Controllers\\Pelanggan.php', 70)
 2 SYSTEMPATH\CodeIgniter.php(925): App\Controllers\Pelanggan->create()
 3 SYSTEMPATH\CodeIgniter.php(480): CodeIgniter\CodeIgniter->runController(Object(App\Controllers\Pelanggan))
 4 SYSTEMPATH\CodeIgniter.php(349): CodeIgniter\CodeIgniter->handleRequest(null, Object(Config\Cache), false)
 5 FCPATH\index.php(67): CodeIgniter\CodeIgniter->run()
 6 SYSTEMPATH\Commands\Server\rewrite.php(47): require_once('FCPATH\\index.php')
CRITICAL - 2023-03-13 13:16:19 --> Undefined property: stdClass::$Keterangan
in APPPATH\Controllers\Pelanggan.php on line 70.
 1 APPPATH\Controllers\Pelanggan.php(70): CodeIgniter\Debug\Exceptions->errorHandler(2, 'Undefined property: stdClass::$Keterangan', 'APPPATH\\Controllers\\Pelanggan.php', 70)
 2 SYSTEMPATH\CodeIgniter.php(925): App\Controllers\Pelanggan->create()
 3 SYSTEMPATH\CodeIgniter.php(480): CodeIgniter\CodeIgniter->runController(Object(App\Controllers\Pelanggan))
 4 SYSTEMPATH\CodeIgniter.php(349): CodeIgniter\CodeIgniter->handleRequest(null, Object(Config\Cache), false)
 5 FCPATH\index.php(67): CodeIgniter\CodeIgniter->run()
 6 SYSTEMPATH\Commands\Server\rewrite.php(47): require_once('FCPATH\\index.php')
CRITICAL - 2023-03-13 13:16:35 --> Undefined property: stdClass::$Keterangan
in APPPATH\Controllers\Pengguna.php on line 70.
 1 APPPATH\Controllers\Pengguna.php(70): CodeIgniter\Debug\Exceptions->errorHandler(2, 'Undefined property: stdClass::$Keterangan', 'APPPATH\\Controllers\\Pengguna.php', 70)
 2 SYSTEMPATH\CodeIgniter.php(925): App\Controllers\Pengguna->create()
 3 SYSTEMPATH\CodeIgniter.php(480): CodeIgniter\CodeIgniter->runController(Object(App\Controllers\Pengguna))
 4 SYSTEMPATH\CodeIgniter.php(349): CodeIgniter\CodeIgniter->handleRequest(null, Object(Config\Cache), false)
 5 FCPATH\index.php(67): CodeIgniter\CodeIgniter->run()
 6 SYSTEMPATH\Commands\Server\rewrite.php(47): require_once('FCPATH\\index.php')
CRITICAL - 2023-03-13 13:22:44 --> Undefined property: stdClass::$Username
in APPPATH\Controllers\Pengguna.php on line 70.
 1 APPPATH\Controllers\Pengguna.php(70): CodeIgniter\Debug\Exceptions->errorHandler(2, 'Undefined property: stdClass::$Username', 'APPPATH\\Controllers\\Pengguna.php', 70)
 2 SYSTEMPATH\CodeIgniter.php(925): App\Controllers\Pengguna->create()
 3 SYSTEMPATH\CodeIgniter.php(480): CodeIgniter\CodeIgniter->runController(Object(App\Controllers\Pengguna))
 4 SYSTEMPATH\CodeIgniter.php(349): CodeIgniter\CodeIgniter->handleRequest(null, Object(Config\Cache), false)
 5 FCPATH\index.php(67): CodeIgniter\CodeIgniter->run()
 6 SYSTEMPATH\Commands\Server\rewrite.php(47): require_once('FCPATH\\index.php')
CRITICAL - 2023-03-13 13:24:40 --> Undefined property: stdClass::$Username
in APPPATH\Controllers\Pengguna.php on line 70.
 1 APPPATH\Controllers\Pengguna.php(70): CodeIgniter\Debug\Exceptions->errorHandler(2, 'Undefined property: stdClass::$Username', 'APPPATH\\Controllers\\Pengguna.php', 70)
 2 SYSTEMPATH\CodeIgniter.php(925): App\Controllers\Pengguna->create()
 3 SYSTEMPATH\CodeIgniter.php(480): CodeIgniter\CodeIgniter->runController(Object(App\Controllers\Pengguna))
 4 SYSTEMPATH\CodeIgniter.php(349): CodeIgniter\CodeIgniter->handleRequest(null, Object(Config\Cache), false)
 5 FCPATH\index.php(67): CodeIgniter\CodeIgniter->run()
 6 SYSTEMPATH\Commands\Server\rewrite.php(47): require_once('FCPATH\\index.php')
CRITICAL - 2023-03-13 13:26:37 --> Undefined property: stdClass::$JK
in APPPATH\Controllers\Pengguna.php on line 71.
 1 APPPATH\Controllers\Pengguna.php(71): CodeIgniter\Debug\Exceptions->errorHandler(2, 'Undefined property: stdClass::$JK', 'APPPATH\\Controllers\\Pengguna.php', 71)
 2 SYSTEMPATH\CodeIgniter.php(925): App\Controllers\Pengguna->create()
 3 SYSTEMPATH\CodeIgniter.php(480): CodeIgniter\CodeIgniter->runController(Object(App\Controllers\Pengguna))
 4 SYSTEMPATH\CodeIgniter.php(349): CodeIgniter\CodeIgniter->handleRequest(null, Object(Config\Cache), false)
 5 FCPATH\index.php(67): CodeIgniter\CodeIgniter->run()
 6 SYSTEMPATH\Commands\Server\rewrite.php(47): require_once('FCPATH\\index.php')
CRITICAL - 2023-03-13 13:26:43 --> Undefined property: stdClass::$JK
in APPPATH\Controllers\Pengguna.php on line 71.
 1 APPPATH\Controllers\Pengguna.php(71): CodeIgniter\Debug\Exceptions->errorHandler(2, 'Undefined property: stdClass::$JK', 'APPPATH\\Controllers\\Pengguna.php', 71)
 2 SYSTEMPATH\CodeIgniter.php(925): App\Controllers\Pengguna->create()
 3 SYSTEMPATH\CodeIgniter.php(480): CodeIgniter\CodeIgniter->runController(Object(App\Controllers\Pengguna))
 4 SYSTEMPATH\CodeIgniter.php(349): CodeIgniter\CodeIgniter->handleRequest(null, Object(Config\Cache), false)
 5 FCPATH\index.php(67): CodeIgniter\CodeIgniter->run()
 6 SYSTEMPATH\Commands\Server\rewrite.php(47): require_once('FCPATH\\index.php')
CRITICAL - 2023-03-13 13:27:45 --> Undefined property: stdClass::$JK
in APPPATH\Controllers\Pengguna.php on line 71.
 1 APPPATH\Controllers\Pengguna.php(71): CodeIgniter\Debug\Exceptions->errorHandler(2, 'Undefined property: stdClass::$JK', 'APPPATH\\Controllers\\Pengguna.php', 71)
 2 SYSTEMPATH\CodeIgniter.php(925): App\Controllers\Pengguna->create()
 3 SYSTEMPATH\CodeIgniter.php(480): CodeIgniter\CodeIgniter->runController(Object(App\Controllers\Pengguna))
 4 SYSTEMPATH\CodeIgniter.php(349): CodeIgniter\CodeIgniter->handleRequest(null, Object(Config\Cache), false)
 5 FCPATH\index.php(67): CodeIgniter\CodeIgniter->run()
 6 SYSTEMPATH\Commands\Server\rewrite.php(47): require_once('FCPATH\\index.php')
CRITICAL - 2023-03-13 13:27:54 --> Undefined property: stdClass::$JK
in APPPATH\Controllers\Pengguna.php on line 71.
 1 APPPATH\Controllers\Pengguna.php(71): CodeIgniter\Debug\Exceptions->errorHandler(2, 'Undefined property: stdClass::$JK', 'APPPATH\\Controllers\\Pengguna.php', 71)
 2 SYSTEMPATH\CodeIgniter.php(925): App\Controllers\Pengguna->create()
 3 SYSTEMPATH\CodeIgniter.php(480): CodeIgniter\CodeIgniter->runController(Object(App\Controllers\Pengguna))
 4 SYSTEMPATH\CodeIgniter.php(349): CodeIgniter\CodeIgniter->handleRequest(null, Object(Config\Cache), false)
 5 FCPATH\index.php(67): CodeIgniter\CodeIgniter->run()
 6 SYSTEMPATH\Commands\Server\rewrite.php(47): require_once('FCPATH\\index.php')
CRITICAL - 2023-03-13 13:29:53 --> Undefined property: stdClass::$JK
in APPPATH\Controllers\Pengguna.php on line 71.
 1 APPPATH\Controllers\Pengguna.php(71): CodeIgniter\Debug\Exceptions->errorHandler(2, 'Undefined property: stdClass::$JK', 'APPPATH\\Controllers\\Pengguna.php', 71)
 2 SYSTEMPATH\CodeIgniter.php(925): App\Controllers\Pengguna->create()
 3 SYSTEMPATH\CodeIgniter.php(480): CodeIgniter\CodeIgniter->runController(Object(App\Controllers\Pengguna))
 4 SYSTEMPATH\CodeIgniter.php(349): CodeIgniter\CodeIgniter->handleRequest(null, Object(Config\Cache), false)
 5 FCPATH\index.php(67): CodeIgniter\CodeIgniter->run()
 6 SYSTEMPATH\Commands\Server\rewrite.php(47): require_once('FCPATH\\index.php')
CRITICAL - 2023-03-13 13:34:32 --> Undefined property: stdClass::$JK
in APPPATH\Controllers\Pengguna.php on line 71.
 1 APPPATH\Controllers\Pengguna.php(71): CodeIgniter\Debug\Exceptions->errorHandler(2, 'Undefined property: stdClass::$JK', 'APPPATH\\Controllers\\Pengguna.php', 71)
 2 SYSTEMPATH\CodeIgniter.php(925): App\Controllers\Pengguna->create()
 3 SYSTEMPATH\CodeIgniter.php(480): CodeIgniter\CodeIgniter->runController(Object(App\Controllers\Pengguna))
 4 SYSTEMPATH\CodeIgniter.php(349): CodeIgniter\CodeIgniter->handleRequest(null, Object(Config\Cache), false)
 5 FCPATH\index.php(67): CodeIgniter\CodeIgniter->run()
 6 SYSTEMPATH\Commands\Server\rewrite.php(47): require_once('FCPATH\\index.php')
CRITICAL - 2023-03-13 13:37:12 --> Undefined property: stdClass::$JK
in APPPATH\Controllers\Pengguna.php on line 71.
 1 APPPATH\Controllers\Pengguna.php(71): CodeIgniter\Debug\Exceptions->errorHandler(2, 'Undefined property: stdClass::$JK', 'APPPATH\\Controllers\\Pengguna.php', 71)
 2 SYSTEMPATH\CodeIgniter.php(925): App\Controllers\Pengguna->create()
 3 SYSTEMPATH\CodeIgniter.php(480): CodeIgniter\CodeIgniter->runController(Object(App\Controllers\Pengguna))
 4 SYSTEMPATH\CodeIgniter.php(349): CodeIgniter\CodeIgniter->handleRequest(null, Object(Config\Cache), false)
 5 FCPATH\index.php(67): CodeIgniter\CodeIgniter->run()
 6 SYSTEMPATH\Commands\Server\rewrite.php(47): require_once('FCPATH\\index.php')
CRITICAL - 2023-03-13 13:38:20 --> Undefined property: stdClass::$JK
in APPPATH\Controllers\Pengguna.php on line 71.
 1 APPPATH\Controllers\Pengguna.php(71): CodeIgniter\Debug\Exceptions->errorHandler(2, 'Undefined property: stdClass::$JK', 'APPPATH\\Controllers\\Pengguna.php', 71)
 2 SYSTEMPATH\CodeIgniter.php(925): App\Controllers\Pengguna->create()
 3 SYSTEMPATH\CodeIgniter.php(480): CodeIgniter\CodeIgniter->runController(Object(App\Controllers\Pengguna))
 4 SYSTEMPATH\CodeIgniter.php(349): CodeIgniter\CodeIgniter->handleRequest(null, Object(Config\Cache), false)
 5 FCPATH\index.php(67): CodeIgniter\CodeIgniter->run()
 6 SYSTEMPATH\Commands\Server\rewrite.php(47): require_once('FCPATH\\index.php')
CRITICAL - 2023-03-13 13:40:44 --> Undefined property: stdClass::$JK
in APPPATH\Controllers\Pengguna.php on line 71.
 1 APPPATH\Controllers\Pengguna.php(71): CodeIgniter\Debug\Exceptions->errorHandler(2, 'Undefined property: stdClass::$JK', 'APPPATH\\Controllers\\Pengguna.php', 71)
 2 SYSTEMPATH\CodeIgniter.php(925): App\Controllers\Pengguna->create()
 3 SYSTEMPATH\CodeIgniter.php(480): CodeIgniter\CodeIgniter->runController(Object(App\Controllers\Pengguna))
 4 SYSTEMPATH\CodeIgniter.php(349): CodeIgniter\CodeIgniter->handleRequest(null, Object(Config\Cache), false)
 5 FCPATH\index.php(67): CodeIgniter\CodeIgniter->run()
 6 SYSTEMPATH\Commands\Server\rewrite.php(47): require_once('FCPATH\\index.php')
CRITICAL - 2023-03-13 13:41:27 --> Undefined property: stdClass::$JK
in APPPATH\Controllers\Pengguna.php on line 71.
 1 APPPATH\Controllers\Pengguna.php(71): CodeIgniter\Debug\Exceptions->errorHandler(2, 'Undefined property: stdClass::$JK', 'APPPATH\\Controllers\\Pengguna.php', 71)
 2 SYSTEMPATH\CodeIgniter.php(925): App\Controllers\Pengguna->create()
 3 SYSTEMPATH\CodeIgniter.php(480): CodeIgniter\CodeIgniter->runController(Object(App\Controllers\Pengguna))
 4 SYSTEMPATH\CodeIgniter.php(349): CodeIgniter\CodeIgniter->handleRequest(null, Object(Config\Cache), false)
 5 FCPATH\index.php(67): CodeIgniter\CodeIgniter->run()
 6 SYSTEMPATH\Commands\Server\rewrite.php(47): require_once('FCPATH\\index.php')
CRITICAL - 2023-03-13 13:43:05 --> Call to a member function insert() on null
in APPPATH\Controllers\Pengguna.php on line 68.
 1 SYSTEMPATH\CodeIgniter.php(925): App\Controllers\Pengguna->create()
 2 SYSTEMPATH\CodeIgniter.php(480): CodeIgniter\CodeIgniter->runController(Object(App\Controllers\Pengguna))
 3 SYSTEMPATH\CodeIgniter.php(349): CodeIgniter\CodeIgniter->handleRequest(null, Object(Config\Cache), false)
 4 FCPATH\index.php(67): CodeIgniter\CodeIgniter->run()
 5 SYSTEMPATH\Commands\Server\rewrite.php(47): require_once('FCPATH\\index.php')
CRITICAL - 2023-03-13 13:43:26 --> Undefined property: stdClass::$JK
in APPPATH\Controllers\Pengguna.php on line 71.
 1 APPPATH\Controllers\Pengguna.php(71): CodeIgniter\Debug\Exceptions->errorHandler(2, 'Undefined property: stdClass::$JK', 'APPPATH\\Controllers\\Pengguna.php', 71)
 2 SYSTEMPATH\CodeIgniter.php(925): App\Controllers\Pengguna->create()
 3 SYSTEMPATH\CodeIgniter.php(480): CodeIgniter\CodeIgniter->runController(Object(App\Controllers\Pengguna))
 4 SYSTEMPATH\CodeIgniter.php(349): CodeIgniter\CodeIgniter->handleRequest(null, Object(Config\Cache), false)
 5 FCPATH\index.php(67): CodeIgniter\CodeIgniter->run()
 6 SYSTEMPATH\Commands\Server\rewrite.php(47): require_once('FCPATH\\index.php')
CRITICAL - 2023-03-13 13:49:23 --> Undefined property: stdClass::$JK
in APPPATH\Controllers\Pengguna.php on line 71.
 1 APPPATH\Controllers\Pengguna.php(71): CodeIgniter\Debug\Exceptions->errorHandler(2, 'Undefined property: stdClass::$JK', 'APPPATH\\Controllers\\Pengguna.php', 71)
 2 SYSTEMPATH\CodeIgniter.php(925): App\Controllers\Pengguna->create()
 3 SYSTEMPATH\CodeIgniter.php(480): CodeIgniter\CodeIgniter->runController(Object(App\Controllers\Pengguna))
 4 SYSTEMPATH\CodeIgniter.php(349): CodeIgniter\CodeIgniter->handleRequest(null, Object(Config\Cache), false)
 5 FCPATH\index.php(67): CodeIgniter\CodeIgniter->run()
 6 SYSTEMPATH\Commands\Server\rewrite.php(47): require_once('FCPATH\\index.php')
