CRITICAL - 2023-08-12 08:32:23 --> Undefined property: CodeIgniter\View\View::$session
in APPPATH\Views\admin\header.php on line 62.
 1 APPPATH\Views\admin\header.php(62): CodeIgniter\Debug\Exceptions->errorHandler(2, 'Undefined property: CodeIgniter\\View\\View::$session', 'APPPATH\\Views\\admin\\header.php', 62)
 2 SYSTEMPATH\View\View.php(213): include('APPPATH\\Views\\admin\\header.php')
 3 SYSTEMPATH\View\View.php(216): CodeIgniter\View\View->CodeIgniter\View\{closure}()
 4 SYSTEMPATH\Common.php(1135): CodeIgniter\View\View->render('admin/header', [], true)
 5 APPPATH\Controllers\web\Dashboard.php(14): view('admin/header', [...])
 6 SYSTEMPATH\CodeIgniter.php(925): App\Controllers\Web\Dashboard->index()
 7 SYSTEMPATH\CodeIgniter.php(480): CodeIgniter\CodeIgniter->runController(Object(App\Controllers\Web\Dashboard))
 8 SYSTEMPATH\CodeIgniter.php(349): CodeIgniter\CodeIgniter->handleRequest(null, Object(Config\Cache), false)
 9 FCPATH\index.php(67): CodeIgniter\CodeIgniter->run()
10 SYSTEMPATH\Commands\Server\rewrite.php(47): require_once('FCPATH\\index.php')
CRITICAL - 2023-08-12 08:33:18 --> Undefined property: CodeIgniter\View\View::$session
in APPPATH\Views\admin\header.php on line 62.
 1 APPPATH\Views\admin\header.php(62): CodeIgniter\Debug\Exceptions->errorHandler(2, 'Undefined property: CodeIgniter\\View\\View::$session', 'APPPATH\\Views\\admin\\header.php', 62)
 2 SYSTEMPATH\View\View.php(213): include('APPPATH\\Views\\admin\\header.php')
 3 SYSTEMPATH\View\View.php(216): CodeIgniter\View\View->CodeIgniter\View\{closure}()
 4 SYSTEMPATH\Common.php(1135): CodeIgniter\View\View->render('admin/header', [], true)
 5 APPPATH\Controllers\web\Dashboard.php(14): view('admin/header', [...])
 6 SYSTEMPATH\CodeIgniter.php(925): App\Controllers\Web\Dashboard->index()
 7 SYSTEMPATH\CodeIgniter.php(480): CodeIgniter\CodeIgniter->runController(Object(App\Controllers\Web\Dashboard))
 8 SYSTEMPATH\CodeIgniter.php(349): CodeIgniter\CodeIgniter->handleRequest(null, Object(Config\Cache), false)
 9 FCPATH\index.php(67): CodeIgniter\CodeIgniter->run()
10 SYSTEMPATH\Commands\Server\rewrite.php(47): require_once('FCPATH\\index.php')
CRITICAL - 2023-08-12 08:33:22 --> Undefined property: CodeIgniter\View\View::$session
in APPPATH\Views\admin\header.php on line 62.
 1 APPPATH\Views\admin\header.php(62): CodeIgniter\Debug\Exceptions->errorHandler(2, 'Undefined property: CodeIgniter\\View\\View::$session', 'APPPATH\\Views\\admin\\header.php', 62)
 2 SYSTEMPATH\View\View.php(213): include('APPPATH\\Views\\admin\\header.php')
 3 SYSTEMPATH\View\View.php(216): CodeIgniter\View\View->CodeIgniter\View\{closure}()
 4 SYSTEMPATH\Common.php(1135): CodeIgniter\View\View->render('admin/header', [], true)
 5 APPPATH\Controllers\web\Dashboard.php(14): view('admin/header', [...])
 6 SYSTEMPATH\CodeIgniter.php(925): App\Controllers\Web\Dashboard->index()
 7 SYSTEMPATH\CodeIgniter.php(480): CodeIgniter\CodeIgniter->runController(Object(App\Controllers\Web\Dashboard))
 8 SYSTEMPATH\CodeIgniter.php(349): CodeIgniter\CodeIgniter->handleRequest(null, Object(Config\Cache), false)
 9 FCPATH\index.php(67): CodeIgniter\CodeIgniter->run()
10 SYSTEMPATH\Commands\Server\rewrite.php(47): require_once('FCPATH\\index.php')
CRITICAL - 2023-08-12 08:33:24 --> Undefined property: CodeIgniter\View\View::$session
in APPPATH\Views\admin\header.php on line 62.
 1 APPPATH\Views\admin\header.php(62): CodeIgniter\Debug\Exceptions->errorHandler(2, 'Undefined property: CodeIgniter\\View\\View::$session', 'APPPATH\\Views\\admin\\header.php', 62)
 2 SYSTEMPATH\View\View.php(213): include('APPPATH\\Views\\admin\\header.php')
 3 SYSTEMPATH\View\View.php(216): CodeIgniter\View\View->CodeIgniter\View\{closure}()
 4 SYSTEMPATH\Common.php(1135): CodeIgniter\View\View->render('admin/header', [], true)
 5 APPPATH\Controllers\web\Dashboard.php(14): view('admin/header', [...])
 6 SYSTEMPATH\CodeIgniter.php(925): App\Controllers\Web\Dashboard->index()
 7 SYSTEMPATH\CodeIgniter.php(480): CodeIgniter\CodeIgniter->runController(Object(App\Controllers\Web\Dashboard))
 8 SYSTEMPATH\CodeIgniter.php(349): CodeIgniter\CodeIgniter->handleRequest(null, Object(Config\Cache), false)
 9 FCPATH\index.php(67): CodeIgniter\CodeIgniter->run()
10 SYSTEMPATH\Commands\Server\rewrite.php(47): require_once('FCPATH\\index.php')
CRITICAL - 2023-08-12 08:34:34 --> Undefined property: CodeIgniter\View\View::$session
in APPPATH\Views\admin\menu.php on line 8.
 1 APPPATH\Views\admin\menu.php(8): CodeIgniter\Debug\Exceptions->errorHandler(2, 'Undefined property: CodeIgniter\\View\\View::$session', 'APPPATH\\Views\\admin\\menu.php', 8)
 2 SYSTEMPATH\View\View.php(213): include('APPPATH\\Views\\admin\\menu.php')
 3 SYSTEMPATH\View\View.php(216): CodeIgniter\View\View->CodeIgniter\View\{closure}()
 4 SYSTEMPATH\Common.php(1135): CodeIgniter\View\View->render('admin/menu', [], true)
 5 APPPATH\Controllers\web\Dashboard.php(14): view('admin/menu', [...])
 6 SYSTEMPATH\CodeIgniter.php(925): App\Controllers\Web\Dashboard->index()
 7 SYSTEMPATH\CodeIgniter.php(480): CodeIgniter\CodeIgniter->runController(Object(App\Controllers\Web\Dashboard))
 8 SYSTEMPATH\CodeIgniter.php(349): CodeIgniter\CodeIgniter->handleRequest(null, Object(Config\Cache), false)
 9 FCPATH\index.php(67): CodeIgniter\CodeIgniter->run()
10 SYSTEMPATH\Commands\Server\rewrite.php(47): require_once('FCPATH\\index.php')
CRITICAL - 2023-08-12 08:37:02 --> Undefined property: CodeIgniter\View\View::$session
in APPPATH\Views\admin\menu.php on line 60.
 1 APPPATH\Views\admin\menu.php(60): CodeIgniter\Debug\Exceptions->errorHandler(2, 'Undefined property: CodeIgniter\\View\\View::$session', 'APPPATH\\Views\\admin\\menu.php', 60)
 2 SYSTEMPATH\View\View.php(213): include('APPPATH\\Views\\admin\\menu.php')
 3 SYSTEMPATH\View\View.php(216): CodeIgniter\View\View->CodeIgniter\View\{closure}()
 4 SYSTEMPATH\Common.php(1135): CodeIgniter\View\View->render('admin/menu', [], true)
 5 APPPATH\Controllers\web\Dashboard.php(14): view('admin/menu', [...])
 6 SYSTEMPATH\CodeIgniter.php(925): App\Controllers\Web\Dashboard->index()
 7 SYSTEMPATH\CodeIgniter.php(480): CodeIgniter\CodeIgniter->runController(Object(App\Controllers\Web\Dashboard))
 8 SYSTEMPATH\CodeIgniter.php(349): CodeIgniter\CodeIgniter->handleRequest(null, Object(Config\Cache), false)
 9 FCPATH\index.php(67): CodeIgniter\CodeIgniter->run()
10 SYSTEMPATH\Commands\Server\rewrite.php(47): require_once('FCPATH\\index.php')
CRITICAL - 2023-08-12 08:53:48 --> Undefined property: CodeIgniter\View\View::$session
in APPPATH\Views\admin\menu.php on line 8.
 1 APPPATH\Views\admin\menu.php(8): CodeIgniter\Debug\Exceptions->errorHandler(2, 'Undefined property: CodeIgniter\\View\\View::$session', 'APPPATH\\Views\\admin\\menu.php', 8)
 2 SYSTEMPATH\View\View.php(213): include('APPPATH\\Views\\admin\\menu.php')
 3 SYSTEMPATH\View\View.php(216): CodeIgniter\View\View->CodeIgniter\View\{closure}()
 4 SYSTEMPATH\Common.php(1135): CodeIgniter\View\View->render('admin/menu', [], true)
 5 APPPATH\Controllers\web\Dashboard.php(14): view('admin/menu', [...])
 6 SYSTEMPATH\CodeIgniter.php(925): App\Controllers\Web\Dashboard->index()
 7 SYSTEMPATH\CodeIgniter.php(480): CodeIgniter\CodeIgniter->runController(Object(App\Controllers\Web\Dashboard))
 8 SYSTEMPATH\CodeIgniter.php(349): CodeIgniter\CodeIgniter->handleRequest(null, Object(Config\Cache), false)
 9 FCPATH\index.php(67): CodeIgniter\CodeIgniter->run()
10 SYSTEMPATH\Commands\Server\rewrite.php(47): require_once('FCPATH\\index.php')
CRITICAL - 2023-08-12 09:01:22 --> Undefined variable $db
in APPPATH\Views\admin\menu.php on line 29.
 1 APPPATH\Views\admin\menu.php(29): CodeIgniter\Debug\Exceptions->errorHandler(2, 'Undefined variable $db', 'APPPATH\\Views\\admin\\menu.php', 29)
 2 SYSTEMPATH\View\View.php(213): include('APPPATH\\Views\\admin\\menu.php')
 3 SYSTEMPATH\View\View.php(216): CodeIgniter\View\View->CodeIgniter\View\{closure}()
 4 SYSTEMPATH\Common.php(1135): CodeIgniter\View\View->render('admin/menu', [], true)
 5 APPPATH\Controllers\web\Dashboard.php(14): view('admin/menu', [...])
 6 SYSTEMPATH\CodeIgniter.php(925): App\Controllers\Web\Dashboard->index()
 7 SYSTEMPATH\CodeIgniter.php(480): CodeIgniter\CodeIgniter->runController(Object(App\Controllers\Web\Dashboard))
 8 SYSTEMPATH\CodeIgniter.php(349): CodeIgniter\CodeIgniter->handleRequest(null, Object(Config\Cache), false)
 9 FCPATH\index.php(67): CodeIgniter\CodeIgniter->run()
10 SYSTEMPATH\Commands\Server\rewrite.php(47): require_once('FCPATH\\index.php')
CRITICAL - 2023-08-12 09:02:16 --> Undefined variable $db
in APPPATH\Views\admin\menu.php on line 29.
 1 APPPATH\Views\admin\menu.php(29): CodeIgniter\Debug\Exceptions->errorHandler(2, 'Undefined variable $db', 'APPPATH\\Views\\admin\\menu.php', 29)
 2 SYSTEMPATH\View\View.php(213): include('APPPATH\\Views\\admin\\menu.php')
 3 SYSTEMPATH\View\View.php(216): CodeIgniter\View\View->CodeIgniter\View\{closure}()
 4 SYSTEMPATH\Common.php(1135): CodeIgniter\View\View->render('admin/menu', [], true)
 5 APPPATH\Controllers\web\Dashboard.php(14): view('admin/menu', [...])
 6 SYSTEMPATH\CodeIgniter.php(925): App\Controllers\Web\Dashboard->index()
 7 SYSTEMPATH\CodeIgniter.php(480): CodeIgniter\CodeIgniter->runController(Object(App\Controllers\Web\Dashboard))
 8 SYSTEMPATH\CodeIgniter.php(349): CodeIgniter\CodeIgniter->handleRequest(null, Object(Config\Cache), false)
 9 FCPATH\index.php(67): CodeIgniter\CodeIgniter->run()
10 SYSTEMPATH\Commands\Server\rewrite.php(47): require_once('FCPATH\\index.php')
CRITICAL - 2023-08-12 10:59:48 --> Undefined array key 3
in APPPATH\Views\layout.php on line 99.
 1 APPPATH\Views\layout.php(99): CodeIgniter\Debug\Exceptions->errorHandler(2, 'Undefined array key 3', 'APPPATH\\Views\\layout.php', 99)
 2 SYSTEMPATH\View\View.php(213): include('APPPATH\\Views\\layout.php')
 3 SYSTEMPATH\View\View.php(216): CodeIgniter\View\View->CodeIgniter\View\{closure}()
 4 SYSTEMPATH\View\View.php(229): CodeIgniter\View\View->render('layout', [], true)
 5 SYSTEMPATH\Common.php(1135): CodeIgniter\View\View->render('web/kategori', [], true)
 6 APPPATH\Controllers\web\Kategori.php(24): view('web/kategori', [...])
 7 SYSTEMPATH\CodeIgniter.php(925): App\Controllers\Web\Kategori->index()
 8 SYSTEMPATH\CodeIgniter.php(480): CodeIgniter\CodeIgniter->runController(Object(App\Controllers\Web\Kategori))
 9 SYSTEMPATH\CodeIgniter.php(349): CodeIgniter\CodeIgniter->handleRequest(null, Object(Config\Cache), false)
10 FCPATH\index.php(67): CodeIgniter\CodeIgniter->run()
11 SYSTEMPATH\Commands\Server\rewrite.php(47): require_once('FCPATH\\index.php')
CRITICAL - 2023-08-12 00:02:02 --> Undefined variable $kolom
in APPPATH\Views\web\kategori.php on line 19.
 1 APPPATH\Views\web\kategori.php(19): CodeIgniter\Debug\Exceptions->errorHandler(2, 'Undefined variable $kolom', 'APPPATH\\Views\\web\\kategori.php', 19)
 2 SYSTEMPATH\View\View.php(213): include('APPPATH\\Views\\web\\kategori.php')
 3 SYSTEMPATH\View\View.php(216): CodeIgniter\View\View->CodeIgniter\View\{closure}()
 4 SYSTEMPATH\Common.php(1135): CodeIgniter\View\View->render('web/kategori', [], true)
 5 APPPATH\Controllers\web\Kategori.php(24): view('web/kategori', [...])
 6 SYSTEMPATH\CodeIgniter.php(925): App\Controllers\Web\Kategori->index()
 7 SYSTEMPATH\CodeIgniter.php(480): CodeIgniter\CodeIgniter->runController(Object(App\Controllers\Web\Kategori))
 8 SYSTEMPATH\CodeIgniter.php(349): CodeIgniter\CodeIgniter->handleRequest(null, Object(Config\Cache), false)
 9 FCPATH\index.php(67): CodeIgniter\CodeIgniter->run()
10 SYSTEMPATH\Commands\Server\rewrite.php(47): require_once('FCPATH\\index.php')
CRITICAL - 2023-08-12 00:02:33 --> Undefined variable $kolom
in APPPATH\Views\web\kategori.php on line 19.
 1 APPPATH\Views\web\kategori.php(19): CodeIgniter\Debug\Exceptions->errorHandler(2, 'Undefined variable $kolom', 'APPPATH\\Views\\web\\kategori.php', 19)
 2 SYSTEMPATH\View\View.php(213): include('APPPATH\\Views\\web\\kategori.php')
 3 SYSTEMPATH\View\View.php(216): CodeIgniter\View\View->CodeIgniter\View\{closure}()
 4 SYSTEMPATH\Common.php(1135): CodeIgniter\View\View->render('web/kategori', [], true)
 5 APPPATH\Controllers\web\Kategori.php(25): view('web/kategori', [...])
 6 SYSTEMPATH\CodeIgniter.php(925): App\Controllers\Web\Kategori->index()
 7 SYSTEMPATH\CodeIgniter.php(480): CodeIgniter\CodeIgniter->runController(Object(App\Controllers\Web\Kategori))
 8 SYSTEMPATH\CodeIgniter.php(349): CodeIgniter\CodeIgniter->handleRequest(null, Object(Config\Cache), false)
 9 FCPATH\index.php(67): CodeIgniter\CodeIgniter->run()
10 SYSTEMPATH\Commands\Server\rewrite.php(47): require_once('FCPATH\\index.php')
CRITICAL - 2023-08-12 00:02:35 --> Undefined variable $kolom
in APPPATH\Views\web\kategori.php on line 19.
 1 APPPATH\Views\web\kategori.php(19): CodeIgniter\Debug\Exceptions->errorHandler(2, 'Undefined variable $kolom', 'APPPATH\\Views\\web\\kategori.php', 19)
 2 SYSTEMPATH\View\View.php(213): include('APPPATH\\Views\\web\\kategori.php')
 3 SYSTEMPATH\View\View.php(216): CodeIgniter\View\View->CodeIgniter\View\{closure}()
 4 SYSTEMPATH\Common.php(1135): CodeIgniter\View\View->render('web/kategori', [], true)
 5 APPPATH\Controllers\web\Kategori.php(25): view('web/kategori', [...])
 6 SYSTEMPATH\CodeIgniter.php(925): App\Controllers\Web\Kategori->index()
 7 SYSTEMPATH\CodeIgniter.php(480): CodeIgniter\CodeIgniter->runController(Object(App\Controllers\Web\Kategori))
 8 SYSTEMPATH\CodeIgniter.php(349): CodeIgniter\CodeIgniter->handleRequest(null, Object(Config\Cache), false)
 9 FCPATH\index.php(67): CodeIgniter\CodeIgniter->run()
10 SYSTEMPATH\Commands\Server\rewrite.php(47): require_once('FCPATH\\index.php')
CRITICAL - 2023-08-12 00:02:55 --> Undefined constant "data"
in APPPATH\Views\web\kategori.php on line 21.
 1 SYSTEMPATH\View\View.php(213): include()
 2 SYSTEMPATH\View\View.php(216): CodeIgniter\View\View->CodeIgniter\View\{closure}()
 3 SYSTEMPATH\Common.php(1135): CodeIgniter\View\View->render('web/kategori', [], true)
 4 APPPATH\Controllers\web\Kategori.php(25): view('web/kategori', [...])
 5 SYSTEMPATH\CodeIgniter.php(925): App\Controllers\Web\Kategori->index()
 6 SYSTEMPATH\CodeIgniter.php(480): CodeIgniter\CodeIgniter->runController(Object(App\Controllers\Web\Kategori))
 7 SYSTEMPATH\CodeIgniter.php(349): CodeIgniter\CodeIgniter->handleRequest(null, Object(Config\Cache), false)
 8 FCPATH\index.php(67): CodeIgniter\CodeIgniter->run()
 9 SYSTEMPATH\Commands\Server\rewrite.php(47): require_once('FCPATH\\index.php')
CRITICAL - 2023-08-12 12:18:43 --> Undefined array key "Keterangan"
in APPPATH\Views\layout.php on line 171.
 1 APPPATH\Views\layout.php(171): CodeIgniter\Debug\Exceptions->errorHandler(2, 'Undefined array key "Keterangan"', 'APPPATH\\Views\\layout.php', 171)
 2 SYSTEMPATH\View\View.php(213): include('APPPATH\\Views\\layout.php')
 3 SYSTEMPATH\View\View.php(216): CodeIgniter\View\View->CodeIgniter\View\{closure}()
 4 SYSTEMPATH\View\View.php(229): CodeIgniter\View\View->render('layout', [], true)
 5 SYSTEMPATH\Common.php(1135): CodeIgniter\View\View->render('web/users', [], true)
 6 APPPATH\Controllers\web\Users.php(26): view('web/users', [...])
 7 SYSTEMPATH\CodeIgniter.php(925): App\Controllers\Web\Users->index()
 8 SYSTEMPATH\CodeIgniter.php(480): CodeIgniter\CodeIgniter->runController(Object(App\Controllers\Web\Users))
 9 SYSTEMPATH\CodeIgniter.php(349): CodeIgniter\CodeIgniter->handleRequest(null, Object(Config\Cache), false)
10 FCPATH\index.php(67): CodeIgniter\CodeIgniter->run()
11 SYSTEMPATH\Commands\Server\rewrite.php(47): require_once('FCPATH\\index.php')
CRITICAL - 2023-08-12 12:43:04 --> Undefined array key "Aksi"
in APPPATH\Views\layout.php on line 152.
 1 APPPATH\Views\layout.php(152): CodeIgniter\Debug\Exceptions->errorHandler(2, 'Undefined array key "Aksi"', 'APPPATH\\Views\\layout.php', 152)
 2 SYSTEMPATH\View\View.php(213): include('APPPATH\\Views\\layout.php')
 3 SYSTEMPATH\View\View.php(216): CodeIgniter\View\View->CodeIgniter\View\{closure}()
 4 SYSTEMPATH\View\View.php(229): CodeIgniter\View\View->render('layout', [], true)
 5 SYSTEMPATH\Common.php(1135): CodeIgniter\View\View->render('web/users', [], true)
 6 APPPATH\Controllers\web\Users.php(26): view('web/users', [...])
 7 SYSTEMPATH\CodeIgniter.php(925): App\Controllers\Web\Users->index()
 8 SYSTEMPATH\CodeIgniter.php(480): CodeIgniter\CodeIgniter->runController(Object(App\Controllers\Web\Users))
 9 SYSTEMPATH\CodeIgniter.php(349): CodeIgniter\CodeIgniter->handleRequest(null, Object(Config\Cache), false)
10 FCPATH\index.php(67): CodeIgniter\CodeIgniter->run()
11 SYSTEMPATH\Commands\Server\rewrite.php(47): require_once('FCPATH\\index.php')
CRITICAL - 2023-08-12 06:05:29 --> Cannot use empty array elements in arrays
in APPPATH\Controllers\web\Users.php on line 49.
 1 [internal function]: CodeIgniter\Debug\Exceptions->shutdownHandler()
ERROR - 2023-08-12 06:06:23 --> mysqli_sql_exception: Column 'Keterangan' cannot be null in C:\Belajar\CI_API\ci4\system\Database\MySQLi\Connection.php:292
Stack trace:
#0 C:\Belajar\CI_API\ci4\system\Database\MySQLi\Connection.php(292): mysqli->query('INSERT INTO `je...', 0)
#1 C:\Belajar\CI_API\ci4\system\Database\BaseConnection.php(666): CodeIgniter\Database\MySQLi\Connection->execute('INSERT INTO `je...')
#2 C:\Belajar\CI_API\ci4\system\Database\BaseConnection.php(593): CodeIgniter\Database\BaseConnection->simpleQuery('INSERT INTO `je...')
#3 C:\Belajar\CI_API\ci4\system\Database\BaseBuilder.php(1916): CodeIgniter\Database\BaseConnection->query('INSERT INTO `je...', Array, false)
#4 C:\Belajar\CI_API\ci4\system\Model.php(303): CodeIgniter\Database\BaseBuilder->insert()
#5 C:\Belajar\CI_API\ci4\system\BaseModel.php(750): CodeIgniter\Model->doInsert(Array)
#6 C:\Belajar\CI_API\ci4\system\Model.php(699): CodeIgniter\BaseModel->insert(Array, true)
#7 C:\Belajar\CI_API\ci4\app\Controllers\web\Kategori.php(51): CodeIgniter\Model->insert(Array)
#8 C:\Belajar\CI_API\ci4\system\CodeIgniter.php(925): App\Controllers\Web\Kategori->tambah()
#9 C:\Belajar\CI_API\ci4\system\CodeIgniter.php(480): CodeIgniter\CodeIgniter->runController(Object(App\Controllers\Web\Kategori))
#10 C:\Belajar\CI_API\ci4\system\CodeIgniter.php(349): CodeIgniter\CodeIgniter->handleRequest(NULL, Object(Config\Cache), false)
#11 C:\Belajar\CI_API\ci4\public\index.php(67): CodeIgniter\CodeIgniter->run()
#12 C:\Belajar\CI_API\ci4\system\Commands\Server\rewrite.php(47): require_once('C:\\Belajar\\CI_A...')
#13 {main}
CRITICAL - 2023-08-12 06:06:23 --> Column 'Keterangan' cannot be null
in SYSTEMPATH\Database\MySQLi\Connection.php on line 292.
 1 SYSTEMPATH\Database\MySQLi\Connection.php(292): mysqli->query('INSERT INTO `jenis` (`Nama`, `Keterangan`) VALUES (\'Anu\', NULL)', 0)
 2 SYSTEMPATH\Database\BaseConnection.php(666): CodeIgniter\Database\MySQLi\Connection->execute('INSERT INTO `jenis` (`Nama`, `Keterangan`) VALUES (\'Anu\', NULL)')
 3 SYSTEMPATH\Database\BaseConnection.php(593): CodeIgniter\Database\BaseConnection->simpleQuery('INSERT INTO `jenis` (`Nama`, `Keterangan`) VALUES (\'Anu\', NULL)')
 4 SYSTEMPATH\Database\BaseBuilder.php(1916): CodeIgniter\Database\BaseConnection->query('INSERT INTO `jenis` (`Nama`, `Keterangan`) VALUES (:Nama:, :Keterangan:)', [...], false)
 5 SYSTEMPATH\Model.php(303): CodeIgniter\Database\BaseBuilder->insert()
 6 SYSTEMPATH\BaseModel.php(750): CodeIgniter\Model->doInsert([...])
 7 SYSTEMPATH\Model.php(699): CodeIgniter\BaseModel->insert([...], true)
 8 APPPATH\Controllers\web\Kategori.php(51): CodeIgniter\Model->insert([...])
 9 SYSTEMPATH\CodeIgniter.php(925): App\Controllers\Web\Kategori->tambah()
10 SYSTEMPATH\CodeIgniter.php(480): CodeIgniter\CodeIgniter->runController(Object(App\Controllers\Web\Kategori))
11 SYSTEMPATH\CodeIgniter.php(349): CodeIgniter\CodeIgniter->handleRequest(null, Object(Config\Cache), false)
12 FCPATH\index.php(67): CodeIgniter\CodeIgniter->run()
13 SYSTEMPATH\Commands\Server\rewrite.php(47): require_once('FCPATH\\index.php')
ERROR - 2023-08-12 06:06:47 --> mysqli_sql_exception: Column 'Keterangan' cannot be null in C:\Belajar\CI_API\ci4\system\Database\MySQLi\Connection.php:292
Stack trace:
#0 C:\Belajar\CI_API\ci4\system\Database\MySQLi\Connection.php(292): mysqli->query('INSERT INTO `je...', 0)
#1 C:\Belajar\CI_API\ci4\system\Database\BaseConnection.php(666): CodeIgniter\Database\MySQLi\Connection->execute('INSERT INTO `je...')
#2 C:\Belajar\CI_API\ci4\system\Database\BaseConnection.php(593): CodeIgniter\Database\BaseConnection->simpleQuery('INSERT INTO `je...')
#3 C:\Belajar\CI_API\ci4\system\Database\BaseBuilder.php(1916): CodeIgniter\Database\BaseConnection->query('INSERT INTO `je...', Array, false)
#4 C:\Belajar\CI_API\ci4\system\Model.php(303): CodeIgniter\Database\BaseBuilder->insert()
#5 C:\Belajar\CI_API\ci4\system\BaseModel.php(750): CodeIgniter\Model->doInsert(Array)
#6 C:\Belajar\CI_API\ci4\system\Model.php(699): CodeIgniter\BaseModel->insert(Array, true)
#7 C:\Belajar\CI_API\ci4\app\Controllers\web\Kategori.php(51): CodeIgniter\Model->insert(Array)
#8 C:\Belajar\CI_API\ci4\system\CodeIgniter.php(925): App\Controllers\Web\Kategori->tambah()
#9 C:\Belajar\CI_API\ci4\system\CodeIgniter.php(480): CodeIgniter\CodeIgniter->runController(Object(App\Controllers\Web\Kategori))
#10 C:\Belajar\CI_API\ci4\system\CodeIgniter.php(349): CodeIgniter\CodeIgniter->handleRequest(NULL, Object(Config\Cache), false)
#11 C:\Belajar\CI_API\ci4\public\index.php(67): CodeIgniter\CodeIgniter->run()
#12 C:\Belajar\CI_API\ci4\system\Commands\Server\rewrite.php(47): require_once('C:\\Belajar\\CI_A...')
#13 {main}
CRITICAL - 2023-08-12 06:06:47 --> Column 'Keterangan' cannot be null
in SYSTEMPATH\Database\MySQLi\Connection.php on line 292.
 1 SYSTEMPATH\Database\MySQLi\Connection.php(292): mysqli->query('INSERT INTO `jenis` (`Nama`, `Keterangan`) VALUES (\'Anu\', NULL)', 0)
 2 SYSTEMPATH\Database\BaseConnection.php(666): CodeIgniter\Database\MySQLi\Connection->execute('INSERT INTO `jenis` (`Nama`, `Keterangan`) VALUES (\'Anu\', NULL)')
 3 SYSTEMPATH\Database\BaseConnection.php(593): CodeIgniter\Database\BaseConnection->simpleQuery('INSERT INTO `jenis` (`Nama`, `Keterangan`) VALUES (\'Anu\', NULL)')
 4 SYSTEMPATH\Database\BaseBuilder.php(1916): CodeIgniter\Database\BaseConnection->query('INSERT INTO `jenis` (`Nama`, `Keterangan`) VALUES (:Nama:, :Keterangan:)', [...], false)
 5 SYSTEMPATH\Model.php(303): CodeIgniter\Database\BaseBuilder->insert()
 6 SYSTEMPATH\BaseModel.php(750): CodeIgniter\Model->doInsert([...])
 7 SYSTEMPATH\Model.php(699): CodeIgniter\BaseModel->insert([...], true)
 8 APPPATH\Controllers\web\Kategori.php(51): CodeIgniter\Model->insert([...])
 9 SYSTEMPATH\CodeIgniter.php(925): App\Controllers\Web\Kategori->tambah()
10 SYSTEMPATH\CodeIgniter.php(480): CodeIgniter\CodeIgniter->runController(Object(App\Controllers\Web\Kategori))
11 SYSTEMPATH\CodeIgniter.php(349): CodeIgniter\CodeIgniter->handleRequest(null, Object(Config\Cache), false)
12 FCPATH\index.php(67): CodeIgniter\CodeIgniter->run()
13 SYSTEMPATH\Commands\Server\rewrite.php(47): require_once('FCPATH\\index.php')
CRITICAL - 2023-08-12 06:08:30 --> Undefined variable $alamat
in APPPATH\Views\web\users.php on line 3.
 1 APPPATH\Views\web\users.php(3): CodeIgniter\Debug\Exceptions->errorHandler(2, 'Undefined variable $alamat', 'APPPATH\\Views\\web\\users.php', 3)
 2 SYSTEMPATH\View\View.php(213): include('APPPATH\\Views\\web\\users.php')
 3 SYSTEMPATH\View\View.php(216): CodeIgniter\View\View->CodeIgniter\View\{closure}()
 4 SYSTEMPATH\Common.php(1135): CodeIgniter\View\View->render('web/users', [], true)
 5 APPPATH\Controllers\web\Users.php(26): view('web/users', [...])
 6 SYSTEMPATH\CodeIgniter.php(925): App\Controllers\Web\Users->index()
 7 SYSTEMPATH\CodeIgniter.php(480): CodeIgniter\CodeIgniter->runController(Object(App\Controllers\Web\Users))
 8 SYSTEMPATH\CodeIgniter.php(349): CodeIgniter\CodeIgniter->handleRequest(null, Object(Config\Cache), false)
 9 FCPATH\index.php(67): CodeIgniter\CodeIgniter->run()
10 SYSTEMPATH\Commands\Server\rewrite.php(47): require_once('FCPATH\\index.php')
CRITICAL - 2023-08-12 06:08:32 --> Undefined variable $alamat
in APPPATH\Views\web\users.php on line 3.
 1 APPPATH\Views\web\users.php(3): CodeIgniter\Debug\Exceptions->errorHandler(2, 'Undefined variable $alamat', 'APPPATH\\Views\\web\\users.php', 3)
 2 SYSTEMPATH\View\View.php(213): include('APPPATH\\Views\\web\\users.php')
 3 SYSTEMPATH\View\View.php(216): CodeIgniter\View\View->CodeIgniter\View\{closure}()
 4 SYSTEMPATH\Common.php(1135): CodeIgniter\View\View->render('web/users', [], true)
 5 APPPATH\Controllers\web\Users.php(26): view('web/users', [...])
 6 SYSTEMPATH\CodeIgniter.php(925): App\Controllers\Web\Users->index()
 7 SYSTEMPATH\CodeIgniter.php(480): CodeIgniter\CodeIgniter->runController(Object(App\Controllers\Web\Users))
 8 SYSTEMPATH\CodeIgniter.php(349): CodeIgniter\CodeIgniter->handleRequest(null, Object(Config\Cache), false)
 9 FCPATH\index.php(67): CodeIgniter\CodeIgniter->run()
10 SYSTEMPATH\Commands\Server\rewrite.php(47): require_once('FCPATH\\index.php')
CRITICAL - 2023-08-12 06:08:38 --> Undefined variable $alamat
in APPPATH\Views\web\users.php on line 3.
 1 APPPATH\Views\web\users.php(3): CodeIgniter\Debug\Exceptions->errorHandler(2, 'Undefined variable $alamat', 'APPPATH\\Views\\web\\users.php', 3)
 2 SYSTEMPATH\View\View.php(213): include('APPPATH\\Views\\web\\users.php')
 3 SYSTEMPATH\View\View.php(216): CodeIgniter\View\View->CodeIgniter\View\{closure}()
 4 SYSTEMPATH\Common.php(1135): CodeIgniter\View\View->render('web/users', [], true)
 5 APPPATH\Controllers\web\Users.php(26): view('web/users', [...])
 6 SYSTEMPATH\CodeIgniter.php(925): App\Controllers\Web\Users->index()
 7 SYSTEMPATH\CodeIgniter.php(480): CodeIgniter\CodeIgniter->runController(Object(App\Controllers\Web\Users))
 8 SYSTEMPATH\CodeIgniter.php(349): CodeIgniter\CodeIgniter->handleRequest(null, Object(Config\Cache), false)
 9 FCPATH\index.php(67): CodeIgniter\CodeIgniter->run()
10 SYSTEMPATH\Commands\Server\rewrite.php(47): require_once('FCPATH\\index.php')
CRITICAL - 2023-08-12 18:42:04 --> Undefined array key 4
in APPPATH\Views\layout.php on line 83.
 1 APPPATH\Views\layout.php(83): CodeIgniter\Debug\Exceptions->errorHandler(2, 'Undefined array key 4', 'APPPATH\\Views\\layout.php', 83)
 2 SYSTEMPATH\View\View.php(213): include('APPPATH\\Views\\layout.php')
 3 SYSTEMPATH\View\View.php(216): CodeIgniter\View\View->CodeIgniter\View\{closure}()
 4 SYSTEMPATH\View\View.php(229): CodeIgniter\View\View->render('layout', [], true)
 5 SYSTEMPATH\Common.php(1135): CodeIgniter\View\View->render('web/users', [], true)
 6 APPPATH\Controllers\web\Users.php(26): view('web/users', [...])
 7 SYSTEMPATH\CodeIgniter.php(925): App\Controllers\Web\Users->index()
 8 SYSTEMPATH\CodeIgniter.php(480): CodeIgniter\CodeIgniter->runController(Object(App\Controllers\Web\Users))
 9 SYSTEMPATH\CodeIgniter.php(349): CodeIgniter\CodeIgniter->handleRequest(null, Object(Config\Cache), false)
10 FCPATH\index.php(67): CodeIgniter\CodeIgniter->run()
11 SYSTEMPATH\Commands\Server\rewrite.php(47): require_once('FCPATH\\index.php')
CRITICAL - 2023-08-12 18:58:30 --> Undefined array key "JK"
in APPPATH\Views\layout.php on line 149.
 1 APPPATH\Views\layout.php(149): CodeIgniter\Debug\Exceptions->errorHandler(2, 'Undefined array key "JK"', 'APPPATH\\Views\\layout.php', 149)
 2 SYSTEMPATH\View\View.php(213): include('APPPATH\\Views\\layout.php')
 3 SYSTEMPATH\View\View.php(216): CodeIgniter\View\View->CodeIgniter\View\{closure}()
 4 SYSTEMPATH\View\View.php(229): CodeIgniter\View\View->render('layout', [], true)
 5 SYSTEMPATH\Common.php(1135): CodeIgniter\View\View->render('web/supplier', [], true)
 6 APPPATH\Controllers\web\Supplier.php(26): view('web/supplier', [...])
 7 SYSTEMPATH\CodeIgniter.php(925): App\Controllers\Web\Supplier->index()
 8 SYSTEMPATH\CodeIgniter.php(480): CodeIgniter\CodeIgniter->runController(Object(App\Controllers\Web\Supplier))
 9 SYSTEMPATH\CodeIgniter.php(349): CodeIgniter\CodeIgniter->handleRequest(null, Object(Config\Cache), false)
10 FCPATH\index.php(67): CodeIgniter\CodeIgniter->run()
11 SYSTEMPATH\Commands\Server\rewrite.php(47): require_once('FCPATH\\index.php')
CRITICAL - 2023-08-12 10:12:08 --> Undefined variable $data
in APPPATH\Controllers\web\Penjualan.php on line 12.
 1 APPPATH\Controllers\web\Penjualan.php(12): CodeIgniter\Debug\Exceptions->errorHandler(2, 'Undefined variable $data', 'APPPATH\\Controllers\\web\\Penjualan.php', 12)
 2 SYSTEMPATH\CodeIgniter.php(925): App\Controllers\Web\Penjualan->index()
 3 SYSTEMPATH\CodeIgniter.php(480): CodeIgniter\CodeIgniter->runController(Object(App\Controllers\Web\Penjualan))
 4 SYSTEMPATH\CodeIgniter.php(349): CodeIgniter\CodeIgniter->handleRequest(null, Object(Config\Cache), false)
 5 FCPATH\index.php(67): CodeIgniter\CodeIgniter->run()
 6 SYSTEMPATH\Commands\Server\rewrite.php(47): require_once('FCPATH\\index.php')
CRITICAL - 2023-08-12 10:13:32 --> Undefined variable $judul
in APPPATH\Views\layout_konten.php on line 30.
 1 APPPATH\Views\layout_konten.php(30): CodeIgniter\Debug\Exceptions->errorHandler(2, 'Undefined variable $judul', 'APPPATH\\Views\\layout_konten.php', 30)
 2 SYSTEMPATH\View\View.php(213): include('APPPATH\\Views\\layout_konten.php')
 3 SYSTEMPATH\View\View.php(216): CodeIgniter\View\View->CodeIgniter\View\{closure}()
 4 SYSTEMPATH\View\View.php(229): CodeIgniter\View\View->render('layout_konten', [], true)
 5 SYSTEMPATH\Common.php(1135): CodeIgniter\View\View->render('web/pembelian', [], true)
 6 APPPATH\Controllers\web\Pembelian.php(13): view('web/pembelian')
 7 SYSTEMPATH\CodeIgniter.php(925): App\Controllers\Web\Pembelian->index()
 8 SYSTEMPATH\CodeIgniter.php(480): CodeIgniter\CodeIgniter->runController(Object(App\Controllers\Web\Pembelian))
 9 SYSTEMPATH\CodeIgniter.php(349): CodeIgniter\CodeIgniter->handleRequest(null, Object(Config\Cache), false)
10 FCPATH\index.php(67): CodeIgniter\CodeIgniter->run()
11 SYSTEMPATH\Commands\Server\rewrite.php(47): require_once('FCPATH\\index.php')
CRITICAL - 2023-08-12 10:26:37 --> Invalid file: layout.php
in SYSTEMPATH\Exceptions\FrameworkException.php on line 33.
 1 SYSTEMPATH\View\View.php(201): CodeIgniter\Exceptions\FrameworkException::forInvalidFile('layout.php')
 2 SYSTEMPATH\View\View.php(229): CodeIgniter\View\View->render('layout', [], true)
 3 SYSTEMPATH\Common.php(1135): CodeIgniter\View\View->render('web/kategori', [], true)
 4 APPPATH\Controllers\web\Kategori.php(26): view('web/kategori', [...])
 5 SYSTEMPATH\CodeIgniter.php(925): App\Controllers\Web\Kategori->index()
 6 SYSTEMPATH\CodeIgniter.php(480): CodeIgniter\CodeIgniter->runController(Object(App\Controllers\Web\Kategori))
 7 SYSTEMPATH\CodeIgniter.php(349): CodeIgniter\CodeIgniter->handleRequest(null, Object(Config\Cache), false)
 8 FCPATH\index.php(67): CodeIgniter\CodeIgniter->run()
 9 SYSTEMPATH\Commands\Server\rewrite.php(47): require_once('FCPATH\\index.php')
CRITICAL - 2023-08-12 10:27:18 --> Invalid file: layout.php
in SYSTEMPATH\Exceptions\FrameworkException.php on line 33.
 1 SYSTEMPATH\View\View.php(201): CodeIgniter\Exceptions\FrameworkException::forInvalidFile('layout.php')
 2 SYSTEMPATH\View\View.php(229): CodeIgniter\View\View->render('layout', [], true)
 3 SYSTEMPATH\Common.php(1135): CodeIgniter\View\View->render('web/kategori', [], true)
 4 APPPATH\Controllers\web\Kategori.php(26): view('web/kategori', [...])
 5 SYSTEMPATH\CodeIgniter.php(925): App\Controllers\Web\Kategori->index()
 6 SYSTEMPATH\CodeIgniter.php(480): CodeIgniter\CodeIgniter->runController(Object(App\Controllers\Web\Kategori))
 7 SYSTEMPATH\CodeIgniter.php(349): CodeIgniter\CodeIgniter->handleRequest(null, Object(Config\Cache), false)
 8 FCPATH\index.php(67): CodeIgniter\CodeIgniter->run()
 9 SYSTEMPATH\Commands\Server\rewrite.php(47): require_once('FCPATH\\index.php')
CRITICAL - 2023-08-12 22:09:45 --> Undefined variable $header
in APPPATH\Views\web\penjualan.php on line 9.
 1 APPPATH\Views\web\penjualan.php(9): CodeIgniter\Debug\Exceptions->errorHandler(2, 'Undefined variable $header', 'APPPATH\\Views\\web\\penjualan.php', 9)
 2 SYSTEMPATH\View\View.php(213): include('APPPATH\\Views\\web\\penjualan.php')
 3 SYSTEMPATH\View\View.php(216): CodeIgniter\View\View->CodeIgniter\View\{closure}()
 4 SYSTEMPATH\Common.php(1135): CodeIgniter\View\View->render('web/penjualan', [], true)
 5 APPPATH\Controllers\web\Penjualan.php(13): view('web/penjualan', [...])
 6 SYSTEMPATH\CodeIgniter.php(925): App\Controllers\Web\Penjualan->index()
 7 SYSTEMPATH\CodeIgniter.php(480): CodeIgniter\CodeIgniter->runController(Object(App\Controllers\Web\Penjualan))
 8 SYSTEMPATH\CodeIgniter.php(349): CodeIgniter\CodeIgniter->handleRequest(null, Object(Config\Cache), false)
 9 FCPATH\index.php(67): CodeIgniter\CodeIgniter->run()
10 SYSTEMPATH\Commands\Server\rewrite.php(47): require_once('FCPATH\\index.php')
CRITICAL - 2023-08-12 22:10:06 --> Undefined variable $header
in APPPATH\Views\web\penjualan.php on line 9.
 1 APPPATH\Views\web\penjualan.php(9): CodeIgniter\Debug\Exceptions->errorHandler(2, 'Undefined variable $header', 'APPPATH\\Views\\web\\penjualan.php', 9)
 2 SYSTEMPATH\View\View.php(213): include('APPPATH\\Views\\web\\penjualan.php')
 3 SYSTEMPATH\View\View.php(216): CodeIgniter\View\View->CodeIgniter\View\{closure}()
 4 SYSTEMPATH\Common.php(1135): CodeIgniter\View\View->render('web/penjualan', [], true)
 5 APPPATH\Controllers\web\Penjualan.php(13): view('web/penjualan', [...])
 6 SYSTEMPATH\CodeIgniter.php(925): App\Controllers\Web\Penjualan->index()
 7 SYSTEMPATH\CodeIgniter.php(480): CodeIgniter\CodeIgniter->runController(Object(App\Controllers\Web\Penjualan))
 8 SYSTEMPATH\CodeIgniter.php(349): CodeIgniter\CodeIgniter->handleRequest(null, Object(Config\Cache), false)
 9 FCPATH\index.php(67): CodeIgniter\CodeIgniter->run()
10 SYSTEMPATH\Commands\Server\rewrite.php(47): require_once('FCPATH\\index.php')
CRITICAL - 2023-08-12 22:10:44 --> Could not check compatibility between App\Controllers\Web\Penjualan::initController(App\Controllers\Web\RequestInterface $request, App\Controllers\Web\ResponseInterface $response, App\Controllers\Web\LoggerInterface $log) and App\Controllers\BaseController::initController(CodeIgniter\HTTP\RequestInterface $request, CodeIgniter\HTTP\ResponseInterface $response, Psr\Log\LoggerInterface $logger), because class App\Controllers\Web\RequestInterface is not available
in APPPATH\Controllers\web\Penjualan.php on line 9.
 1 [internal function]: CodeIgniter\Debug\Exceptions->shutdownHandler()
CRITICAL - 2023-08-12 22:36:03 --> Undefined variable $s
in APPPATH\Views\web\penjualan.php on line 10.
 1 APPPATH\Views\web\penjualan.php(10): CodeIgniter\Debug\Exceptions->errorHandler(2, 'Undefined variable $s', 'APPPATH\\Views\\web\\penjualan.php', 10)
 2 SYSTEMPATH\View\View.php(213): include('APPPATH\\Views\\web\\penjualan.php')
 3 SYSTEMPATH\View\View.php(216): CodeIgniter\View\View->CodeIgniter\View\{closure}()
 4 SYSTEMPATH\Common.php(1135): CodeIgniter\View\View->render('web/penjualan', [], true)
 5 APPPATH\Controllers\web\Penjualan.php(26): view('web/penjualan', [...])
 6 SYSTEMPATH\CodeIgniter.php(925): App\Controllers\Web\Penjualan->index()
 7 SYSTEMPATH\CodeIgniter.php(480): CodeIgniter\CodeIgniter->runController(Object(App\Controllers\Web\Penjualan))
 8 SYSTEMPATH\CodeIgniter.php(349): CodeIgniter\CodeIgniter->handleRequest(null, Object(Config\Cache), false)
 9 FCPATH\index.php(67): CodeIgniter\CodeIgniter->run()
10 SYSTEMPATH\Commands\Server\rewrite.php(47): require_once('FCPATH\\index.php')
CRITICAL - 2023-08-12 22:36:29 --> Undefined variable $harga_jual
in APPPATH\Views\web\penjualan.php on line 10.
 1 APPPATH\Views\web\penjualan.php(10): CodeIgniter\Debug\Exceptions->errorHandler(2, 'Undefined variable $harga_jual', 'APPPATH\\Views\\web\\penjualan.php', 10)
 2 SYSTEMPATH\View\View.php(213): include('APPPATH\\Views\\web\\penjualan.php')
 3 SYSTEMPATH\View\View.php(216): CodeIgniter\View\View->CodeIgniter\View\{closure}()
 4 SYSTEMPATH\Common.php(1135): CodeIgniter\View\View->render('web/penjualan', [], true)
 5 APPPATH\Controllers\web\Penjualan.php(26): view('web/penjualan', [...])
 6 SYSTEMPATH\CodeIgniter.php(925): App\Controllers\Web\Penjualan->index()
 7 SYSTEMPATH\CodeIgniter.php(480): CodeIgniter\CodeIgniter->runController(Object(App\Controllers\Web\Penjualan))
 8 SYSTEMPATH\CodeIgniter.php(349): CodeIgniter\CodeIgniter->handleRequest(null, Object(Config\Cache), false)
 9 FCPATH\index.php(67): CodeIgniter\CodeIgniter->run()
10 SYSTEMPATH\Commands\Server\rewrite.php(47): require_once('FCPATH\\index.php')
CRITICAL - 2023-08-12 22:36:41 --> Undefined array key "harga_jual"
in APPPATH\Views\web\penjualan.php on line 10.
 1 APPPATH\Views\web\penjualan.php(10): CodeIgniter\Debug\Exceptions->errorHandler(2, 'Undefined array key "harga_jual"', 'APPPATH\\Views\\web\\penjualan.php', 10)
 2 SYSTEMPATH\View\View.php(213): include('APPPATH\\Views\\web\\penjualan.php')
 3 SYSTEMPATH\View\View.php(216): CodeIgniter\View\View->CodeIgniter\View\{closure}()
 4 SYSTEMPATH\Common.php(1135): CodeIgniter\View\View->render('web/penjualan', [], true)
 5 APPPATH\Controllers\web\Penjualan.php(26): view('web/penjualan', [...])
 6 SYSTEMPATH\CodeIgniter.php(925): App\Controllers\Web\Penjualan->index()
 7 SYSTEMPATH\CodeIgniter.php(480): CodeIgniter\CodeIgniter->runController(Object(App\Controllers\Web\Penjualan))
 8 SYSTEMPATH\CodeIgniter.php(349): CodeIgniter\CodeIgniter->handleRequest(null, Object(Config\Cache), false)
 9 FCPATH\index.php(67): CodeIgniter\CodeIgniter->run()
10 SYSTEMPATH\Commands\Server\rewrite.php(47): require_once('FCPATH\\index.php')
